<?xml version="1.0" encoding="UTF-8"?>
<!-- Generated by org.testng.reporters.JUnitXMLReporter -->
<testsuite ignored="0" hostname="NithyaLenova" failures="29" tests="29" name="TestChrome" time="73.876" errors="0" timestamp="2025-07-03T19:53:19 CDT">
  <testcase classname="io.cucumber.testng.AbstractTestNGCucumberTests" name="runScenario" time="0.154">
    <failure type="io.cucumber.core.runner.DuplicateStepDefinitionException" message="Duplicate step definitions in stepDefinitions.CommonHomePageFeatures_Step.user_checks_the_terms_conditions_box_after_filling_all_fields_as_in_and(java.lang.String,java.lang.String) and stepDefinitions.Login_Step.user_checks_the_terms_conditions_box_after_filling_all_fields_as_in_and(java.lang.String,java.lang.String)">
      <![CDATA[io.cucumber.core.runner.DuplicateStepDefinitionException: Duplicate step definitions in stepDefinitions.CommonHomePageFeatures_Step.user_checks_the_terms_conditions_box_after_filling_all_fields_as_in_and(java.lang.String,java.lang.String) and stepDefinitions.Login_Step.user_checks_the_terms_conditions_box_after_filling_all_fields_as_in_and(java.lang.String,java.lang.String)
at io.cucumber.core.runner.CachingGlue.lambda$prepareGlue$3(CachingGlue.java:313)
at java.base/java.util.ArrayList.forEach(ArrayList.java:1511)
at io.cucumber.core.runner.CachingGlue.prepareGlue(CachingGlue.java:307)
at io.cucumber.core.runner.Runner.runPickle(Runner.java:73)
at io.cucumber.testng.TestNGCucumberRunner.lambda$runScenario$1(TestNGCucumberRunner.java:135)
at io.cucumber.core.runtime.CucumberExecutionContext.lambda$runTestCase$5(CucumberExecutionContext.java:136)
at io.cucumber.core.runtime.RethrowingThrowableCollector.executeAndThrow(RethrowingThrowableCollector.java:23)
at io.cucumber.core.runtime.CucumberExecutionContext.runTestCase(CucumberExecutionContext.java:136)
at io.cucumber.testng.TestNGCucumberRunner.runScenario(TestNGCucumberRunner.java:132)
at io.cucumber.testng.AbstractTestNGCucumberTests.runScenario(AbstractTestNGCucumberTests.java:35)
at java.base/java.util.ArrayList.forEach(ArrayList.java:1511)
... Removed 31 stack frames]]>
    </failure>
  </testcase> <!-- runScenario -->
  <testcase classname="io.cucumber.testng.AbstractTestNGCucumberTests" name="runScenario" time="3.978">
    <failure type="io.cucumber.testng.UndefinedStepException" message="The step &amp;apos;User is on login page&amp;apos; and 1 other step(s) are undefined.
You can implement these steps using the snippet(s) below:

@Given(&amp;quot;User is on login page&amp;quot;)
public void user_is_on_login_page() {
    // Write code here that turns the phrase above into concrete actions
    throw new io.cucumber.java.PendingException();
}
@When(&amp;quot;Registered user clicks sign in after entering password&amp;quot;)
public void registered_user_clicks_sign_in_after_entering_password() {
    // Write code here that turns the phrase above into concrete actions
    throw new io.cucumber.java.PendingException();
}
">
      <![CDATA[io.cucumber.testng.UndefinedStepException: The step 'User is on login page' and 1 other step(s) are undefined.
You can implement these steps using the snippet(s) below:

@Given("User is on login page")
public void user_is_on_login_page() {
    // Write code here that turns the phrase above into concrete actions
    throw new io.cucumber.java.PendingException();
}
@When("Registered user clicks sign in after entering password")
public void registered_user_clicks_sign_in_after_entering_password() {
    // Write code here that turns the phrase above into concrete actions
    throw new io.cucumber.java.PendingException();
}

at ✽.User is on login page(file:///C:/Users/nithi/EclipseWorkspace2024/Team01_Sweet-Debugger/src/test/resources/features/FreeDashboard.feature:6)
]]>
    </failure>
  </testcase> <!-- runScenario -->
  <testcase classname="io.cucumber.testng.AbstractTestNGCucumberTests" name="runScenario" time="2.322">
    <failure type="io.cucumber.testng.UndefinedStepException" message="The step &amp;apos;User is on login page&amp;apos; and 1 other step(s) are undefined.
You can implement these steps using the snippet(s) below:

@Given(&amp;quot;User is on login page&amp;quot;)
public void user_is_on_login_page() {
    // Write code here that turns the phrase above into concrete actions
    throw new io.cucumber.java.PendingException();
}
@When(&amp;quot;Registered user clicks sign in after entering password&amp;quot;)
public void registered_user_clicks_sign_in_after_entering_password() {
    // Write code here that turns the phrase above into concrete actions
    throw new io.cucumber.java.PendingException();
}
">
      <![CDATA[io.cucumber.testng.UndefinedStepException: The step 'User is on login page' and 1 other step(s) are undefined.
You can implement these steps using the snippet(s) below:

@Given("User is on login page")
public void user_is_on_login_page() {
    // Write code here that turns the phrase above into concrete actions
    throw new io.cucumber.java.PendingException();
}
@When("Registered user clicks sign in after entering password")
public void registered_user_clicks_sign_in_after_entering_password() {
    // Write code here that turns the phrase above into concrete actions
    throw new io.cucumber.java.PendingException();
}

at ✽.User is on login page(file:///C:/Users/nithi/EclipseWorkspace2024/Team01_Sweet-Debugger/src/test/resources/features/FreeDashboard.feature:6)
]]>
    </failure>
  </testcase> <!-- runScenario -->
  <testcase classname="io.cucumber.testng.AbstractTestNGCucumberTests" name="runScenario" time="2.311">
    <failure type="io.cucumber.testng.UndefinedStepException" message="The step &amp;apos;User is on login page&amp;apos; and 1 other step(s) are undefined.
You can implement these steps using the snippet(s) below:

@Given(&amp;quot;User is on login page&amp;quot;)
public void user_is_on_login_page() {
    // Write code here that turns the phrase above into concrete actions
    throw new io.cucumber.java.PendingException();
}
@When(&amp;quot;Registered user clicks sign in after entering password&amp;quot;)
public void registered_user_clicks_sign_in_after_entering_password() {
    // Write code here that turns the phrase above into concrete actions
    throw new io.cucumber.java.PendingException();
}
">
      <![CDATA[io.cucumber.testng.UndefinedStepException: The step 'User is on login page' and 1 other step(s) are undefined.
You can implement these steps using the snippet(s) below:

@Given("User is on login page")
public void user_is_on_login_page() {
    // Write code here that turns the phrase above into concrete actions
    throw new io.cucumber.java.PendingException();
}
@When("Registered user clicks sign in after entering password")
public void registered_user_clicks_sign_in_after_entering_password() {
    // Write code here that turns the phrase above into concrete actions
    throw new io.cucumber.java.PendingException();
}

at ✽.User is on login page(file:///C:/Users/nithi/EclipseWorkspace2024/Team01_Sweet-Debugger/src/test/resources/features/FreeDashboard.feature:6)
]]>
    </failure>
  </testcase> <!-- runScenario -->
  <testcase classname="io.cucumber.testng.AbstractTestNGCucumberTests" name="runScenario" time="2.344">
    <failure type="io.cucumber.testng.UndefinedStepException" message="The step &amp;apos;User is on login page&amp;apos; and 1 other step(s) are undefined.
You can implement these steps using the snippet(s) below:

@Given(&amp;quot;User is on login page&amp;quot;)
public void user_is_on_login_page() {
    // Write code here that turns the phrase above into concrete actions
    throw new io.cucumber.java.PendingException();
}
@When(&amp;quot;Registered user clicks sign in after entering password&amp;quot;)
public void registered_user_clicks_sign_in_after_entering_password() {
    // Write code here that turns the phrase above into concrete actions
    throw new io.cucumber.java.PendingException();
}
">
      <![CDATA[io.cucumber.testng.UndefinedStepException: The step 'User is on login page' and 1 other step(s) are undefined.
You can implement these steps using the snippet(s) below:

@Given("User is on login page")
public void user_is_on_login_page() {
    // Write code here that turns the phrase above into concrete actions
    throw new io.cucumber.java.PendingException();
}
@When("Registered user clicks sign in after entering password")
public void registered_user_clicks_sign_in_after_entering_password() {
    // Write code here that turns the phrase above into concrete actions
    throw new io.cucumber.java.PendingException();
}

at ✽.User is on login page(file:///C:/Users/nithi/EclipseWorkspace2024/Team01_Sweet-Debugger/src/test/resources/features/FreeDashboard.feature:6)
]]>
    </failure>
  </testcase> <!-- runScenario -->
  <testcase classname="io.cucumber.testng.AbstractTestNGCucumberTests" name="runScenario" time="2.18">
    <failure type="io.cucumber.testng.UndefinedStepException" message="The step &amp;apos;User is on login page&amp;apos; and 1 other step(s) are undefined.
You can implement these steps using the snippet(s) below:

@Given(&amp;quot;User is on login page&amp;quot;)
public void user_is_on_login_page() {
    // Write code here that turns the phrase above into concrete actions
    throw new io.cucumber.java.PendingException();
}
@When(&amp;quot;Registered user clicks sign in after entering password&amp;quot;)
public void registered_user_clicks_sign_in_after_entering_password() {
    // Write code here that turns the phrase above into concrete actions
    throw new io.cucumber.java.PendingException();
}
">
      <![CDATA[io.cucumber.testng.UndefinedStepException: The step 'User is on login page' and 1 other step(s) are undefined.
You can implement these steps using the snippet(s) below:

@Given("User is on login page")
public void user_is_on_login_page() {
    // Write code here that turns the phrase above into concrete actions
    throw new io.cucumber.java.PendingException();
}
@When("Registered user clicks sign in after entering password")
public void registered_user_clicks_sign_in_after_entering_password() {
    // Write code here that turns the phrase above into concrete actions
    throw new io.cucumber.java.PendingException();
}

at ✽.User is on login page(file:///C:/Users/nithi/EclipseWorkspace2024/Team01_Sweet-Debugger/src/test/resources/features/FreeDashboard.feature:6)
]]>
    </failure>
  </testcase> <!-- runScenario -->
  <testcase classname="io.cucumber.testng.AbstractTestNGCucumberTests" name="runScenario" time="1.537">
    <failure type="io.cucumber.testng.UndefinedStepException" message="The step &amp;apos;User is on login page&amp;apos; and 1 other step(s) are undefined.
You can implement these steps using the snippet(s) below:

@Given(&amp;quot;User is on login page&amp;quot;)
public void user_is_on_login_page() {
    // Write code here that turns the phrase above into concrete actions
    throw new io.cucumber.java.PendingException();
}
@When(&amp;quot;Registered user clicks sign in after entering password&amp;quot;)
public void registered_user_clicks_sign_in_after_entering_password() {
    // Write code here that turns the phrase above into concrete actions
    throw new io.cucumber.java.PendingException();
}
">
      <![CDATA[io.cucumber.testng.UndefinedStepException: The step 'User is on login page' and 1 other step(s) are undefined.
You can implement these steps using the snippet(s) below:

@Given("User is on login page")
public void user_is_on_login_page() {
    // Write code here that turns the phrase above into concrete actions
    throw new io.cucumber.java.PendingException();
}
@When("Registered user clicks sign in after entering password")
public void registered_user_clicks_sign_in_after_entering_password() {
    // Write code here that turns the phrase above into concrete actions
    throw new io.cucumber.java.PendingException();
}

at ✽.User is on login page(file:///C:/Users/nithi/EclipseWorkspace2024/Team01_Sweet-Debugger/src/test/resources/features/FreeDashboard.feature:6)
]]>
    </failure>
  </testcase> <!-- runScenario -->
  <testcase classname="io.cucumber.testng.AbstractTestNGCucumberTests" name="runScenario" time="1.569">
    <failure type="io.cucumber.testng.UndefinedStepException" message="The step &amp;apos;User is on login page&amp;apos; and 1 other step(s) are undefined.
You can implement these steps using the snippet(s) below:

@Given(&amp;quot;User is on login page&amp;quot;)
public void user_is_on_login_page() {
    // Write code here that turns the phrase above into concrete actions
    throw new io.cucumber.java.PendingException();
}
@When(&amp;quot;Registered user clicks sign in after entering password&amp;quot;)
public void registered_user_clicks_sign_in_after_entering_password() {
    // Write code here that turns the phrase above into concrete actions
    throw new io.cucumber.java.PendingException();
}
">
      <![CDATA[io.cucumber.testng.UndefinedStepException: The step 'User is on login page' and 1 other step(s) are undefined.
You can implement these steps using the snippet(s) below:

@Given("User is on login page")
public void user_is_on_login_page() {
    // Write code here that turns the phrase above into concrete actions
    throw new io.cucumber.java.PendingException();
}
@When("Registered user clicks sign in after entering password")
public void registered_user_clicks_sign_in_after_entering_password() {
    // Write code here that turns the phrase above into concrete actions
    throw new io.cucumber.java.PendingException();
}

at ✽.User is on login page(file:///C:/Users/nithi/EclipseWorkspace2024/Team01_Sweet-Debugger/src/test/resources/features/FreeDashboard.feature:6)
]]>
    </failure>
  </testcase> <!-- runScenario -->
  <testcase classname="io.cucumber.testng.AbstractTestNGCucumberTests" name="runScenario" time="2.276">
    <failure type="io.cucumber.testng.UndefinedStepException" message="The step &amp;apos;User is on login page&amp;apos; and 1 other step(s) are undefined.
You can implement these steps using the snippet(s) below:

@Given(&amp;quot;User is on login page&amp;quot;)
public void user_is_on_login_page() {
    // Write code here that turns the phrase above into concrete actions
    throw new io.cucumber.java.PendingException();
}
@When(&amp;quot;Registered user clicks sign in after entering password&amp;quot;)
public void registered_user_clicks_sign_in_after_entering_password() {
    // Write code here that turns the phrase above into concrete actions
    throw new io.cucumber.java.PendingException();
}
">
      <![CDATA[io.cucumber.testng.UndefinedStepException: The step 'User is on login page' and 1 other step(s) are undefined.
You can implement these steps using the snippet(s) below:

@Given("User is on login page")
public void user_is_on_login_page() {
    // Write code here that turns the phrase above into concrete actions
    throw new io.cucumber.java.PendingException();
}
@When("Registered user clicks sign in after entering password")
public void registered_user_clicks_sign_in_after_entering_password() {
    // Write code here that turns the phrase above into concrete actions
    throw new io.cucumber.java.PendingException();
}

at ✽.User is on login page(file:///C:/Users/nithi/EclipseWorkspace2024/Team01_Sweet-Debugger/src/test/resources/features/FreeDashboard.feature:6)
]]>
    </failure>
  </testcase> <!-- runScenario -->
  <testcase classname="io.cucumber.testng.AbstractTestNGCucumberTests" name="runScenario" time="2.631">
    <failure type="io.cucumber.testng.UndefinedStepException" message="The step &amp;apos;User is on login page&amp;apos; and 1 other step(s) are undefined.
You can implement these steps using the snippet(s) below:

@Given(&amp;quot;User is on login page&amp;quot;)
public void user_is_on_login_page() {
    // Write code here that turns the phrase above into concrete actions
    throw new io.cucumber.java.PendingException();
}
@When(&amp;quot;Registered user clicks sign in after entering password&amp;quot;)
public void registered_user_clicks_sign_in_after_entering_password() {
    // Write code here that turns the phrase above into concrete actions
    throw new io.cucumber.java.PendingException();
}
">
      <![CDATA[io.cucumber.testng.UndefinedStepException: The step 'User is on login page' and 1 other step(s) are undefined.
You can implement these steps using the snippet(s) below:

@Given("User is on login page")
public void user_is_on_login_page() {
    // Write code here that turns the phrase above into concrete actions
    throw new io.cucumber.java.PendingException();
}
@When("Registered user clicks sign in after entering password")
public void registered_user_clicks_sign_in_after_entering_password() {
    // Write code here that turns the phrase above into concrete actions
    throw new io.cucumber.java.PendingException();
}

at ✽.User is on login page(file:///C:/Users/nithi/EclipseWorkspace2024/Team01_Sweet-Debugger/src/test/resources/features/FreeDashboard.feature:6)
]]>
    </failure>
  </testcase> <!-- runScenario -->
  <testcase classname="io.cucumber.testng.AbstractTestNGCucumberTests" name="runScenario" time="2.305">
    <failure type="io.cucumber.testng.UndefinedStepException" message="The step &amp;apos;User is on login page&amp;apos; and 1 other step(s) are undefined.
You can implement these steps using the snippet(s) below:

@Given(&amp;quot;User is on login page&amp;quot;)
public void user_is_on_login_page() {
    // Write code here that turns the phrase above into concrete actions
    throw new io.cucumber.java.PendingException();
}
@When(&amp;quot;Registered user clicks sign in after entering password&amp;quot;)
public void registered_user_clicks_sign_in_after_entering_password() {
    // Write code here that turns the phrase above into concrete actions
    throw new io.cucumber.java.PendingException();
}
">
      <![CDATA[io.cucumber.testng.UndefinedStepException: The step 'User is on login page' and 1 other step(s) are undefined.
You can implement these steps using the snippet(s) below:

@Given("User is on login page")
public void user_is_on_login_page() {
    // Write code here that turns the phrase above into concrete actions
    throw new io.cucumber.java.PendingException();
}
@When("Registered user clicks sign in after entering password")
public void registered_user_clicks_sign_in_after_entering_password() {
    // Write code here that turns the phrase above into concrete actions
    throw new io.cucumber.java.PendingException();
}

at ✽.User is on login page(file:///C:/Users/nithi/EclipseWorkspace2024/Team01_Sweet-Debugger/src/test/resources/features/FreeDashboard.feature:6)
]]>
    </failure>
  </testcase> <!-- runScenario -->
  <testcase classname="io.cucumber.testng.AbstractTestNGCucumberTests" name="runScenario" time="2.378">
    <failure type="io.cucumber.testng.UndefinedStepException" message="The step &amp;apos;User is on login page&amp;apos; and 1 other step(s) are undefined.
You can implement these steps using the snippet(s) below:

@Given(&amp;quot;User is on login page&amp;quot;)
public void user_is_on_login_page() {
    // Write code here that turns the phrase above into concrete actions
    throw new io.cucumber.java.PendingException();
}
@When(&amp;quot;Registered user clicks sign in after entering password&amp;quot;)
public void registered_user_clicks_sign_in_after_entering_password() {
    // Write code here that turns the phrase above into concrete actions
    throw new io.cucumber.java.PendingException();
}
">
      <![CDATA[io.cucumber.testng.UndefinedStepException: The step 'User is on login page' and 1 other step(s) are undefined.
You can implement these steps using the snippet(s) below:

@Given("User is on login page")
public void user_is_on_login_page() {
    // Write code here that turns the phrase above into concrete actions
    throw new io.cucumber.java.PendingException();
}
@When("Registered user clicks sign in after entering password")
public void registered_user_clicks_sign_in_after_entering_password() {
    // Write code here that turns the phrase above into concrete actions
    throw new io.cucumber.java.PendingException();
}

at ✽.User is on login page(file:///C:/Users/nithi/EclipseWorkspace2024/Team01_Sweet-Debugger/src/test/resources/features/FreeDashboard.feature:6)
]]>
    </failure>
  </testcase> <!-- runScenario -->
  <testcase classname="io.cucumber.testng.AbstractTestNGCucumberTests" name="runScenario" time="2.108">
    <failure type="io.cucumber.testng.UndefinedStepException" message="The step &amp;apos;User is on login page&amp;apos; and 1 other step(s) are undefined.
You can implement these steps using the snippet(s) below:

@Given(&amp;quot;User is on login page&amp;quot;)
public void user_is_on_login_page() {
    // Write code here that turns the phrase above into concrete actions
    throw new io.cucumber.java.PendingException();
}
@When(&amp;quot;Registered user clicks sign in after entering password&amp;quot;)
public void registered_user_clicks_sign_in_after_entering_password() {
    // Write code here that turns the phrase above into concrete actions
    throw new io.cucumber.java.PendingException();
}
">
      <![CDATA[io.cucumber.testng.UndefinedStepException: The step 'User is on login page' and 1 other step(s) are undefined.
You can implement these steps using the snippet(s) below:

@Given("User is on login page")
public void user_is_on_login_page() {
    // Write code here that turns the phrase above into concrete actions
    throw new io.cucumber.java.PendingException();
}
@When("Registered user clicks sign in after entering password")
public void registered_user_clicks_sign_in_after_entering_password() {
    // Write code here that turns the phrase above into concrete actions
    throw new io.cucumber.java.PendingException();
}

at ✽.User is on login page(file:///C:/Users/nithi/EclipseWorkspace2024/Team01_Sweet-Debugger/src/test/resources/features/FreeDashboard.feature:6)
]]>
    </failure>
  </testcase> <!-- runScenario -->
  <testcase classname="io.cucumber.testng.AbstractTestNGCucumberTests" name="runScenario" time="2.377">
    <failure type="io.cucumber.testng.UndefinedStepException" message="The step &amp;apos;User is on login page&amp;apos; and 1 other step(s) are undefined.
You can implement these steps using the snippet(s) below:

@Given(&amp;quot;User is on login page&amp;quot;)
public void user_is_on_login_page() {
    // Write code here that turns the phrase above into concrete actions
    throw new io.cucumber.java.PendingException();
}
@When(&amp;quot;Registered user clicks sign in after entering password&amp;quot;)
public void registered_user_clicks_sign_in_after_entering_password() {
    // Write code here that turns the phrase above into concrete actions
    throw new io.cucumber.java.PendingException();
}
">
      <![CDATA[io.cucumber.testng.UndefinedStepException: The step 'User is on login page' and 1 other step(s) are undefined.
You can implement these steps using the snippet(s) below:

@Given("User is on login page")
public void user_is_on_login_page() {
    // Write code here that turns the phrase above into concrete actions
    throw new io.cucumber.java.PendingException();
}
@When("Registered user clicks sign in after entering password")
public void registered_user_clicks_sign_in_after_entering_password() {
    // Write code here that turns the phrase above into concrete actions
    throw new io.cucumber.java.PendingException();
}

at ✽.User is on login page(file:///C:/Users/nithi/EclipseWorkspace2024/Team01_Sweet-Debugger/src/test/resources/features/FreeDashboard.feature:6)
]]>
    </failure>
  </testcase> <!-- runScenario -->
  <testcase classname="io.cucumber.testng.AbstractTestNGCucumberTests" name="runScenario" time="2.171">
    <failure type="io.cucumber.testng.UndefinedStepException" message="The step &amp;apos;User is on login page&amp;apos; and 1 other step(s) are undefined.
You can implement these steps using the snippet(s) below:

@Given(&amp;quot;User is on login page&amp;quot;)
public void user_is_on_login_page() {
    // Write code here that turns the phrase above into concrete actions
    throw new io.cucumber.java.PendingException();
}
@When(&amp;quot;Registered user clicks sign in after entering password&amp;quot;)
public void registered_user_clicks_sign_in_after_entering_password() {
    // Write code here that turns the phrase above into concrete actions
    throw new io.cucumber.java.PendingException();
}
">
      <![CDATA[io.cucumber.testng.UndefinedStepException: The step 'User is on login page' and 1 other step(s) are undefined.
You can implement these steps using the snippet(s) below:

@Given("User is on login page")
public void user_is_on_login_page() {
    // Write code here that turns the phrase above into concrete actions
    throw new io.cucumber.java.PendingException();
}
@When("Registered user clicks sign in after entering password")
public void registered_user_clicks_sign_in_after_entering_password() {
    // Write code here that turns the phrase above into concrete actions
    throw new io.cucumber.java.PendingException();
}

at ✽.User is on login page(file:///C:/Users/nithi/EclipseWorkspace2024/Team01_Sweet-Debugger/src/test/resources/features/FreeDashboard.feature:6)
]]>
    </failure>
  </testcase> <!-- runScenario -->
  <testcase classname="io.cucumber.testng.AbstractTestNGCucumberTests" name="runScenario" time="2.297">
    <failure type="io.cucumber.testng.UndefinedStepException" message="The step &amp;apos;User is on login page&amp;apos; and 1 other step(s) are undefined.
You can implement these steps using the snippet(s) below:

@Given(&amp;quot;User is on login page&amp;quot;)
public void user_is_on_login_page() {
    // Write code here that turns the phrase above into concrete actions
    throw new io.cucumber.java.PendingException();
}
@When(&amp;quot;Registered user clicks sign in after entering password&amp;quot;)
public void registered_user_clicks_sign_in_after_entering_password() {
    // Write code here that turns the phrase above into concrete actions
    throw new io.cucumber.java.PendingException();
}
">
      <![CDATA[io.cucumber.testng.UndefinedStepException: The step 'User is on login page' and 1 other step(s) are undefined.
You can implement these steps using the snippet(s) below:

@Given("User is on login page")
public void user_is_on_login_page() {
    // Write code here that turns the phrase above into concrete actions
    throw new io.cucumber.java.PendingException();
}
@When("Registered user clicks sign in after entering password")
public void registered_user_clicks_sign_in_after_entering_password() {
    // Write code here that turns the phrase above into concrete actions
    throw new io.cucumber.java.PendingException();
}

at ✽.User is on login page(file:///C:/Users/nithi/EclipseWorkspace2024/Team01_Sweet-Debugger/src/test/resources/features/FreeDashboard.feature:6)
]]>
    </failure>
  </testcase> <!-- runScenario -->
  <testcase classname="io.cucumber.testng.AbstractTestNGCucumberTests" name="runScenario" time="2.219">
    <failure type="io.cucumber.testng.UndefinedStepException" message="The step &amp;apos;User is on login page&amp;apos; and 1 other step(s) are undefined.
You can implement these steps using the snippet(s) below:

@Given(&amp;quot;User is on login page&amp;quot;)
public void user_is_on_login_page() {
    // Write code here that turns the phrase above into concrete actions
    throw new io.cucumber.java.PendingException();
}
@When(&amp;quot;Registered user clicks sign in after entering password&amp;quot;)
public void registered_user_clicks_sign_in_after_entering_password() {
    // Write code here that turns the phrase above into concrete actions
    throw new io.cucumber.java.PendingException();
}
">
      <![CDATA[io.cucumber.testng.UndefinedStepException: The step 'User is on login page' and 1 other step(s) are undefined.
You can implement these steps using the snippet(s) below:

@Given("User is on login page")
public void user_is_on_login_page() {
    // Write code here that turns the phrase above into concrete actions
    throw new io.cucumber.java.PendingException();
}
@When("Registered user clicks sign in after entering password")
public void registered_user_clicks_sign_in_after_entering_password() {
    // Write code here that turns the phrase above into concrete actions
    throw new io.cucumber.java.PendingException();
}

at ✽.User is on login page(file:///C:/Users/nithi/EclipseWorkspace2024/Team01_Sweet-Debugger/src/test/resources/features/FreeDashboard.feature:6)
]]>
    </failure>
  </testcase> <!-- runScenario -->
  <testcase classname="io.cucumber.testng.AbstractTestNGCucumberTests" name="runScenario" time="2.071">
    <failure type="io.cucumber.testng.UndefinedStepException" message="The step &amp;apos;User is on login page&amp;apos; and 1 other step(s) are undefined.
You can implement these steps using the snippet(s) below:

@Given(&amp;quot;User is on login page&amp;quot;)
public void user_is_on_login_page() {
    // Write code here that turns the phrase above into concrete actions
    throw new io.cucumber.java.PendingException();
}
@When(&amp;quot;Registered user clicks sign in after entering password&amp;quot;)
public void registered_user_clicks_sign_in_after_entering_password() {
    // Write code here that turns the phrase above into concrete actions
    throw new io.cucumber.java.PendingException();
}
">
      <![CDATA[io.cucumber.testng.UndefinedStepException: The step 'User is on login page' and 1 other step(s) are undefined.
You can implement these steps using the snippet(s) below:

@Given("User is on login page")
public void user_is_on_login_page() {
    // Write code here that turns the phrase above into concrete actions
    throw new io.cucumber.java.PendingException();
}
@When("Registered user clicks sign in after entering password")
public void registered_user_clicks_sign_in_after_entering_password() {
    // Write code here that turns the phrase above into concrete actions
    throw new io.cucumber.java.PendingException();
}

at ✽.User is on login page(file:///C:/Users/nithi/EclipseWorkspace2024/Team01_Sweet-Debugger/src/test/resources/features/FreeDashboard.feature:6)
]]>
    </failure>
  </testcase> <!-- runScenario -->
  <testcase classname="io.cucumber.testng.AbstractTestNGCucumberTests" name="runScenario" time="2.194">
    <failure type="io.cucumber.testng.UndefinedStepException" message="The step &amp;apos;User is on login page&amp;apos; and 1 other step(s) are undefined.
You can implement these steps using the snippet(s) below:

@Given(&amp;quot;User is on login page&amp;quot;)
public void user_is_on_login_page() {
    // Write code here that turns the phrase above into concrete actions
    throw new io.cucumber.java.PendingException();
}
@When(&amp;quot;Registered user clicks sign in after entering password&amp;quot;)
public void registered_user_clicks_sign_in_after_entering_password() {
    // Write code here that turns the phrase above into concrete actions
    throw new io.cucumber.java.PendingException();
}
">
      <![CDATA[io.cucumber.testng.UndefinedStepException: The step 'User is on login page' and 1 other step(s) are undefined.
You can implement these steps using the snippet(s) below:

@Given("User is on login page")
public void user_is_on_login_page() {
    // Write code here that turns the phrase above into concrete actions
    throw new io.cucumber.java.PendingException();
}
@When("Registered user clicks sign in after entering password")
public void registered_user_clicks_sign_in_after_entering_password() {
    // Write code here that turns the phrase above into concrete actions
    throw new io.cucumber.java.PendingException();
}

at ✽.User is on login page(file:///C:/Users/nithi/EclipseWorkspace2024/Team01_Sweet-Debugger/src/test/resources/features/FreeDashboard.feature:6)
]]>
    </failure>
  </testcase> <!-- runScenario -->
  <testcase classname="io.cucumber.testng.AbstractTestNGCucumberTests" name="runScenario" time="2.312">
    <failure type="io.cucumber.testng.UndefinedStepException" message="The step &amp;apos;User is on login page&amp;apos; and 1 other step(s) are undefined.
You can implement these steps using the snippet(s) below:

@Given(&amp;quot;User is on login page&amp;quot;)
public void user_is_on_login_page() {
    // Write code here that turns the phrase above into concrete actions
    throw new io.cucumber.java.PendingException();
}
@When(&amp;quot;Registered user clicks sign in after entering password&amp;quot;)
public void registered_user_clicks_sign_in_after_entering_password() {
    // Write code here that turns the phrase above into concrete actions
    throw new io.cucumber.java.PendingException();
}
">
      <![CDATA[io.cucumber.testng.UndefinedStepException: The step 'User is on login page' and 1 other step(s) are undefined.
You can implement these steps using the snippet(s) below:

@Given("User is on login page")
public void user_is_on_login_page() {
    // Write code here that turns the phrase above into concrete actions
    throw new io.cucumber.java.PendingException();
}
@When("Registered user clicks sign in after entering password")
public void registered_user_clicks_sign_in_after_entering_password() {
    // Write code here that turns the phrase above into concrete actions
    throw new io.cucumber.java.PendingException();
}

at ✽.User is on login page(file:///C:/Users/nithi/EclipseWorkspace2024/Team01_Sweet-Debugger/src/test/resources/features/FreeDashboard.feature:6)
]]>
    </failure>
  </testcase> <!-- runScenario -->
  <testcase classname="io.cucumber.testng.AbstractTestNGCucumberTests" name="runScenario" time="2.346">
    <failure type="io.cucumber.testng.UndefinedStepException" message="The step &amp;apos;User is on login page&amp;apos; and 1 other step(s) are undefined.
You can implement these steps using the snippet(s) below:

@Given(&amp;quot;User is on login page&amp;quot;)
public void user_is_on_login_page() {
    // Write code here that turns the phrase above into concrete actions
    throw new io.cucumber.java.PendingException();
}
@When(&amp;quot;Registered user clicks sign in after entering password&amp;quot;)
public void registered_user_clicks_sign_in_after_entering_password() {
    // Write code here that turns the phrase above into concrete actions
    throw new io.cucumber.java.PendingException();
}
">
      <![CDATA[io.cucumber.testng.UndefinedStepException: The step 'User is on login page' and 1 other step(s) are undefined.
You can implement these steps using the snippet(s) below:

@Given("User is on login page")
public void user_is_on_login_page() {
    // Write code here that turns the phrase above into concrete actions
    throw new io.cucumber.java.PendingException();
}
@When("Registered user clicks sign in after entering password")
public void registered_user_clicks_sign_in_after_entering_password() {
    // Write code here that turns the phrase above into concrete actions
    throw new io.cucumber.java.PendingException();
}

at ✽.User is on login page(file:///C:/Users/nithi/EclipseWorkspace2024/Team01_Sweet-Debugger/src/test/resources/features/FreeDashboard.feature:6)
]]>
    </failure>
  </testcase> <!-- runScenario -->
  <testcase classname="io.cucumber.testng.AbstractTestNGCucumberTests" name="runScenario" time="2.055">
    <failure type="io.cucumber.testng.UndefinedStepException" message="The step &amp;apos;User is on login page&amp;apos; and 1 other step(s) are undefined.
You can implement these steps using the snippet(s) below:

@Given(&amp;quot;User is on login page&amp;quot;)
public void user_is_on_login_page() {
    // Write code here that turns the phrase above into concrete actions
    throw new io.cucumber.java.PendingException();
}
@When(&amp;quot;Registered user clicks sign in after entering password&amp;quot;)
public void registered_user_clicks_sign_in_after_entering_password() {
    // Write code here that turns the phrase above into concrete actions
    throw new io.cucumber.java.PendingException();
}
">
      <![CDATA[io.cucumber.testng.UndefinedStepException: The step 'User is on login page' and 1 other step(s) are undefined.
You can implement these steps using the snippet(s) below:

@Given("User is on login page")
public void user_is_on_login_page() {
    // Write code here that turns the phrase above into concrete actions
    throw new io.cucumber.java.PendingException();
}
@When("Registered user clicks sign in after entering password")
public void registered_user_clicks_sign_in_after_entering_password() {
    // Write code here that turns the phrase above into concrete actions
    throw new io.cucumber.java.PendingException();
}

at ✽.User is on login page(file:///C:/Users/nithi/EclipseWorkspace2024/Team01_Sweet-Debugger/src/test/resources/features/FreeDashboard.feature:6)
]]>
    </failure>
  </testcase> <!-- runScenario -->
  <testcase classname="io.cucumber.testng.AbstractTestNGCucumberTests" name="runScenario" time="2.314">
    <failure type="io.cucumber.testng.UndefinedStepException" message="The step &amp;apos;User is on login page&amp;apos; and 1 other step(s) are undefined.
You can implement these steps using the snippet(s) below:

@Given(&amp;quot;User is on login page&amp;quot;)
public void user_is_on_login_page() {
    // Write code here that turns the phrase above into concrete actions
    throw new io.cucumber.java.PendingException();
}
@When(&amp;quot;Registered user clicks sign in after entering password&amp;quot;)
public void registered_user_clicks_sign_in_after_entering_password() {
    // Write code here that turns the phrase above into concrete actions
    throw new io.cucumber.java.PendingException();
}
">
      <![CDATA[io.cucumber.testng.UndefinedStepException: The step 'User is on login page' and 1 other step(s) are undefined.
You can implement these steps using the snippet(s) below:

@Given("User is on login page")
public void user_is_on_login_page() {
    // Write code here that turns the phrase above into concrete actions
    throw new io.cucumber.java.PendingException();
}
@When("Registered user clicks sign in after entering password")
public void registered_user_clicks_sign_in_after_entering_password() {
    // Write code here that turns the phrase above into concrete actions
    throw new io.cucumber.java.PendingException();
}

at ✽.User is on login page(file:///C:/Users/nithi/EclipseWorkspace2024/Team01_Sweet-Debugger/src/test/resources/features/FreeDashboard.feature:6)
]]>
    </failure>
  </testcase> <!-- runScenario -->
  <testcase classname="io.cucumber.testng.AbstractTestNGCucumberTests" name="runScenario" time="2.243">
    <failure type="io.cucumber.testng.UndefinedStepException" message="The step &amp;apos;User is on login page&amp;apos; and 1 other step(s) are undefined.
You can implement these steps using the snippet(s) below:

@Given(&amp;quot;User is on login page&amp;quot;)
public void user_is_on_login_page() {
    // Write code here that turns the phrase above into concrete actions
    throw new io.cucumber.java.PendingException();
}
@When(&amp;quot;Registered user clicks sign in after entering password&amp;quot;)
public void registered_user_clicks_sign_in_after_entering_password() {
    // Write code here that turns the phrase above into concrete actions
    throw new io.cucumber.java.PendingException();
}
">
      <![CDATA[io.cucumber.testng.UndefinedStepException: The step 'User is on login page' and 1 other step(s) are undefined.
You can implement these steps using the snippet(s) below:

@Given("User is on login page")
public void user_is_on_login_page() {
    // Write code here that turns the phrase above into concrete actions
    throw new io.cucumber.java.PendingException();
}
@When("Registered user clicks sign in after entering password")
public void registered_user_clicks_sign_in_after_entering_password() {
    // Write code here that turns the phrase above into concrete actions
    throw new io.cucumber.java.PendingException();
}

at ✽.User is on login page(file:///C:/Users/nithi/EclipseWorkspace2024/Team01_Sweet-Debugger/src/test/resources/features/FreeDashboard.feature:6)
]]>
    </failure>
  </testcase> <!-- runScenario -->
  <testcase classname="io.cucumber.testng.AbstractTestNGCucumberTests" name="runScenario" time="2.357">
    <failure type="io.cucumber.testng.UndefinedStepException" message="The step &amp;apos;User is on login page&amp;apos; and 1 other step(s) are undefined.
You can implement these steps using the snippet(s) below:

@Given(&amp;quot;User is on login page&amp;quot;)
public void user_is_on_login_page() {
    // Write code here that turns the phrase above into concrete actions
    throw new io.cucumber.java.PendingException();
}
@When(&amp;quot;Registered user clicks sign in after entering password&amp;quot;)
public void registered_user_clicks_sign_in_after_entering_password() {
    // Write code here that turns the phrase above into concrete actions
    throw new io.cucumber.java.PendingException();
}
">
      <![CDATA[io.cucumber.testng.UndefinedStepException: The step 'User is on login page' and 1 other step(s) are undefined.
You can implement these steps using the snippet(s) below:

@Given("User is on login page")
public void user_is_on_login_page() {
    // Write code here that turns the phrase above into concrete actions
    throw new io.cucumber.java.PendingException();
}
@When("Registered user clicks sign in after entering password")
public void registered_user_clicks_sign_in_after_entering_password() {
    // Write code here that turns the phrase above into concrete actions
    throw new io.cucumber.java.PendingException();
}

at ✽.User is on login page(file:///C:/Users/nithi/EclipseWorkspace2024/Team01_Sweet-Debugger/src/test/resources/features/FreeDashboard.feature:6)
]]>
    </failure>
  </testcase> <!-- runScenario -->
  <testcase classname="io.cucumber.testng.AbstractTestNGCucumberTests" name="runScenario" time="2.171">
    <failure type="io.cucumber.testng.UndefinedStepException" message="The step &amp;apos;User is on login page&amp;apos; and 1 other step(s) are undefined.
You can implement these steps using the snippet(s) below:

@Given(&amp;quot;User is on login page&amp;quot;)
public void user_is_on_login_page() {
    // Write code here that turns the phrase above into concrete actions
    throw new io.cucumber.java.PendingException();
}
@When(&amp;quot;Registered user clicks sign in after entering password&amp;quot;)
public void registered_user_clicks_sign_in_after_entering_password() {
    // Write code here that turns the phrase above into concrete actions
    throw new io.cucumber.java.PendingException();
}
">
      <![CDATA[io.cucumber.testng.UndefinedStepException: The step 'User is on login page' and 1 other step(s) are undefined.
You can implement these steps using the snippet(s) below:

@Given("User is on login page")
public void user_is_on_login_page() {
    // Write code here that turns the phrase above into concrete actions
    throw new io.cucumber.java.PendingException();
}
@When("Registered user clicks sign in after entering password")
public void registered_user_clicks_sign_in_after_entering_password() {
    // Write code here that turns the phrase above into concrete actions
    throw new io.cucumber.java.PendingException();
}

at ✽.User is on login page(file:///C:/Users/nithi/EclipseWorkspace2024/Team01_Sweet-Debugger/src/test/resources/features/FreeDashboard.feature:6)
]]>
    </failure>
  </testcase> <!-- runScenario -->
  <testcase classname="io.cucumber.testng.AbstractTestNGCucumberTests" name="runScenario" time="2.225">
    <failure type="io.cucumber.testng.UndefinedStepException" message="The step &amp;apos;User is on login page&amp;apos; and 1 other step(s) are undefined.
You can implement these steps using the snippet(s) below:

@Given(&amp;quot;User is on login page&amp;quot;)
public void user_is_on_login_page() {
    // Write code here that turns the phrase above into concrete actions
    throw new io.cucumber.java.PendingException();
}
@When(&amp;quot;Registered user clicks sign in after entering password&amp;quot;)
public void registered_user_clicks_sign_in_after_entering_password() {
    // Write code here that turns the phrase above into concrete actions
    throw new io.cucumber.java.PendingException();
}
">
      <![CDATA[io.cucumber.testng.UndefinedStepException: The step 'User is on login page' and 1 other step(s) are undefined.
You can implement these steps using the snippet(s) below:

@Given("User is on login page")
public void user_is_on_login_page() {
    // Write code here that turns the phrase above into concrete actions
    throw new io.cucumber.java.PendingException();
}
@When("Registered user clicks sign in after entering password")
public void registered_user_clicks_sign_in_after_entering_password() {
    // Write code here that turns the phrase above into concrete actions
    throw new io.cucumber.java.PendingException();
}

at ✽.User is on login page(file:///C:/Users/nithi/EclipseWorkspace2024/Team01_Sweet-Debugger/src/test/resources/features/FreeDashboard.feature:6)
]]>
    </failure>
  </testcase> <!-- runScenario -->
  <testcase classname="io.cucumber.testng.AbstractTestNGCucumberTests" name="runScenario" time="2.082">
    <failure type="io.cucumber.testng.UndefinedStepException" message="The step &amp;apos;User is on login page&amp;apos; and 1 other step(s) are undefined.
You can implement these steps using the snippet(s) below:

@Given(&amp;quot;User is on login page&amp;quot;)
public void user_is_on_login_page() {
    // Write code here that turns the phrase above into concrete actions
    throw new io.cucumber.java.PendingException();
}
@When(&amp;quot;Registered user clicks sign in after entering password&amp;quot;)
public void registered_user_clicks_sign_in_after_entering_password() {
    // Write code here that turns the phrase above into concrete actions
    throw new io.cucumber.java.PendingException();
}
">
      <![CDATA[io.cucumber.testng.UndefinedStepException: The step 'User is on login page' and 1 other step(s) are undefined.
You can implement these steps using the snippet(s) below:

@Given("User is on login page")
public void user_is_on_login_page() {
    // Write code here that turns the phrase above into concrete actions
    throw new io.cucumber.java.PendingException();
}
@When("Registered user clicks sign in after entering password")
public void registered_user_clicks_sign_in_after_entering_password() {
    // Write code here that turns the phrase above into concrete actions
    throw new io.cucumber.java.PendingException();
}

at ✽.User is on login page(file:///C:/Users/nithi/EclipseWorkspace2024/Team01_Sweet-Debugger/src/test/resources/features/FreeDashboard.feature:6)
]]>
    </failure>
  </testcase> <!-- runScenario -->
  <testcase classname="io.cucumber.testng.AbstractTestNGCucumberTests" name="runScenario" time="2.164">
    <failure type="io.cucumber.testng.UndefinedStepException" message="The step &amp;apos;User is on login page&amp;apos; and 1 other step(s) are undefined.
You can implement these steps using the snippet(s) below:

@Given(&amp;quot;User is on login page&amp;quot;)
public void user_is_on_login_page() {
    // Write code here that turns the phrase above into concrete actions
    throw new io.cucumber.java.PendingException();
}
@When(&amp;quot;Registered user clicks sign in after entering password&amp;quot;)
public void registered_user_clicks_sign_in_after_entering_password() {
    // Write code here that turns the phrase above into concrete actions
    throw new io.cucumber.java.PendingException();
}
">
      <![CDATA[io.cucumber.testng.UndefinedStepException: The step 'User is on login page' and 1 other step(s) are undefined.
You can implement these steps using the snippet(s) below:

@Given("User is on login page")
public void user_is_on_login_page() {
    // Write code here that turns the phrase above into concrete actions
    throw new io.cucumber.java.PendingException();
}
@When("Registered user clicks sign in after entering password")
public void registered_user_clicks_sign_in_after_entering_password() {
    // Write code here that turns the phrase above into concrete actions
    throw new io.cucumber.java.PendingException();
}

at ✽.User is on login page(file:///C:/Users/nithi/EclipseWorkspace2024/Team01_Sweet-Debugger/src/test/resources/features/FreeDashboard.feature:6)
]]>
    </failure>
  </testcase> <!-- runScenario -->
</testsuite> <!-- TestChrome -->
