<?xml version="1.0" encoding="UTF-8"?>
<testsuite xmlns:xsi="http://www.w3.org/2001/XMLSchema-instance" xsi:noNamespaceSchemaLocation="https://maven.apache.org/surefire/maven-surefire-plugin/xsd/surefire-test-report.xsd" version="3.0.2" name="TestSuite" time="75.083" tests="29" errors="0" skipped="0" failures="29">
  <properties>
    <property name="java.specification.version" value="17"/>
    <property name="sun.cpu.isalist" value="amd64"/>
    <property name="sun.jnu.encoding" value="Cp1252"/>
    <property name="java.class.path" value="C:\Users\nithi\EclipseWorkspace2024\Team01_Sweet-Debugger\target\test-classes;C:\Users\nithi\EclipseWorkspace2024\Team01_Sweet-Debugger\target\classes;C:\Users\nithi\.m2\repository\org\seleniumhq\selenium\selenium-java\4.33.0\selenium-java-4.33.0.jar;C:\Users\nithi\.m2\repository\org\seleniumhq\selenium\selenium-api\4.33.0\selenium-api-4.33.0.jar;C:\Users\nithi\.m2\repository\org\jspecify\jspecify\1.0.0\jspecify-1.0.0.jar;C:\Users\nithi\.m2\repository\org\seleniumhq\selenium\selenium-chrome-driver\4.33.0\selenium-chrome-driver-4.33.0.jar;C:\Users\nithi\.m2\repository\com\google\auto\service\auto-service-annotations\1.1.1\auto-service-annotations-1.1.1.jar;C:\Users\nithi\.m2\repository\org\seleniumhq\selenium\selenium-chromium-driver\4.33.0\selenium-chromium-driver-4.33.0.jar;C:\Users\nithi\.m2\repository\org\seleniumhq\selenium\selenium-json\4.33.0\selenium-json-4.33.0.jar;C:\Users\nithi\.m2\repository\org\seleniumhq\selenium\selenium-manager\4.33.0\selenium-manager-4.33.0.jar;C:\Users\nithi\.m2\repository\org\seleniumhq\selenium\selenium-devtools-v135\4.33.0\selenium-devtools-v135-4.33.0.jar;C:\Users\nithi\.m2\repository\org\seleniumhq\selenium\selenium-devtools-v136\4.33.0\selenium-devtools-v136-4.33.0.jar;C:\Users\nithi\.m2\repository\org\seleniumhq\selenium\selenium-devtools-v137\4.33.0\selenium-devtools-v137-4.33.0.jar;C:\Users\nithi\.m2\repository\org\seleniumhq\selenium\selenium-edge-driver\4.33.0\selenium-edge-driver-4.33.0.jar;C:\Users\nithi\.m2\repository\org\seleniumhq\selenium\selenium-firefox-driver\4.33.0\selenium-firefox-driver-4.33.0.jar;C:\Users\nithi\.m2\repository\org\seleniumhq\selenium\selenium-http\4.33.0\selenium-http-4.33.0.jar;C:\Users\nithi\.m2\repository\org\seleniumhq\selenium\selenium-ie-driver\4.33.0\selenium-ie-driver-4.33.0.jar;C:\Users\nithi\.m2\repository\org\seleniumhq\selenium\selenium-remote-driver\4.33.0\selenium-remote-driver-4.33.0.jar;C:\Users\nithi\.m2\repository\com\google\guava\guava\33.4.8-jre\guava-33.4.8-jre.jar;C:\Users\nithi\.m2\repository\com\google\guava\failureaccess\1.0.3\failureaccess-1.0.3.jar;C:\Users\nithi\.m2\repository\com\google\guava\listenablefuture\9999.0-empty-to-avoid-conflict-with-guava\listenablefuture-9999.0-empty-to-avoid-conflict-with-guava.jar;C:\Users\nithi\.m2\repository\com\google\errorprone\error_prone_annotations\2.36.0\error_prone_annotations-2.36.0.jar;C:\Users\nithi\.m2\repository\com\google\j2objc\j2objc-annotations\3.0.0\j2objc-annotations-3.0.0.jar;C:\Users\nithi\.m2\repository\io\opentelemetry\opentelemetry-api\1.50.0\opentelemetry-api-1.50.0.jar;C:\Users\nithi\.m2\repository\io\opentelemetry\opentelemetry-context\1.50.0\opentelemetry-context-1.50.0.jar;C:\Users\nithi\.m2\repository\io\opentelemetry\opentelemetry-exporter-logging\1.50.0\opentelemetry-exporter-logging-1.50.0.jar;C:\Users\nithi\.m2\repository\io\opentelemetry\opentelemetry-sdk-common\1.50.0\opentelemetry-sdk-common-1.50.0.jar;C:\Users\nithi\.m2\repository\io\opentelemetry\opentelemetry-sdk-extension-autoconfigure-spi\1.50.0\opentelemetry-sdk-extension-autoconfigure-spi-1.50.0.jar;C:\Users\nithi\.m2\repository\io\opentelemetry\opentelemetry-sdk-extension-autoconfigure\1.50.0\opentelemetry-sdk-extension-autoconfigure-1.50.0.jar;C:\Users\nithi\.m2\repository\io\opentelemetry\opentelemetry-sdk-trace\1.50.0\opentelemetry-sdk-trace-1.50.0.jar;C:\Users\nithi\.m2\repository\io\opentelemetry\opentelemetry-sdk\1.50.0\opentelemetry-sdk-1.50.0.jar;C:\Users\nithi\.m2\repository\io\opentelemetry\opentelemetry-sdk-metrics\1.50.0\opentelemetry-sdk-metrics-1.50.0.jar;C:\Users\nithi\.m2\repository\io\opentelemetry\opentelemetry-sdk-logs\1.50.0\opentelemetry-sdk-logs-1.50.0.jar;C:\Users\nithi\.m2\repository\net\bytebuddy\byte-buddy\1.17.5\byte-buddy-1.17.5.jar;C:\Users\nithi\.m2\repository\org\seleniumhq\selenium\selenium-os\4.33.0\selenium-os-4.33.0.jar;C:\Users\nithi\.m2\repository\org\apache\commons\commons-exec\1.4.0\commons-exec-1.4.0.jar;C:\Users\nithi\.m2\repository\org\seleniumhq\selenium\selenium-safari-driver\4.33.0\selenium-safari-driver-4.33.0.jar;C:\Users\nithi\.m2\repository\org\seleniumhq\selenium\selenium-support\4.33.0\selenium-support-4.33.0.jar;C:\Users\nithi\.m2\repository\org\apache\poi\poi\5.4.1\poi-5.4.1.jar;C:\Users\nithi\.m2\repository\commons-codec\commons-codec\1.18.0\commons-codec-1.18.0.jar;C:\Users\nithi\.m2\repository\org\apache\commons\commons-collections4\4.4\commons-collections4-4.4.jar;C:\Users\nithi\.m2\repository\org\apache\commons\commons-math3\3.6.1\commons-math3-3.6.1.jar;C:\Users\nithi\.m2\repository\commons-io\commons-io\2.18.0\commons-io-2.18.0.jar;C:\Users\nithi\.m2\repository\com\zaxxer\SparseBitSet\1.3\SparseBitSet-1.3.jar;C:\Users\nithi\.m2\repository\org\apache\poi\poi-ooxml\5.4.1\poi-ooxml-5.4.1.jar;C:\Users\nithi\.m2\repository\org\apache\poi\poi-ooxml-lite\5.4.1\poi-ooxml-lite-5.4.1.jar;C:\Users\nithi\.m2\repository\org\apache\xmlbeans\xmlbeans\5.3.0\xmlbeans-5.3.0.jar;C:\Users\nithi\.m2\repository\org\apache\commons\commons-compress\1.27.1\commons-compress-1.27.1.jar;C:\Users\nithi\.m2\repository\org\apache\commons\commons-lang3\3.16.0\commons-lang3-3.16.0.jar;C:\Users\nithi\.m2\repository\com\github\virtuald\curvesapi\1.08\curvesapi-1.08.jar;C:\Users\nithi\.m2\repository\org\apache\logging\log4j\log4j-api\2.25.0\log4j-api-2.25.0.jar;C:\Users\nithi\.m2\repository\org\apache\logging\log4j\log4j-core\2.25.0\log4j-core-2.25.0.jar;C:\Users\nithi\.m2\repository\org\apache\logging\log4j\log4j-slf4j-impl\2.25.0\log4j-slf4j-impl-2.25.0.jar;C:\Users\nithi\.m2\repository\org\slf4j\slf4j-api\1.7.36\slf4j-api-1.7.36.jar;C:\Users\nithi\.m2\repository\io\cucumber\cucumber-picocontainer\7.23.0\cucumber-picocontainer-7.23.0.jar;C:\Users\nithi\.m2\repository\io\cucumber\cucumber-core\7.23.0\cucumber-core-7.23.0.jar;C:\Users\nithi\.m2\repository\io\cucumber\cucumber-gherkin\7.23.0\cucumber-gherkin-7.23.0.jar;C:\Users\nithi\.m2\repository\io\cucumber\cucumber-gherkin-messages\7.23.0\cucumber-gherkin-messages-7.23.0.jar;C:\Users\nithi\.m2\repository\io\cucumber\gherkin\32.1.1\gherkin-32.1.1.jar;C:\Users\nithi\.m2\repository\io\cucumber\messages\27.2.0\messages-27.2.0.jar;C:\Users\nithi\.m2\repository\io\cucumber\testng-xml-formatter\0.3.1\testng-xml-formatter-0.3.1.jar;C:\Users\nithi\.m2\repository\io\cucumber\query\13.3.0\query-13.3.0.jar;C:\Users\nithi\.m2\repository\io\cucumber\tag-expressions\6.1.2\tag-expressions-6.1.2.jar;C:\Users\nithi\.m2\repository\io\cucumber\cucumber-expressions\18.0.1\cucumber-expressions-18.0.1.jar;C:\Users\nithi\.m2\repository\io\cucumber\datatable\7.23.0\datatable-7.23.0.jar;C:\Users\nithi\.m2\repository\io\cucumber\docstring\7.23.0\docstring-7.23.0.jar;C:\Users\nithi\.m2\repository\io\cucumber\html-formatter\21.10.1\html-formatter-21.10.1.jar;C:\Users\nithi\.m2\repository\io\cucumber\junit-xml-formatter\0.7.1\junit-xml-formatter-0.7.1.jar;C:\Users\nithi\.m2\repository\io\cucumber\ci-environment\10.0.1\ci-environment-10.0.1.jar;C:\Users\nithi\.m2\repository\org\apiguardian\apiguardian-api\1.1.2\apiguardian-api-1.1.2.jar;C:\Users\nithi\.m2\repository\org\picocontainer\picocontainer\2.15.2\picocontainer-2.15.2.jar;C:\Users\nithi\.m2\repository\io\cucumber\cucumber-java\7.23.0\cucumber-java-7.23.0.jar;C:\Users\nithi\.m2\repository\io\cucumber\cucumber-testng\7.23.0\cucumber-testng-7.23.0.jar;C:\Users\nithi\.m2\repository\org\testng\testng\7.11.0\testng-7.11.0.jar;C:\Users\nithi\.m2\repository\org\jcommander\jcommander\1.83\jcommander-1.83.jar;C:\Users\nithi\.m2\repository\org\webjars\jquery\3.7.1\jquery-3.7.1.jar;C:\Users\nithi\.m2\repository\com\aventstack\chaintest-cucumber-jvm\1.0.12\chaintest-cucumber-jvm-1.0.12.jar;C:\Users\nithi\.m2\repository\io\cucumber\cucumber-plugin\7.11.1\cucumber-plugin-7.11.1.jar;C:\Users\nithi\.m2\repository\io\cucumber\cucumber-junit\7.11.1\cucumber-junit-7.11.1.jar;C:\Users\nithi\.m2\repository\junit\junit\4.13.2\junit-4.13.2.jar;C:\Users\nithi\.m2\repository\org\hamcrest\hamcrest-core\1.3\hamcrest-core-1.3.jar;C:\Users\nithi\.m2\repository\com\aventstack\chaintest-core\1.0.12\chaintest-core-1.0.12.jar;C:\Users\nithi\.m2\repository\com\fasterxml\jackson\core\jackson-databind\2.18.0\jackson-databind-2.18.0.jar;C:\Users\nithi\.m2\repository\com\fasterxml\jackson\core\jackson-annotations\2.18.0\jackson-annotations-2.18.0.jar;C:\Users\nithi\.m2\repository\com\fasterxml\jackson\core\jackson-core\2.18.0\jackson-core-2.18.0.jar;C:\Users\nithi\.m2\repository\org\yaml\snakeyaml\2.3\snakeyaml-2.3.jar;C:\Users\nithi\.m2\repository\com\azure\azure-storage-blob\12.28.0\azure-storage-blob-12.28.0.jar;C:\Users\nithi\.m2\repository\com\azure\azure-core\1.52.0\azure-core-1.52.0.jar;C:\Users\nithi\.m2\repository\com\fasterxml\jackson\datatype\jackson-datatype-jsr310\2.17.2\jackson-datatype-jsr310-2.17.2.jar;C:\Users\nithi\.m2\repository\io\projectreactor\reactor-core\3.4.38\reactor-core-3.4.38.jar;C:\Users\nithi\.m2\repository\com\azure\azure-core-http-netty\1.15.4\azure-core-http-netty-1.15.4.jar;C:\Users\nithi\.m2\repository\io\netty\netty-handler\4.1.110.Final\netty-handler-4.1.110.Final.jar;C:\Users\nithi\.m2\repository\io\netty\netty-handler-proxy\4.1.110.Final\netty-handler-proxy-4.1.110.Final.jar;C:\Users\nithi\.m2\repository\io\netty\netty-codec-socks\4.1.110.Final\netty-codec-socks-4.1.110.Final.jar;C:\Users\nithi\.m2\repository\io\netty\netty-buffer\4.1.110.Final\netty-buffer-4.1.110.Final.jar;C:\Users\nithi\.m2\repository\io\netty\netty-codec\4.1.110.Final\netty-codec-4.1.110.Final.jar;C:\Users\nithi\.m2\repository\io\netty\netty-codec-http\4.1.110.Final\netty-codec-http-4.1.110.Final.jar;C:\Users\nithi\.m2\repository\io\netty\netty-codec-http2\4.1.110.Final\netty-codec-http2-4.1.110.Final.jar;C:\Users\nithi\.m2\repository\io\netty\netty-transport-native-unix-common\4.1.110.Final\netty-transport-native-unix-common-4.1.110.Final.jar;C:\Users\nithi\.m2\repository\io\netty\netty-transport-native-epoll\4.1.110.Final\netty-transport-native-epoll-4.1.110.Final-linux-x86_64.jar;C:\Users\nithi\.m2\repository\io\netty\netty-transport-native-kqueue\4.1.110.Final\netty-transport-native-kqueue-4.1.110.Final-osx-x86_64.jar;C:\Users\nithi\.m2\repository\io\netty\netty-transport-classes-kqueue\4.1.110.Final\netty-transport-classes-kqueue-4.1.110.Final.jar;C:\Users\nithi\.m2\repository\io\netty\netty-tcnative-boringssl-static\2.0.65.Final\netty-tcnative-boringssl-static-2.0.65.Final.jar;C:\Users\nithi\.m2\repository\io\netty\netty-tcnative-classes\2.0.65.Final\netty-tcnative-classes-2.0.65.Final.jar;C:\Users\nithi\.m2\repository\io\netty\netty-tcnative-boringssl-static\2.0.65.Final\netty-tcnative-boringssl-static-2.0.65.Final-linux-x86_64.jar;C:\Users\nithi\.m2\repository\io\netty\netty-tcnative-boringssl-static\2.0.65.Final\netty-tcnative-boringssl-static-2.0.65.Final-linux-aarch_64.jar;C:\Users\nithi\.m2\repository\io\netty\netty-tcnative-boringssl-static\2.0.65.Final\netty-tcnative-boringssl-static-2.0.65.Final-osx-x86_64.jar;C:\Users\nithi\.m2\repository\io\netty\netty-tcnative-boringssl-static\2.0.65.Final\netty-tcnative-boringssl-static-2.0.65.Final-osx-aarch_64.jar;C:\Users\nithi\.m2\repository\io\netty\netty-tcnative-boringssl-static\2.0.65.Final\netty-tcnative-boringssl-static-2.0.65.Final-windows-x86_64.jar;C:\Users\nithi\.m2\repository\io\projectreactor\netty\reactor-netty-http\1.0.45\reactor-netty-http-1.0.45.jar;C:\Users\nithi\.m2\repository\io\netty\netty-resolver-dns\4.1.109.Final\netty-resolver-dns-4.1.109.Final.jar;C:\Users\nithi\.m2\repository\io\netty\netty-codec-dns\4.1.109.Final\netty-codec-dns-4.1.109.Final.jar;C:\Users\nithi\.m2\repository\io\netty\netty-resolver-dns-native-macos\4.1.109.Final\netty-resolver-dns-native-macos-4.1.109.Final-osx-x86_64.jar;C:\Users\nithi\.m2\repository\io\netty\netty-resolver-dns-classes-macos\4.1.109.Final\netty-resolver-dns-classes-macos-4.1.109.Final.jar;C:\Users\nithi\.m2\repository\io\projectreactor\netty\reactor-netty-core\1.0.45\reactor-netty-core-1.0.45.jar;C:\Users\nithi\.m2\repository\io\netty\netty-common\4.1.110.Final\netty-common-4.1.110.Final.jar;C:\Users\nithi\.m2\repository\com\azure\azure-storage-internal-avro\12.13.0\azure-storage-internal-avro-12.13.0.jar;C:\Users\nithi\.m2\repository\com\azure\azure-xml\1.1.0\azure-xml-1.1.0.jar;C:\Users\nithi\.m2\repository\com\azure\azure-storage-common\12.28.0\azure-storage-common-12.28.0.jar;C:\Users\nithi\.m2\repository\com\azure\azure-identity\1.13.3\azure-identity-1.13.3.jar;C:\Users\nithi\.m2\repository\com\azure\azure-json\1.3.0\azure-json-1.3.0.jar;C:\Users\nithi\.m2\repository\com\microsoft\azure\msal4j\1.17.1\msal4j-1.17.1.jar;C:\Users\nithi\.m2\repository\com\nimbusds\oauth2-oidc-sdk\11.18\oauth2-oidc-sdk-11.18.jar;C:\Users\nithi\.m2\repository\com\github\stephenc\jcip\jcip-annotations\1.0-1\jcip-annotations-1.0-1.jar;C:\Users\nithi\.m2\repository\com\nimbusds\content-type\2.3\content-type-2.3.jar;C:\Users\nithi\.m2\repository\com\nimbusds\lang-tag\1.7\lang-tag-1.7.jar;C:\Users\nithi\.m2\repository\com\nimbusds\nimbus-jose-jwt\9.40\nimbus-jose-jwt-9.40.jar;C:\Users\nithi\.m2\repository\net\minidev\json-smart\2.5.0\json-smart-2.5.0.jar;C:\Users\nithi\.m2\repository\net\minidev\accessors-smart\2.5.0\accessors-smart-2.5.0.jar;C:\Users\nithi\.m2\repository\org\ow2\asm\asm\9.3\asm-9.3.jar;C:\Users\nithi\.m2\repository\com\microsoft\azure\msal4j-persistence-extension\1.3.0\msal4j-persistence-extension-1.3.0.jar;C:\Users\nithi\.m2\repository\net\java\dev\jna\jna\5.13.0\jna-5.13.0.jar;C:\Users\nithi\.m2\repository\net\java\dev\jna\jna-platform\5.6.0\jna-platform-5.6.0.jar;C:\Users\nithi\.m2\repository\software\amazon\awssdk\s3\2.29.39\s3-2.29.39.jar;C:\Users\nithi\.m2\repository\software\amazon\awssdk\aws-xml-protocol\2.29.39\aws-xml-protocol-2.29.39.jar;C:\Users\nithi\.m2\repository\software\amazon\awssdk\aws-query-protocol\2.29.39\aws-query-protocol-2.29.39.jar;C:\Users\nithi\.m2\repository\software\amazon\awssdk\protocol-core\2.29.39\protocol-core-2.29.39.jar;C:\Users\nithi\.m2\repository\software\amazon\awssdk\arns\2.29.39\arns-2.29.39.jar;C:\Users\nithi\.m2\repository\software\amazon\awssdk\profiles\2.29.39\profiles-2.29.39.jar;C:\Users\nithi\.m2\repository\software\amazon\awssdk\crt-core\2.29.39\crt-core-2.29.39.jar;C:\Users\nithi\.m2\repository\software\amazon\awssdk\http-auth\2.29.39\http-auth-2.29.39.jar;C:\Users\nithi\.m2\repository\software\amazon\awssdk\identity-spi\2.29.39\identity-spi-2.29.39.jar;C:\Users\nithi\.m2\repository\software\amazon\awssdk\http-auth-spi\2.29.39\http-auth-spi-2.29.39.jar;C:\Users\nithi\.m2\repository\software\amazon\awssdk\http-auth-aws\2.29.39\http-auth-aws-2.29.39.jar;C:\Users\nithi\.m2\repository\software\amazon\awssdk\checksums\2.29.39\checksums-2.29.39.jar;C:\Users\nithi\.m2\repository\software\amazon\awssdk\checksums-spi\2.29.39\checksums-spi-2.29.39.jar;C:\Users\nithi\.m2\repository\software\amazon\awssdk\retries-spi\2.29.39\retries-spi-2.29.39.jar;C:\Users\nithi\.m2\repository\software\amazon\awssdk\sdk-core\2.29.39\sdk-core-2.29.39.jar;C:\Users\nithi\.m2\repository\software\amazon\awssdk\retries\2.29.39\retries-2.29.39.jar;C:\Users\nithi\.m2\repository\software\amazon\awssdk\auth\2.29.39\auth-2.29.39.jar;C:\Users\nithi\.m2\repository\software\amazon\awssdk\http-auth-aws-eventstream\2.29.39\http-auth-aws-eventstream-2.29.39.jar;C:\Users\nithi\.m2\repository\software\amazon\eventstream\eventstream\1.0.1\eventstream-1.0.1.jar;C:\Users\nithi\.m2\repository\software\amazon\awssdk\http-client-spi\2.29.39\http-client-spi-2.29.39.jar;C:\Users\nithi\.m2\repository\software\amazon\awssdk\regions\2.29.39\regions-2.29.39.jar;C:\Users\nithi\.m2\repository\software\amazon\awssdk\annotations\2.29.39\annotations-2.29.39.jar;C:\Users\nithi\.m2\repository\software\amazon\awssdk\utils\2.29.39\utils-2.29.39.jar;C:\Users\nithi\.m2\repository\software\amazon\awssdk\aws-core\2.29.39\aws-core-2.29.39.jar;C:\Users\nithi\.m2\repository\software\amazon\awssdk\metrics-spi\2.29.39\metrics-spi-2.29.39.jar;C:\Users\nithi\.m2\repository\software\amazon\awssdk\json-utils\2.29.39\json-utils-2.29.39.jar;C:\Users\nithi\.m2\repository\software\amazon\awssdk\third-party-jackson-core\2.29.39\third-party-jackson-core-2.29.39.jar;C:\Users\nithi\.m2\repository\software\amazon\awssdk\endpoints-spi\2.29.39\endpoints-spi-2.29.39.jar;C:\Users\nithi\.m2\repository\software\amazon\awssdk\netty-nio-client\2.29.39\netty-nio-client-2.29.39.jar;C:\Users\nithi\.m2\repository\io\netty\netty-transport\4.1.115.Final\netty-transport-4.1.115.Final.jar;C:\Users\nithi\.m2\repository\io\netty\netty-transport-classes-epoll\4.1.115.Final\netty-transport-classes-epoll-4.1.115.Final.jar;C:\Users\nithi\.m2\repository\io\netty\netty-resolver\4.1.115.Final\netty-resolver-4.1.115.Final.jar;C:\Users\nithi\.m2\repository\software\amazon\awssdk\apache-client\2.29.39\apache-client-2.29.39.jar;C:\Users\nithi\.m2\repository\org\apache\httpcomponents\httpcore\4.4.16\httpcore-4.4.16.jar;C:\Users\nithi\.m2\repository\ch\qos\logback\logback-classic\1.5.9\logback-classic-1.5.9.jar;C:\Users\nithi\.m2\repository\ch\qos\logback\logback-core\1.5.9\logback-core-1.5.9.jar;C:\Users\nithi\.m2\repository\org\freemarker\freemarker\2.3.34\freemarker-2.3.34.jar;C:\Users\nithi\.m2\repository\com\aventstack\extentreports\5.1.2\extentreports-5.1.2.jar;C:\Users\nithi\.m2\repository\io\reactivex\rxjava3\rxjava\3.1.6\rxjava-3.1.6.jar;C:\Users\nithi\.m2\repository\org\reactivestreams\reactive-streams\1.0.4\reactive-streams-1.0.4.jar;C:\Users\nithi\.m2\repository\org\projectlombok\lombok\1.18.26\lombok-1.18.26.jar;C:\Users\nithi\.m2\repository\com\google\code\gson\gson\2.10.1\gson-2.10.1.jar;C:\Users\nithi\.m2\repository\tech\grasshopper\extentreports-cucumber7-adapter\1.14.0\extentreports-cucumber7-adapter-1.14.0.jar;C:\Users\nithi\.m2\repository\tech\grasshopper\extent-pdf-report\2.12.0\extent-pdf-report-2.12.0.jar;C:\Users\nithi\.m2\repository\tech\grasshopper\cucumber-pdf-report\2.14.0\cucumber-pdf-report-2.14.0.jar;C:\Users\nithi\.m2\repository\org\apache\pdfbox\pdfbox\2.0.26\pdfbox-2.0.26.jar;C:\Users\nithi\.m2\repository\org\apache\pdfbox\fontbox\2.0.26\fontbox-2.0.26.jar;C:\Users\nithi\.m2\repository\org\knowm\xchart\xchart\3.8.0\xchart-3.8.0.jar;C:\Users\nithi\.m2\repository\de\erichseifert\vectorgraphics2d\VectorGraphics2D\0.13\VectorGraphics2D-0.13.jar;C:\Users\nithi\.m2\repository\de\rototor\pdfbox\graphics2d\0.30\graphics2d-0.30.jar;C:\Users\nithi\.m2\repository\com\madgag\animated-gif-lib\1.4\animated-gif-lib-1.4.jar;C:\Users\nithi\.m2\repository\tech\grasshopper\table-layout\1.5.1\table-layout-1.5.1.jar;C:\Users\nithi\.m2\repository\tech\grasshopper\rest-assured-cucumber-pdf-report\1.5.0\rest-assured-cucumber-pdf-report-1.5.0.jar;C:\Users\nithi\.m2\repository\org\jsoup\jsoup\1.15.3\jsoup-1.15.3.jar;C:\Users\nithi\.m2\repository\com\aventstack\klov-reporter\5.1.0\klov-reporter-5.1.0.jar;C:\Users\nithi\.m2\repository\org\mongodb\mongodb-driver\3.6.4\mongodb-driver-3.6.4.jar;C:\Users\nithi\.m2\repository\org\mongodb\mongodb-driver-core\3.6.4\mongodb-driver-core-3.6.4.jar;C:\Users\nithi\.m2\repository\org\mongodb\bson\3.6.4\bson-3.6.4.jar;C:\Users\nithi\.m2\repository\org\apache\httpcomponents\httpclient\4.5.13\httpclient-4.5.13.jar;C:\Users\nithi\.m2\repository\commons-logging\commons-logging\1.2\commons-logging-1.2.jar;C:\Users\nithi\.m2\repository\org\apache\httpcomponents\httpmime\4.5.13\httpmime-4.5.13.jar;C:\Users\nithi\.m2\repository\tech\grasshopper\htmlextentreporter\1.1.0\htmlextentreporter-1.1.0.jar;C:\Users\nithi\.m2\repository\tech\grasshopper\extent-excel-report\1.4.0\extent-excel-report-1.4.0.jar;C:\Users\nithi\.m2\repository\io\qameta\allure\allure-cucumber7-jvm\2.29.1\allure-cucumber7-jvm-2.29.1.jar;C:\Users\nithi\.m2\repository\io\qameta\allure\allure-java-commons\2.29.1\allure-java-commons-2.29.1.jar;C:\Users\nithi\.m2\repository\io\qameta\allure\allure-model\2.29.1\allure-model-2.29.1.jar;"/>
    <property name="java.vm.vendor" value="Oracle Corporation"/>
    <property name="sun.arch.data.model" value="64"/>
    <property name="user.variant" value=""/>
    <property name="java.vendor.url" value="https://java.oracle.com/"/>
    <property name="user.timezone" value="America/Chicago"/>
    <property name="os.name" value="Windows 11"/>
    <property name="java.vm.specification.version" value="17"/>
    <property name="sun.java.launcher" value="SUN_STANDARD"/>
    <property name="user.country" value="US"/>
    <property name="sun.boot.library.path" value="C:\Program Files\Java\jdk-17\bin"/>
    <property name="sun.java.command" value="C:\Users\nithi\AppData\Local\Temp\surefire9969443188067836290\surefirebooter-20250703195204152_3.jar C:\Users\nithi\AppData\Local\Temp\surefire9969443188067836290 2025-07-03T19-52-03_902-jvmRun1 surefire-20250703195204152_1tmp surefire_0-20250703195204152_2tmp"/>
    <property name="jdk.debug" value="release"/>
    <property name="surefire.test.class.path" value="C:\Users\nithi\EclipseWorkspace2024\Team01_Sweet-Debugger\target\test-classes;C:\Users\nithi\EclipseWorkspace2024\Team01_Sweet-Debugger\target\classes;C:\Users\nithi\.m2\repository\org\seleniumhq\selenium\selenium-java\4.33.0\selenium-java-4.33.0.jar;C:\Users\nithi\.m2\repository\org\seleniumhq\selenium\selenium-api\4.33.0\selenium-api-4.33.0.jar;C:\Users\nithi\.m2\repository\org\jspecify\jspecify\1.0.0\jspecify-1.0.0.jar;C:\Users\nithi\.m2\repository\org\seleniumhq\selenium\selenium-chrome-driver\4.33.0\selenium-chrome-driver-4.33.0.jar;C:\Users\nithi\.m2\repository\com\google\auto\service\auto-service-annotations\1.1.1\auto-service-annotations-1.1.1.jar;C:\Users\nithi\.m2\repository\org\seleniumhq\selenium\selenium-chromium-driver\4.33.0\selenium-chromium-driver-4.33.0.jar;C:\Users\nithi\.m2\repository\org\seleniumhq\selenium\selenium-json\4.33.0\selenium-json-4.33.0.jar;C:\Users\nithi\.m2\repository\org\seleniumhq\selenium\selenium-manager\4.33.0\selenium-manager-4.33.0.jar;C:\Users\nithi\.m2\repository\org\seleniumhq\selenium\selenium-devtools-v135\4.33.0\selenium-devtools-v135-4.33.0.jar;C:\Users\nithi\.m2\repository\org\seleniumhq\selenium\selenium-devtools-v136\4.33.0\selenium-devtools-v136-4.33.0.jar;C:\Users\nithi\.m2\repository\org\seleniumhq\selenium\selenium-devtools-v137\4.33.0\selenium-devtools-v137-4.33.0.jar;C:\Users\nithi\.m2\repository\org\seleniumhq\selenium\selenium-edge-driver\4.33.0\selenium-edge-driver-4.33.0.jar;C:\Users\nithi\.m2\repository\org\seleniumhq\selenium\selenium-firefox-driver\4.33.0\selenium-firefox-driver-4.33.0.jar;C:\Users\nithi\.m2\repository\org\seleniumhq\selenium\selenium-http\4.33.0\selenium-http-4.33.0.jar;C:\Users\nithi\.m2\repository\org\seleniumhq\selenium\selenium-ie-driver\4.33.0\selenium-ie-driver-4.33.0.jar;C:\Users\nithi\.m2\repository\org\seleniumhq\selenium\selenium-remote-driver\4.33.0\selenium-remote-driver-4.33.0.jar;C:\Users\nithi\.m2\repository\com\google\guava\guava\33.4.8-jre\guava-33.4.8-jre.jar;C:\Users\nithi\.m2\repository\com\google\guava\failureaccess\1.0.3\failureaccess-1.0.3.jar;C:\Users\nithi\.m2\repository\com\google\guava\listenablefuture\9999.0-empty-to-avoid-conflict-with-guava\listenablefuture-9999.0-empty-to-avoid-conflict-with-guava.jar;C:\Users\nithi\.m2\repository\com\google\errorprone\error_prone_annotations\2.36.0\error_prone_annotations-2.36.0.jar;C:\Users\nithi\.m2\repository\com\google\j2objc\j2objc-annotations\3.0.0\j2objc-annotations-3.0.0.jar;C:\Users\nithi\.m2\repository\io\opentelemetry\opentelemetry-api\1.50.0\opentelemetry-api-1.50.0.jar;C:\Users\nithi\.m2\repository\io\opentelemetry\opentelemetry-context\1.50.0\opentelemetry-context-1.50.0.jar;C:\Users\nithi\.m2\repository\io\opentelemetry\opentelemetry-exporter-logging\1.50.0\opentelemetry-exporter-logging-1.50.0.jar;C:\Users\nithi\.m2\repository\io\opentelemetry\opentelemetry-sdk-common\1.50.0\opentelemetry-sdk-common-1.50.0.jar;C:\Users\nithi\.m2\repository\io\opentelemetry\opentelemetry-sdk-extension-autoconfigure-spi\1.50.0\opentelemetry-sdk-extension-autoconfigure-spi-1.50.0.jar;C:\Users\nithi\.m2\repository\io\opentelemetry\opentelemetry-sdk-extension-autoconfigure\1.50.0\opentelemetry-sdk-extension-autoconfigure-1.50.0.jar;C:\Users\nithi\.m2\repository\io\opentelemetry\opentelemetry-sdk-trace\1.50.0\opentelemetry-sdk-trace-1.50.0.jar;C:\Users\nithi\.m2\repository\io\opentelemetry\opentelemetry-sdk\1.50.0\opentelemetry-sdk-1.50.0.jar;C:\Users\nithi\.m2\repository\io\opentelemetry\opentelemetry-sdk-metrics\1.50.0\opentelemetry-sdk-metrics-1.50.0.jar;C:\Users\nithi\.m2\repository\io\opentelemetry\opentelemetry-sdk-logs\1.50.0\opentelemetry-sdk-logs-1.50.0.jar;C:\Users\nithi\.m2\repository\net\bytebuddy\byte-buddy\1.17.5\byte-buddy-1.17.5.jar;C:\Users\nithi\.m2\repository\org\seleniumhq\selenium\selenium-os\4.33.0\selenium-os-4.33.0.jar;C:\Users\nithi\.m2\repository\org\apache\commons\commons-exec\1.4.0\commons-exec-1.4.0.jar;C:\Users\nithi\.m2\repository\org\seleniumhq\selenium\selenium-safari-driver\4.33.0\selenium-safari-driver-4.33.0.jar;C:\Users\nithi\.m2\repository\org\seleniumhq\selenium\selenium-support\4.33.0\selenium-support-4.33.0.jar;C:\Users\nithi\.m2\repository\org\apache\poi\poi\5.4.1\poi-5.4.1.jar;C:\Users\nithi\.m2\repository\commons-codec\commons-codec\1.18.0\commons-codec-1.18.0.jar;C:\Users\nithi\.m2\repository\org\apache\commons\commons-collections4\4.4\commons-collections4-4.4.jar;C:\Users\nithi\.m2\repository\org\apache\commons\commons-math3\3.6.1\commons-math3-3.6.1.jar;C:\Users\nithi\.m2\repository\commons-io\commons-io\2.18.0\commons-io-2.18.0.jar;C:\Users\nithi\.m2\repository\com\zaxxer\SparseBitSet\1.3\SparseBitSet-1.3.jar;C:\Users\nithi\.m2\repository\org\apache\poi\poi-ooxml\5.4.1\poi-ooxml-5.4.1.jar;C:\Users\nithi\.m2\repository\org\apache\poi\poi-ooxml-lite\5.4.1\poi-ooxml-lite-5.4.1.jar;C:\Users\nithi\.m2\repository\org\apache\xmlbeans\xmlbeans\5.3.0\xmlbeans-5.3.0.jar;C:\Users\nithi\.m2\repository\org\apache\commons\commons-compress\1.27.1\commons-compress-1.27.1.jar;C:\Users\nithi\.m2\repository\org\apache\commons\commons-lang3\3.16.0\commons-lang3-3.16.0.jar;C:\Users\nithi\.m2\repository\com\github\virtuald\curvesapi\1.08\curvesapi-1.08.jar;C:\Users\nithi\.m2\repository\org\apache\logging\log4j\log4j-api\2.25.0\log4j-api-2.25.0.jar;C:\Users\nithi\.m2\repository\org\apache\logging\log4j\log4j-core\2.25.0\log4j-core-2.25.0.jar;C:\Users\nithi\.m2\repository\org\apache\logging\log4j\log4j-slf4j-impl\2.25.0\log4j-slf4j-impl-2.25.0.jar;C:\Users\nithi\.m2\repository\org\slf4j\slf4j-api\1.7.36\slf4j-api-1.7.36.jar;C:\Users\nithi\.m2\repository\io\cucumber\cucumber-picocontainer\7.23.0\cucumber-picocontainer-7.23.0.jar;C:\Users\nithi\.m2\repository\io\cucumber\cucumber-core\7.23.0\cucumber-core-7.23.0.jar;C:\Users\nithi\.m2\repository\io\cucumber\cucumber-gherkin\7.23.0\cucumber-gherkin-7.23.0.jar;C:\Users\nithi\.m2\repository\io\cucumber\cucumber-gherkin-messages\7.23.0\cucumber-gherkin-messages-7.23.0.jar;C:\Users\nithi\.m2\repository\io\cucumber\gherkin\32.1.1\gherkin-32.1.1.jar;C:\Users\nithi\.m2\repository\io\cucumber\messages\27.2.0\messages-27.2.0.jar;C:\Users\nithi\.m2\repository\io\cucumber\testng-xml-formatter\0.3.1\testng-xml-formatter-0.3.1.jar;C:\Users\nithi\.m2\repository\io\cucumber\query\13.3.0\query-13.3.0.jar;C:\Users\nithi\.m2\repository\io\cucumber\tag-expressions\6.1.2\tag-expressions-6.1.2.jar;C:\Users\nithi\.m2\repository\io\cucumber\cucumber-expressions\18.0.1\cucumber-expressions-18.0.1.jar;C:\Users\nithi\.m2\repository\io\cucumber\datatable\7.23.0\datatable-7.23.0.jar;C:\Users\nithi\.m2\repository\io\cucumber\docstring\7.23.0\docstring-7.23.0.jar;C:\Users\nithi\.m2\repository\io\cucumber\html-formatter\21.10.1\html-formatter-21.10.1.jar;C:\Users\nithi\.m2\repository\io\cucumber\junit-xml-formatter\0.7.1\junit-xml-formatter-0.7.1.jar;C:\Users\nithi\.m2\repository\io\cucumber\ci-environment\10.0.1\ci-environment-10.0.1.jar;C:\Users\nithi\.m2\repository\org\apiguardian\apiguardian-api\1.1.2\apiguardian-api-1.1.2.jar;C:\Users\nithi\.m2\repository\org\picocontainer\picocontainer\2.15.2\picocontainer-2.15.2.jar;C:\Users\nithi\.m2\repository\io\cucumber\cucumber-java\7.23.0\cucumber-java-7.23.0.jar;C:\Users\nithi\.m2\repository\io\cucumber\cucumber-testng\7.23.0\cucumber-testng-7.23.0.jar;C:\Users\nithi\.m2\repository\org\testng\testng\7.11.0\testng-7.11.0.jar;C:\Users\nithi\.m2\repository\org\jcommander\jcommander\1.83\jcommander-1.83.jar;C:\Users\nithi\.m2\repository\org\webjars\jquery\3.7.1\jquery-3.7.1.jar;C:\Users\nithi\.m2\repository\com\aventstack\chaintest-cucumber-jvm\1.0.12\chaintest-cucumber-jvm-1.0.12.jar;C:\Users\nithi\.m2\repository\io\cucumber\cucumber-plugin\7.11.1\cucumber-plugin-7.11.1.jar;C:\Users\nithi\.m2\repository\io\cucumber\cucumber-junit\7.11.1\cucumber-junit-7.11.1.jar;C:\Users\nithi\.m2\repository\junit\junit\4.13.2\junit-4.13.2.jar;C:\Users\nithi\.m2\repository\org\hamcrest\hamcrest-core\1.3\hamcrest-core-1.3.jar;C:\Users\nithi\.m2\repository\com\aventstack\chaintest-core\1.0.12\chaintest-core-1.0.12.jar;C:\Users\nithi\.m2\repository\com\fasterxml\jackson\core\jackson-databind\2.18.0\jackson-databind-2.18.0.jar;C:\Users\nithi\.m2\repository\com\fasterxml\jackson\core\jackson-annotations\2.18.0\jackson-annotations-2.18.0.jar;C:\Users\nithi\.m2\repository\com\fasterxml\jackson\core\jackson-core\2.18.0\jackson-core-2.18.0.jar;C:\Users\nithi\.m2\repository\org\yaml\snakeyaml\2.3\snakeyaml-2.3.jar;C:\Users\nithi\.m2\repository\com\azure\azure-storage-blob\12.28.0\azure-storage-blob-12.28.0.jar;C:\Users\nithi\.m2\repository\com\azure\azure-core\1.52.0\azure-core-1.52.0.jar;C:\Users\nithi\.m2\repository\com\fasterxml\jackson\datatype\jackson-datatype-jsr310\2.17.2\jackson-datatype-jsr310-2.17.2.jar;C:\Users\nithi\.m2\repository\io\projectreactor\reactor-core\3.4.38\reactor-core-3.4.38.jar;C:\Users\nithi\.m2\repository\com\azure\azure-core-http-netty\1.15.4\azure-core-http-netty-1.15.4.jar;C:\Users\nithi\.m2\repository\io\netty\netty-handler\4.1.110.Final\netty-handler-4.1.110.Final.jar;C:\Users\nithi\.m2\repository\io\netty\netty-handler-proxy\4.1.110.Final\netty-handler-proxy-4.1.110.Final.jar;C:\Users\nithi\.m2\repository\io\netty\netty-codec-socks\4.1.110.Final\netty-codec-socks-4.1.110.Final.jar;C:\Users\nithi\.m2\repository\io\netty\netty-buffer\4.1.110.Final\netty-buffer-4.1.110.Final.jar;C:\Users\nithi\.m2\repository\io\netty\netty-codec\4.1.110.Final\netty-codec-4.1.110.Final.jar;C:\Users\nithi\.m2\repository\io\netty\netty-codec-http\4.1.110.Final\netty-codec-http-4.1.110.Final.jar;C:\Users\nithi\.m2\repository\io\netty\netty-codec-http2\4.1.110.Final\netty-codec-http2-4.1.110.Final.jar;C:\Users\nithi\.m2\repository\io\netty\netty-transport-native-unix-common\4.1.110.Final\netty-transport-native-unix-common-4.1.110.Final.jar;C:\Users\nithi\.m2\repository\io\netty\netty-transport-native-epoll\4.1.110.Final\netty-transport-native-epoll-4.1.110.Final-linux-x86_64.jar;C:\Users\nithi\.m2\repository\io\netty\netty-transport-native-kqueue\4.1.110.Final\netty-transport-native-kqueue-4.1.110.Final-osx-x86_64.jar;C:\Users\nithi\.m2\repository\io\netty\netty-transport-classes-kqueue\4.1.110.Final\netty-transport-classes-kqueue-4.1.110.Final.jar;C:\Users\nithi\.m2\repository\io\netty\netty-tcnative-boringssl-static\2.0.65.Final\netty-tcnative-boringssl-static-2.0.65.Final.jar;C:\Users\nithi\.m2\repository\io\netty\netty-tcnative-classes\2.0.65.Final\netty-tcnative-classes-2.0.65.Final.jar;C:\Users\nithi\.m2\repository\io\netty\netty-tcnative-boringssl-static\2.0.65.Final\netty-tcnative-boringssl-static-2.0.65.Final-linux-x86_64.jar;C:\Users\nithi\.m2\repository\io\netty\netty-tcnative-boringssl-static\2.0.65.Final\netty-tcnative-boringssl-static-2.0.65.Final-linux-aarch_64.jar;C:\Users\nithi\.m2\repository\io\netty\netty-tcnative-boringssl-static\2.0.65.Final\netty-tcnative-boringssl-static-2.0.65.Final-osx-x86_64.jar;C:\Users\nithi\.m2\repository\io\netty\netty-tcnative-boringssl-static\2.0.65.Final\netty-tcnative-boringssl-static-2.0.65.Final-osx-aarch_64.jar;C:\Users\nithi\.m2\repository\io\netty\netty-tcnative-boringssl-static\2.0.65.Final\netty-tcnative-boringssl-static-2.0.65.Final-windows-x86_64.jar;C:\Users\nithi\.m2\repository\io\projectreactor\netty\reactor-netty-http\1.0.45\reactor-netty-http-1.0.45.jar;C:\Users\nithi\.m2\repository\io\netty\netty-resolver-dns\4.1.109.Final\netty-resolver-dns-4.1.109.Final.jar;C:\Users\nithi\.m2\repository\io\netty\netty-codec-dns\4.1.109.Final\netty-codec-dns-4.1.109.Final.jar;C:\Users\nithi\.m2\repository\io\netty\netty-resolver-dns-native-macos\4.1.109.Final\netty-resolver-dns-native-macos-4.1.109.Final-osx-x86_64.jar;C:\Users\nithi\.m2\repository\io\netty\netty-resolver-dns-classes-macos\4.1.109.Final\netty-resolver-dns-classes-macos-4.1.109.Final.jar;C:\Users\nithi\.m2\repository\io\projectreactor\netty\reactor-netty-core\1.0.45\reactor-netty-core-1.0.45.jar;C:\Users\nithi\.m2\repository\io\netty\netty-common\4.1.110.Final\netty-common-4.1.110.Final.jar;C:\Users\nithi\.m2\repository\com\azure\azure-storage-internal-avro\12.13.0\azure-storage-internal-avro-12.13.0.jar;C:\Users\nithi\.m2\repository\com\azure\azure-xml\1.1.0\azure-xml-1.1.0.jar;C:\Users\nithi\.m2\repository\com\azure\azure-storage-common\12.28.0\azure-storage-common-12.28.0.jar;C:\Users\nithi\.m2\repository\com\azure\azure-identity\1.13.3\azure-identity-1.13.3.jar;C:\Users\nithi\.m2\repository\com\azure\azure-json\1.3.0\azure-json-1.3.0.jar;C:\Users\nithi\.m2\repository\com\microsoft\azure\msal4j\1.17.1\msal4j-1.17.1.jar;C:\Users\nithi\.m2\repository\com\nimbusds\oauth2-oidc-sdk\11.18\oauth2-oidc-sdk-11.18.jar;C:\Users\nithi\.m2\repository\com\github\stephenc\jcip\jcip-annotations\1.0-1\jcip-annotations-1.0-1.jar;C:\Users\nithi\.m2\repository\com\nimbusds\content-type\2.3\content-type-2.3.jar;C:\Users\nithi\.m2\repository\com\nimbusds\lang-tag\1.7\lang-tag-1.7.jar;C:\Users\nithi\.m2\repository\com\nimbusds\nimbus-jose-jwt\9.40\nimbus-jose-jwt-9.40.jar;C:\Users\nithi\.m2\repository\net\minidev\json-smart\2.5.0\json-smart-2.5.0.jar;C:\Users\nithi\.m2\repository\net\minidev\accessors-smart\2.5.0\accessors-smart-2.5.0.jar;C:\Users\nithi\.m2\repository\org\ow2\asm\asm\9.3\asm-9.3.jar;C:\Users\nithi\.m2\repository\com\microsoft\azure\msal4j-persistence-extension\1.3.0\msal4j-persistence-extension-1.3.0.jar;C:\Users\nithi\.m2\repository\net\java\dev\jna\jna\5.13.0\jna-5.13.0.jar;C:\Users\nithi\.m2\repository\net\java\dev\jna\jna-platform\5.6.0\jna-platform-5.6.0.jar;C:\Users\nithi\.m2\repository\software\amazon\awssdk\s3\2.29.39\s3-2.29.39.jar;C:\Users\nithi\.m2\repository\software\amazon\awssdk\aws-xml-protocol\2.29.39\aws-xml-protocol-2.29.39.jar;C:\Users\nithi\.m2\repository\software\amazon\awssdk\aws-query-protocol\2.29.39\aws-query-protocol-2.29.39.jar;C:\Users\nithi\.m2\repository\software\amazon\awssdk\protocol-core\2.29.39\protocol-core-2.29.39.jar;C:\Users\nithi\.m2\repository\software\amazon\awssdk\arns\2.29.39\arns-2.29.39.jar;C:\Users\nithi\.m2\repository\software\amazon\awssdk\profiles\2.29.39\profiles-2.29.39.jar;C:\Users\nithi\.m2\repository\software\amazon\awssdk\crt-core\2.29.39\crt-core-2.29.39.jar;C:\Users\nithi\.m2\repository\software\amazon\awssdk\http-auth\2.29.39\http-auth-2.29.39.jar;C:\Users\nithi\.m2\repository\software\amazon\awssdk\identity-spi\2.29.39\identity-spi-2.29.39.jar;C:\Users\nithi\.m2\repository\software\amazon\awssdk\http-auth-spi\2.29.39\http-auth-spi-2.29.39.jar;C:\Users\nithi\.m2\repository\software\amazon\awssdk\http-auth-aws\2.29.39\http-auth-aws-2.29.39.jar;C:\Users\nithi\.m2\repository\software\amazon\awssdk\checksums\2.29.39\checksums-2.29.39.jar;C:\Users\nithi\.m2\repository\software\amazon\awssdk\checksums-spi\2.29.39\checksums-spi-2.29.39.jar;C:\Users\nithi\.m2\repository\software\amazon\awssdk\retries-spi\2.29.39\retries-spi-2.29.39.jar;C:\Users\nithi\.m2\repository\software\amazon\awssdk\sdk-core\2.29.39\sdk-core-2.29.39.jar;C:\Users\nithi\.m2\repository\software\amazon\awssdk\retries\2.29.39\retries-2.29.39.jar;C:\Users\nithi\.m2\repository\software\amazon\awssdk\auth\2.29.39\auth-2.29.39.jar;C:\Users\nithi\.m2\repository\software\amazon\awssdk\http-auth-aws-eventstream\2.29.39\http-auth-aws-eventstream-2.29.39.jar;C:\Users\nithi\.m2\repository\software\amazon\eventstream\eventstream\1.0.1\eventstream-1.0.1.jar;C:\Users\nithi\.m2\repository\software\amazon\awssdk\http-client-spi\2.29.39\http-client-spi-2.29.39.jar;C:\Users\nithi\.m2\repository\software\amazon\awssdk\regions\2.29.39\regions-2.29.39.jar;C:\Users\nithi\.m2\repository\software\amazon\awssdk\annotations\2.29.39\annotations-2.29.39.jar;C:\Users\nithi\.m2\repository\software\amazon\awssdk\utils\2.29.39\utils-2.29.39.jar;C:\Users\nithi\.m2\repository\software\amazon\awssdk\aws-core\2.29.39\aws-core-2.29.39.jar;C:\Users\nithi\.m2\repository\software\amazon\awssdk\metrics-spi\2.29.39\metrics-spi-2.29.39.jar;C:\Users\nithi\.m2\repository\software\amazon\awssdk\json-utils\2.29.39\json-utils-2.29.39.jar;C:\Users\nithi\.m2\repository\software\amazon\awssdk\third-party-jackson-core\2.29.39\third-party-jackson-core-2.29.39.jar;C:\Users\nithi\.m2\repository\software\amazon\awssdk\endpoints-spi\2.29.39\endpoints-spi-2.29.39.jar;C:\Users\nithi\.m2\repository\software\amazon\awssdk\netty-nio-client\2.29.39\netty-nio-client-2.29.39.jar;C:\Users\nithi\.m2\repository\io\netty\netty-transport\4.1.115.Final\netty-transport-4.1.115.Final.jar;C:\Users\nithi\.m2\repository\io\netty\netty-transport-classes-epoll\4.1.115.Final\netty-transport-classes-epoll-4.1.115.Final.jar;C:\Users\nithi\.m2\repository\io\netty\netty-resolver\4.1.115.Final\netty-resolver-4.1.115.Final.jar;C:\Users\nithi\.m2\repository\software\amazon\awssdk\apache-client\2.29.39\apache-client-2.29.39.jar;C:\Users\nithi\.m2\repository\org\apache\httpcomponents\httpcore\4.4.16\httpcore-4.4.16.jar;C:\Users\nithi\.m2\repository\ch\qos\logback\logback-classic\1.5.9\logback-classic-1.5.9.jar;C:\Users\nithi\.m2\repository\ch\qos\logback\logback-core\1.5.9\logback-core-1.5.9.jar;C:\Users\nithi\.m2\repository\org\freemarker\freemarker\2.3.34\freemarker-2.3.34.jar;C:\Users\nithi\.m2\repository\com\aventstack\extentreports\5.1.2\extentreports-5.1.2.jar;C:\Users\nithi\.m2\repository\io\reactivex\rxjava3\rxjava\3.1.6\rxjava-3.1.6.jar;C:\Users\nithi\.m2\repository\org\reactivestreams\reactive-streams\1.0.4\reactive-streams-1.0.4.jar;C:\Users\nithi\.m2\repository\org\projectlombok\lombok\1.18.26\lombok-1.18.26.jar;C:\Users\nithi\.m2\repository\com\google\code\gson\gson\2.10.1\gson-2.10.1.jar;C:\Users\nithi\.m2\repository\tech\grasshopper\extentreports-cucumber7-adapter\1.14.0\extentreports-cucumber7-adapter-1.14.0.jar;C:\Users\nithi\.m2\repository\tech\grasshopper\extent-pdf-report\2.12.0\extent-pdf-report-2.12.0.jar;C:\Users\nithi\.m2\repository\tech\grasshopper\cucumber-pdf-report\2.14.0\cucumber-pdf-report-2.14.0.jar;C:\Users\nithi\.m2\repository\org\apache\pdfbox\pdfbox\2.0.26\pdfbox-2.0.26.jar;C:\Users\nithi\.m2\repository\org\apache\pdfbox\fontbox\2.0.26\fontbox-2.0.26.jar;C:\Users\nithi\.m2\repository\org\knowm\xchart\xchart\3.8.0\xchart-3.8.0.jar;C:\Users\nithi\.m2\repository\de\erichseifert\vectorgraphics2d\VectorGraphics2D\0.13\VectorGraphics2D-0.13.jar;C:\Users\nithi\.m2\repository\de\rototor\pdfbox\graphics2d\0.30\graphics2d-0.30.jar;C:\Users\nithi\.m2\repository\com\madgag\animated-gif-lib\1.4\animated-gif-lib-1.4.jar;C:\Users\nithi\.m2\repository\tech\grasshopper\table-layout\1.5.1\table-layout-1.5.1.jar;C:\Users\nithi\.m2\repository\tech\grasshopper\rest-assured-cucumber-pdf-report\1.5.0\rest-assured-cucumber-pdf-report-1.5.0.jar;C:\Users\nithi\.m2\repository\org\jsoup\jsoup\1.15.3\jsoup-1.15.3.jar;C:\Users\nithi\.m2\repository\com\aventstack\klov-reporter\5.1.0\klov-reporter-5.1.0.jar;C:\Users\nithi\.m2\repository\org\mongodb\mongodb-driver\3.6.4\mongodb-driver-3.6.4.jar;C:\Users\nithi\.m2\repository\org\mongodb\mongodb-driver-core\3.6.4\mongodb-driver-core-3.6.4.jar;C:\Users\nithi\.m2\repository\org\mongodb\bson\3.6.4\bson-3.6.4.jar;C:\Users\nithi\.m2\repository\org\apache\httpcomponents\httpclient\4.5.13\httpclient-4.5.13.jar;C:\Users\nithi\.m2\repository\commons-logging\commons-logging\1.2\commons-logging-1.2.jar;C:\Users\nithi\.m2\repository\org\apache\httpcomponents\httpmime\4.5.13\httpmime-4.5.13.jar;C:\Users\nithi\.m2\repository\tech\grasshopper\htmlextentreporter\1.1.0\htmlextentreporter-1.1.0.jar;C:\Users\nithi\.m2\repository\tech\grasshopper\extent-excel-report\1.4.0\extent-excel-report-1.4.0.jar;C:\Users\nithi\.m2\repository\io\qameta\allure\allure-cucumber7-jvm\2.29.1\allure-cucumber7-jvm-2.29.1.jar;C:\Users\nithi\.m2\repository\io\qameta\allure\allure-java-commons\2.29.1\allure-java-commons-2.29.1.jar;C:\Users\nithi\.m2\repository\io\qameta\allure\allure-model\2.29.1\allure-model-2.29.1.jar;"/>
    <property name="sun.cpu.endian" value="little"/>
    <property name="user.home" value="C:\Users\nithi"/>
    <property name="user.language" value="en"/>
    <property name="java.specification.vendor" value="Oracle Corporation"/>
    <property name="java.version.date" value="2024-07-16"/>
    <property name="java.home" value="C:\Program Files\Java\jdk-17"/>
    <property name="file.separator" value="\"/>
    <property name="style.color" value="always"/>
    <property name="basedir" value="C:\Users\nithi\EclipseWorkspace2024\Team01_Sweet-Debugger"/>
    <property name="java.vm.compressedOopsMode" value="Zero based"/>
    <property name="line.separator" value="&#10;"/>
    <property name="java.vm.specification.vendor" value="Oracle Corporation"/>
    <property name="java.specification.name" value="Java Platform API Specification"/>
    <property name="surefire.real.class.path" value="C:\Users\nithi\AppData\Local\Temp\surefire9969443188067836290\surefirebooter-20250703195204152_3.jar"/>
    <property name="user.script" value=""/>
    <property name="sun.management.compiler" value="HotSpot 64-Bit Tiered Compilers"/>
    <property name="java.runtime.version" value="17.0.12+8-LTS-286"/>
    <property name="user.name" value="nithi"/>
    <property name="path.separator" value=";"/>
    <property name="os.version" value="10.0"/>
    <property name="java.runtime.name" value="Java(TM) SE Runtime Environment"/>
    <property name="file.encoding" value="Cp1252"/>
    <property name="java.vm.name" value="Java HotSpot(TM) 64-Bit Server VM"/>
    <property name="localRepository" value="C:\Users\nithi\.m2\repository"/>
    <property name="java.vendor.url.bug" value="https://bugreport.java.com/bugreport/"/>
    <property name="java.io.tmpdir" value="C:\Users\nithi\AppData\Local\Temp\"/>
    <property name="java.version" value="17.0.12"/>
    <property name="user.dir" value="C:\Users\nithi\EclipseWorkspace2024\Team01_Sweet-Debugger"/>
    <property name="os.arch" value="amd64"/>
    <property name="java.vm.specification.name" value="Java Virtual Machine Specification"/>
    <property name="sun.os.patch.level" value=""/>
    <property name="native.encoding" value="Cp1252"/>
    <property name="java.library.path" value="C:\Program Files\Java\jdk-17\bin;C:\WINDOWS\Sun\Java\bin;C:\WINDOWS\system32;C:\WINDOWS;C:/Users/nithi/.p2/pool/plugins/org.eclipse.justj.openjdk.hotspot.jre.full.win32.x86_64_23.0.1.v20241024-1700/jre/bin/server;C:/Users/nithi/.p2/pool/plugins/org.eclipse.justj.openjdk.hotspot.jre.full.win32.x86_64_23.0.1.v20241024-1700/jre/bin;C:\Program Files (x86)\TRICENTIS\Tosca Testsuite\ToscaCommander;;C:\Program Files\Common Files\Oracle\Java\javapath;C:\Program Files (x86)\Common Files\Oracle\Java\javapath;C:\WINDOWS\system32;C:\WINDOWS;C:\WINDOWS\System32\Wbem;C:\WINDOWS\System32\WindowsPowerShell\v1.0\;C:\WINDOWS\System32\OpenSSH\;C:\Program Files (x86)\Java\jre-1.8\bin;C:\Program Files\Java\jdk-11\bin;C:\Program Files\Microsoft SQL Server\Client SDK\ODBC\130\Tools\Binn\;C:\Program Files (x86)\Microsoft SQL Server\140\Tools\Binn\;C:\Program Files\Microsoft SQL Server\140\Tools\Binn\;C:\Program Files\Microsoft SQL Server\140\DTS\Binn\;C:\Program Files (x86)\Microsoft SQL Server\160\DTS\Binn\;C:\Program Files\Azure Data Studio\bin;C:\Program Files\dotnet\;C:\Program Files\Git\cmd;C:\apache-maven-3.9.6\bin;C:\Program Files\PostgreSQL\17\bin;C:\Users\nithi\AppData\Roaming\fnm\node-versions;C:\Program Files\nodejs\;C:\Program Files\Microsoft VS Code\bin;C:\Users\nithi\AppData\Local\Programs\Python\Python313;C:\Users\nithi\AppData\Local\Programs\Python\Python313\Scripts;C:\Users\nithi\AppData\Local\Programs\Python\Python313\Scripts\;C:\Users\nithi\AppData\Local\Programs\Python\Python313\;C:\Users\nithi\AppData\Local\Programs\Python\Launcher\;C:\Users\nithi\scoop\shims;C:\Program Files\MySQL\MySQL Shell 8.0\bin\;C:\Users\nithi\AppData\Local\Microsoft\WindowsApps;C:\Program Files\Azure Data Studio\bin;C:\Users\nithi\AppData\Local\Programs\Microsoft VS Code\bin;C:\Users\nithi\Tools\allure-2.30.0\bin;C:\Users\nithi\AppData\Local\Microsoft\WindowsApps;C:\Users\nithi\AppData\Local\Microsoft\WinGet\Packages\Schniz.fnm_Microsoft.Winget.Source_8wekyb3d8bbwe;C:\Users\nithi\AppData\Roaming\npm;C:\Users\nithi\eclipse\jee-2024-09\eclipse;;."/>
    <property name="java.vm.info" value="mixed mode, sharing"/>
    <property name="java.vendor" value="Oracle Corporation"/>
    <property name="java.vm.version" value="17.0.12+8-LTS-286"/>
    <property name="sun.io.unicode.encoding" value="UnicodeLittle"/>
    <property name="java.class.version" value="61.0"/>
  </properties>
  <testcase name="runScenario[&quot;Verify the Welcome Message is displayed with name&quot;, &quot;Dashboard page validation for Registered Free account user&quot;](1)" classname="testRunner.TestRunner" time="0.161">
    <failure message="Duplicate step definitions in stepDefinitions.CommonHomePageFeatures_Step.user_checks_the_terms_conditions_box_after_filling_all_fields_as_in_and(java.lang.String,java.lang.String) and stepDefinitions.Login_Step.user_checks_the_terms_conditions_box_after_filling_all_fields_as_in_and(java.lang.String,java.lang.String)" type="io.cucumber.core.runner.DuplicateStepDefinitionException"><![CDATA[io.cucumber.core.runner.DuplicateStepDefinitionException: Duplicate step definitions in stepDefinitions.CommonHomePageFeatures_Step.user_checks_the_terms_conditions_box_after_filling_all_fields_as_in_and(java.lang.String,java.lang.String) and stepDefinitions.Login_Step.user_checks_the_terms_conditions_box_after_filling_all_fields_as_in_and(java.lang.String,java.lang.String)
	at io.cucumber.core.runner.CachingGlue.lambda$prepareGlue$3(CachingGlue.java:313)
	at java.base/java.util.ArrayList.forEach(ArrayList.java:1511)
	at io.cucumber.core.runner.CachingGlue.prepareGlue(CachingGlue.java:307)
	at io.cucumber.core.runner.Runner.runPickle(Runner.java:73)
	at io.cucumber.testng.TestNGCucumberRunner.lambda$runScenario$1(TestNGCucumberRunner.java:135)
	at io.cucumber.core.runtime.CucumberExecutionContext.lambda$runTestCase$5(CucumberExecutionContext.java:136)
	at io.cucumber.core.runtime.RethrowingThrowableCollector.executeAndThrow(RethrowingThrowableCollector.java:23)
	at io.cucumber.core.runtime.CucumberExecutionContext.runTestCase(CucumberExecutionContext.java:136)
	at io.cucumber.testng.TestNGCucumberRunner.runScenario(TestNGCucumberRunner.java:132)
	at io.cucumber.testng.AbstractTestNGCucumberTests.runScenario(AbstractTestNGCucumberTests.java:35)
	at java.base/jdk.internal.reflect.NativeMethodAccessorImpl.invoke0(Native Method)
	at java.base/jdk.internal.reflect.NativeMethodAccessorImpl.invoke(NativeMethodAccessorImpl.java:77)
	at java.base/jdk.internal.reflect.DelegatingMethodAccessorImpl.invoke(DelegatingMethodAccessorImpl.java:43)
	at java.base/java.lang.reflect.Method.invoke(Method.java:568)
	at org.testng.internal.invokers.MethodInvocationHelper.invokeMethod(MethodInvocationHelper.java:141)
	at org.testng.internal.invokers.TestInvoker.invokeMethod(TestInvoker.java:687)
	at org.testng.internal.invokers.TestInvoker.invokeTestMethod(TestInvoker.java:230)
	at org.testng.internal.invokers.MethodRunner.runInSequence(MethodRunner.java:63)
	at org.testng.internal.invokers.TestInvoker$MethodInvocationAgent.invoke(TestInvoker.java:995)
	at org.testng.internal.invokers.TestInvoker.invokeTestMethods(TestInvoker.java:203)
	at org.testng.internal.invokers.TestMethodWorker.invokeTestMethods(TestMethodWorker.java:154)
	at org.testng.internal.invokers.TestMethodWorker.run(TestMethodWorker.java:134)
	at java.base/java.util.ArrayList.forEach(ArrayList.java:1511)
	at org.testng.TestRunner.privateRun(TestRunner.java:741)
	at org.testng.TestRunner.run(TestRunner.java:616)
	at org.testng.SuiteRunner.runTest(SuiteRunner.java:421)
	at org.testng.SuiteRunner.runSequentially(SuiteRunner.java:413)
	at org.testng.SuiteRunner.privateRun(SuiteRunner.java:373)
	at org.testng.SuiteRunner.run(SuiteRunner.java:312)
	at org.testng.SuiteRunnerWorker.runSuite(SuiteRunnerWorker.java:52)
	at org.testng.SuiteRunnerWorker.run(SuiteRunnerWorker.java:95)
	at org.testng.TestNG.runSuitesSequentially(TestNG.java:1274)
	at org.testng.TestNG.runSuitesLocally(TestNG.java:1208)
	at org.testng.TestNG.runSuites(TestNG.java:1112)
	at org.testng.TestNG.run(TestNG.java:1079)
	at org.apache.maven.surefire.testng.TestNGExecutor.run(TestNGExecutor.java:308)
	at org.apache.maven.surefire.testng.TestNGXmlTestSuite.execute(TestNGXmlTestSuite.java:71)
	at org.apache.maven.surefire.testng.TestNGProvider.invoke(TestNGProvider.java:113)
	at org.apache.maven.surefire.booter.ForkedBooter.runSuitesInProcess(ForkedBooter.java:385)
	at org.apache.maven.surefire.booter.ForkedBooter.execute(ForkedBooter.java:162)
	at org.apache.maven.surefire.booter.ForkedBooter.run(ForkedBooter.java:507)
	at org.apache.maven.surefire.booter.ForkedBooter.main(ForkedBooter.java:495)
]]></failure>
  </testcase>
  <testcase name="runScenario[&quot;Verify &quot;Displayed Message&quot; the presence of dashboard&quot;, &quot;Dashboard page validation for Registered Free account user&quot;](2)" classname="testRunner.TestRunner" time="3.977">
    <failure message="The step &apos;User is on login page&apos; and 1 other step(s) are undefined.&#10;You can implement these steps using the snippet(s) below:&#10;&#10;@Given(&quot;User is on login page&quot;)&#10;public void user_is_on_login_page() {&#10;    // Write code here that turns the phrase above into concrete actions&#10;    throw new io.cucumber.java.PendingException();&#10;}&#10;@When(&quot;Registered user clicks sign in after entering password&quot;)&#10;public void registered_user_clicks_sign_in_after_entering_password() {&#10;    // Write code here that turns the phrase above into concrete actions&#10;    throw new io.cucumber.java.PendingException();&#10;}&#10;" type="io.cucumber.testng.UndefinedStepException"><![CDATA[io.cucumber.testng.UndefinedStepException: 
The step 'User is on login page' and 1 other step(s) are undefined.
You can implement these steps using the snippet(s) below:

@Given("User is on login page")
public void user_is_on_login_page() {
    // Write code here that turns the phrase above into concrete actions
    throw new io.cucumber.java.PendingException();
}
@When("Registered user clicks sign in after entering password")
public void registered_user_clicks_sign_in_after_entering_password() {
    // Write code here that turns the phrase above into concrete actions
    throw new io.cucumber.java.PendingException();
}

	at .User is on login page(file:///C:/Users/nithi/EclipseWorkspace2024/Team01_Sweet-Debugger/src/test/resources/features/FreeDashboard.feature:6)
]]></failure>
    <system-out><![CDATA[
@sweet @FreeDashboard @DashboardDispalyed
Scenario Outline: Verify "Displayed Message" the presence of dashboard &amp#27;[90m# src/test/resources/features/FreeDashboard.feature:23&amp#27;[0m
  &amp#27;[33mGiven &amp#27;[0m&amp#27;[33mUser is on login page&amp#27;[0m
  &amp#27;[36mWhen &amp#27;[0m&amp#27;[36mRegistered user clicks sign in after entering password&amp#27;[0m
  &amp#27;[36mGiven &amp#27;[0m&amp#27;[36mUser is landed on free page&amp#27;[0m                                    &amp#27;[90m# stepDefinitions.HomePageFreeUser_Step.user_is_landed_on_free_page()&amp#27;[0m
  &amp#27;[36mWhen &amp#27;[0m&amp#27;[36mUser clicks the Dashboard on the navigation bar&amp#27;[0m                 &amp#27;[90m# stepDefinitions.FreeDashboard_Step.user_clicks_the_dashboard_on_the_navigation_bar()&amp#27;[0m
  &amp#27;[36mThen &amp#27;[0m&amp#27;[36mThe &amp#27;[0m&amp#27;[36m&amp#27;[1m"Displayed Message"&amp#27;[0m&amp#27;[36m should be displayed&amp#27;[0m                     &amp#27;[90m# stepDefinitions.FreeDashboard_Step.the_should_be_displayed(java.lang.String)&amp#27;[0m
[INFO ] 2025-07-03 19:52:19.839 [main] LoggerLoad - Browser is closed
]]></system-out>
    <system-err><![CDATA[Jul 03, 2025 7:52:18 PM org.openqa.selenium.devtools.CdpVersionFinder findNearestMatch
WARNING: Unable to find an exact match for CDP version 138, returning the closest version; found: 137; Please update to a Selenium version that supports CDP version 138
]]></system-err>
  </testcase>
  <testcase name="runScenario[&quot;Verify &quot;Upgrade Premium&quot; the presence of dashboard&quot;, &quot;Dashboard page validation for Registered Free account user&quot;](3)" classname="testRunner.TestRunner" time="2.322">
    <failure message="The step &apos;User is on login page&apos; and 1 other step(s) are undefined.&#10;You can implement these steps using the snippet(s) below:&#10;&#10;@Given(&quot;User is on login page&quot;)&#10;public void user_is_on_login_page() {&#10;    // Write code here that turns the phrase above into concrete actions&#10;    throw new io.cucumber.java.PendingException();&#10;}&#10;@When(&quot;Registered user clicks sign in after entering password&quot;)&#10;public void registered_user_clicks_sign_in_after_entering_password() {&#10;    // Write code here that turns the phrase above into concrete actions&#10;    throw new io.cucumber.java.PendingException();&#10;}&#10;" type="io.cucumber.testng.UndefinedStepException"><![CDATA[io.cucumber.testng.UndefinedStepException: 
The step 'User is on login page' and 1 other step(s) are undefined.
You can implement these steps using the snippet(s) below:

@Given("User is on login page")
public void user_is_on_login_page() {
    // Write code here that turns the phrase above into concrete actions
    throw new io.cucumber.java.PendingException();
}
@When("Registered user clicks sign in after entering password")
public void registered_user_clicks_sign_in_after_entering_password() {
    // Write code here that turns the phrase above into concrete actions
    throw new io.cucumber.java.PendingException();
}

	at .User is on login page(file:///C:/Users/nithi/EclipseWorkspace2024/Team01_Sweet-Debugger/src/test/resources/features/FreeDashboard.feature:6)
]]></failure>
    <system-out><![CDATA[
@sweet @FreeDashboard @DashboardDispalyed
Scenario Outline: Verify "Upgrade Premium" the presence of dashboard &amp#27;[90m# src/test/resources/features/FreeDashboard.feature:24&amp#27;[0m
  &amp#27;[33mGiven &amp#27;[0m&amp#27;[33mUser is on login page&amp#27;[0m
  &amp#27;[36mWhen &amp#27;[0m&amp#27;[36mRegistered user clicks sign in after entering password&amp#27;[0m
  &amp#27;[36mGiven &amp#27;[0m&amp#27;[36mUser is landed on free page&amp#27;[0m                                  &amp#27;[90m# stepDefinitions.HomePageFreeUser_Step.user_is_landed_on_free_page()&amp#27;[0m
  &amp#27;[36mWhen &amp#27;[0m&amp#27;[36mUser clicks the Dashboard on the navigation bar&amp#27;[0m               &amp#27;[90m# stepDefinitions.FreeDashboard_Step.user_clicks_the_dashboard_on_the_navigation_bar()&amp#27;[0m
  &amp#27;[36mThen &amp#27;[0m&amp#27;[36mThe &amp#27;[0m&amp#27;[36m&amp#27;[1m"Upgrade Premium"&amp#27;[0m&amp#27;[36m should be displayed&amp#27;[0m                     &amp#27;[90m# stepDefinitions.FreeDashboard_Step.the_should_be_displayed(java.lang.String)&amp#27;[0m
[INFO ] 2025-07-03 19:52:22.181 [main] LoggerLoad - Browser is closed
]]></system-out>
    <system-err><![CDATA[Jul 03, 2025 7:52:20 PM org.openqa.selenium.devtools.CdpVersionFinder findNearestMatch
WARNING: Unable to find an exact match for CDP version 138, returning the closest version; found: 137; Please update to a Selenium version that supports CDP version 138
]]></system-err>
  </testcase>
  <testcase name="runScenario[&quot;Verify &quot;Account Information&quot; the presence of dashboard&quot;, &quot;Dashboard page validation for Registered Free account user&quot;](4)" classname="testRunner.TestRunner" time="2.311">
    <failure message="The step &apos;User is on login page&apos; and 1 other step(s) are undefined.&#10;You can implement these steps using the snippet(s) below:&#10;&#10;@Given(&quot;User is on login page&quot;)&#10;public void user_is_on_login_page() {&#10;    // Write code here that turns the phrase above into concrete actions&#10;    throw new io.cucumber.java.PendingException();&#10;}&#10;@When(&quot;Registered user clicks sign in after entering password&quot;)&#10;public void registered_user_clicks_sign_in_after_entering_password() {&#10;    // Write code here that turns the phrase above into concrete actions&#10;    throw new io.cucumber.java.PendingException();&#10;}&#10;" type="io.cucumber.testng.UndefinedStepException"><![CDATA[io.cucumber.testng.UndefinedStepException: 
The step 'User is on login page' and 1 other step(s) are undefined.
You can implement these steps using the snippet(s) below:

@Given("User is on login page")
public void user_is_on_login_page() {
    // Write code here that turns the phrase above into concrete actions
    throw new io.cucumber.java.PendingException();
}
@When("Registered user clicks sign in after entering password")
public void registered_user_clicks_sign_in_after_entering_password() {
    // Write code here that turns the phrase above into concrete actions
    throw new io.cucumber.java.PendingException();
}

	at .User is on login page(file:///C:/Users/nithi/EclipseWorkspace2024/Team01_Sweet-Debugger/src/test/resources/features/FreeDashboard.feature:6)
]]></failure>
    <system-out><![CDATA[
@sweet @FreeDashboard @DashboardDispalyed
Scenario Outline: Verify "Account Information" the presence of dashboard &amp#27;[90m# src/test/resources/features/FreeDashboard.feature:25&amp#27;[0m
  &amp#27;[33mGiven &amp#27;[0m&amp#27;[33mUser is on login page&amp#27;[0m
  &amp#27;[36mWhen &amp#27;[0m&amp#27;[36mRegistered user clicks sign in after entering password&amp#27;[0m
  &amp#27;[36mGiven &amp#27;[0m&amp#27;[36mUser is landed on free page&amp#27;[0m                                      &amp#27;[90m# stepDefinitions.HomePageFreeUser_Step.user_is_landed_on_free_page()&amp#27;[0m
  &amp#27;[36mWhen &amp#27;[0m&amp#27;[36mUser clicks the Dashboard on the navigation bar&amp#27;[0m                   &amp#27;[90m# stepDefinitions.FreeDashboard_Step.user_clicks_the_dashboard_on_the_navigation_bar()&amp#27;[0m
  &amp#27;[36mThen &amp#27;[0m&amp#27;[36mThe &amp#27;[0m&amp#27;[36m&amp#27;[1m"Account Information"&amp#27;[0m&amp#27;[36m should be displayed&amp#27;[0m                     &amp#27;[90m# stepDefinitions.FreeDashboard_Step.the_should_be_displayed(java.lang.String)&amp#27;[0m
[INFO ] 2025-07-03 19:52:24.496 [main] LoggerLoad - Browser is closed
]]></system-out>
    <system-err><![CDATA[Jul 03, 2025 7:52:23 PM org.openqa.selenium.devtools.CdpVersionFinder findNearestMatch
WARNING: Unable to find an exact match for CDP version 138, returning the closest version; found: 137; Please update to a Selenium version that supports CDP version 138
]]></system-err>
  </testcase>
  <testcase name="runScenario[&quot;Verify &quot;Save Changes&quot; the presence of dashboard&quot;, &quot;Dashboard page validation for Registered Free account user&quot;](5)" classname="testRunner.TestRunner" time="2.345">
    <failure message="The step &apos;User is on login page&apos; and 1 other step(s) are undefined.&#10;You can implement these steps using the snippet(s) below:&#10;&#10;@Given(&quot;User is on login page&quot;)&#10;public void user_is_on_login_page() {&#10;    // Write code here that turns the phrase above into concrete actions&#10;    throw new io.cucumber.java.PendingException();&#10;}&#10;@When(&quot;Registered user clicks sign in after entering password&quot;)&#10;public void registered_user_clicks_sign_in_after_entering_password() {&#10;    // Write code here that turns the phrase above into concrete actions&#10;    throw new io.cucumber.java.PendingException();&#10;}&#10;" type="io.cucumber.testng.UndefinedStepException"><![CDATA[io.cucumber.testng.UndefinedStepException: 
The step 'User is on login page' and 1 other step(s) are undefined.
You can implement these steps using the snippet(s) below:

@Given("User is on login page")
public void user_is_on_login_page() {
    // Write code here that turns the phrase above into concrete actions
    throw new io.cucumber.java.PendingException();
}
@When("Registered user clicks sign in after entering password")
public void registered_user_clicks_sign_in_after_entering_password() {
    // Write code here that turns the phrase above into concrete actions
    throw new io.cucumber.java.PendingException();
}

	at .User is on login page(file:///C:/Users/nithi/EclipseWorkspace2024/Team01_Sweet-Debugger/src/test/resources/features/FreeDashboard.feature:6)
]]></failure>
    <system-out><![CDATA[
@sweet @FreeDashboard @DashboardDispalyed
Scenario Outline: Verify "Save Changes" the presence of dashboard &amp#27;[90m# src/test/resources/features/FreeDashboard.feature:26&amp#27;[0m
  &amp#27;[33mGiven &amp#27;[0m&amp#27;[33mUser is on login page&amp#27;[0m
  &amp#27;[36mWhen &amp#27;[0m&amp#27;[36mRegistered user clicks sign in after entering password&amp#27;[0m
  &amp#27;[36mGiven &amp#27;[0m&amp#27;[36mUser is landed on free page&amp#27;[0m                               &amp#27;[90m# stepDefinitions.HomePageFreeUser_Step.user_is_landed_on_free_page()&amp#27;[0m
  &amp#27;[36mWhen &amp#27;[0m&amp#27;[36mUser clicks the Dashboard on the navigation bar&amp#27;[0m            &amp#27;[90m# stepDefinitions.FreeDashboard_Step.user_clicks_the_dashboard_on_the_navigation_bar()&amp#27;[0m
  &amp#27;[36mThen &amp#27;[0m&amp#27;[36mThe &amp#27;[0m&amp#27;[36m&amp#27;[1m"Save Changes"&amp#27;[0m&amp#27;[36m should be displayed&amp#27;[0m                     &amp#27;[90m# stepDefinitions.FreeDashboard_Step.the_should_be_displayed(java.lang.String)&amp#27;[0m
[INFO ] 2025-07-03 19:52:26.841 [main] LoggerLoad - Browser is closed
]]></system-out>
    <system-err><![CDATA[Jul 03, 2025 7:52:25 PM org.openqa.selenium.devtools.CdpVersionFinder findNearestMatch
WARNING: Unable to find an exact match for CDP version 138, returning the closest version; found: 137; Please update to a Selenium version that supports CDP version 138
]]></system-err>
  </testcase>
  <testcase name="runScenario[&quot;Verify &quot;Account Information All Fields&quot; the presence of dashboard&quot;, &quot;Dashboard page validation for Registered Free account user&quot;](6)" classname="testRunner.TestRunner" time="2.179">
    <failure message="The step &apos;User is on login page&apos; and 1 other step(s) are undefined.&#10;You can implement these steps using the snippet(s) below:&#10;&#10;@Given(&quot;User is on login page&quot;)&#10;public void user_is_on_login_page() {&#10;    // Write code here that turns the phrase above into concrete actions&#10;    throw new io.cucumber.java.PendingException();&#10;}&#10;@When(&quot;Registered user clicks sign in after entering password&quot;)&#10;public void registered_user_clicks_sign_in_after_entering_password() {&#10;    // Write code here that turns the phrase above into concrete actions&#10;    throw new io.cucumber.java.PendingException();&#10;}&#10;" type="io.cucumber.testng.UndefinedStepException"><![CDATA[io.cucumber.testng.UndefinedStepException: 
The step 'User is on login page' and 1 other step(s) are undefined.
You can implement these steps using the snippet(s) below:

@Given("User is on login page")
public void user_is_on_login_page() {
    // Write code here that turns the phrase above into concrete actions
    throw new io.cucumber.java.PendingException();
}
@When("Registered user clicks sign in after entering password")
public void registered_user_clicks_sign_in_after_entering_password() {
    // Write code here that turns the phrase above into concrete actions
    throw new io.cucumber.java.PendingException();
}

	at .User is on login page(file:///C:/Users/nithi/EclipseWorkspace2024/Team01_Sweet-Debugger/src/test/resources/features/FreeDashboard.feature:6)
]]></failure>
    <system-out><![CDATA[
@sweet @FreeDashboard @DashboardDispalyed
Scenario Outline: Verify "Account Information All Fields" the presence of dashboard &amp#27;[90m# src/test/resources/features/FreeDashboard.feature:27&amp#27;[0m
  &amp#27;[33mGiven &amp#27;[0m&amp#27;[33mUser is on login page&amp#27;[0m
  &amp#27;[36mWhen &amp#27;[0m&amp#27;[36mRegistered user clicks sign in after entering password&amp#27;[0m
  &amp#27;[36mGiven &amp#27;[0m&amp#27;[36mUser is landed on free page&amp#27;[0m                                                 &amp#27;[90m# stepDefinitions.HomePageFreeUser_Step.user_is_landed_on_free_page()&amp#27;[0m
  &amp#27;[36mWhen &amp#27;[0m&amp#27;[36mUser clicks the Dashboard on the navigation bar&amp#27;[0m                              &amp#27;[90m# stepDefinitions.FreeDashboard_Step.user_clicks_the_dashboard_on_the_navigation_bar()&amp#27;[0m
  &amp#27;[36mThen &amp#27;[0m&amp#27;[36mThe &amp#27;[0m&amp#27;[36m&amp#27;[1m"Account Information All Fields"&amp#27;[0m&amp#27;[36m should be displayed&amp#27;[0m                     &amp#27;[90m# stepDefinitions.FreeDashboard_Step.the_should_be_displayed(java.lang.String)&amp#27;[0m
[INFO ] 2025-07-03 19:52:29.022 [main] LoggerLoad - Browser is closed
]]></system-out>
    <system-err><![CDATA[Jul 03, 2025 7:52:27 PM org.openqa.selenium.devtools.CdpVersionFinder findNearestMatch
WARNING: Unable to find an exact match for CDP version 138, returning the closest version; found: 137; Please update to a Selenium version that supports CDP version 138
]]></system-err>
  </testcase>
  <testcase name="runScenario[&quot;Verify age should accept only Numeric Value&quot;, &quot;Dashboard page validation for Registered Free account user&quot;](7)" classname="testRunner.TestRunner" time="1.541">
    <failure message="The step &apos;User is on login page&apos; and 1 other step(s) are undefined.&#10;You can implement these steps using the snippet(s) below:&#10;&#10;@Given(&quot;User is on login page&quot;)&#10;public void user_is_on_login_page() {&#10;    // Write code here that turns the phrase above into concrete actions&#10;    throw new io.cucumber.java.PendingException();&#10;}&#10;@When(&quot;Registered user clicks sign in after entering password&quot;)&#10;public void registered_user_clicks_sign_in_after_entering_password() {&#10;    // Write code here that turns the phrase above into concrete actions&#10;    throw new io.cucumber.java.PendingException();&#10;}&#10;" type="io.cucumber.testng.UndefinedStepException"><![CDATA[io.cucumber.testng.UndefinedStepException: 
The step 'User is on login page' and 1 other step(s) are undefined.
You can implement these steps using the snippet(s) below:

@Given("User is on login page")
public void user_is_on_login_page() {
    // Write code here that turns the phrase above into concrete actions
    throw new io.cucumber.java.PendingException();
}
@When("Registered user clicks sign in after entering password")
public void registered_user_clicks_sign_in_after_entering_password() {
    // Write code here that turns the phrase above into concrete actions
    throw new io.cucumber.java.PendingException();
}

	at .User is on login page(file:///C:/Users/nithi/EclipseWorkspace2024/Team01_Sweet-Debugger/src/test/resources/features/FreeDashboard.feature:6)
]]></failure>
    <system-out><![CDATA[
@sweet @FreeDashboard @DashboardAge
Scenario: Verify age should accept only Numeric Value              &amp#27;[90m# src/test/resources/features/FreeDashboard.feature:30&amp#27;[0m
  &amp#27;[33mGiven &amp#27;[0m&amp#27;[33mUser is on login page&amp#27;[0m
  &amp#27;[36mWhen &amp#27;[0m&amp#27;[36mRegistered user clicks sign in after entering password&amp#27;[0m
  &amp#27;[36mGiven &amp#27;[0m&amp#27;[36mUser is in FreeDashboard Page&amp#27;[0m                              &amp#27;[90m# stepDefinitions.FreeDashboard_Step.user_is_in_dashboard_page()&amp#27;[0m
  &amp#27;[36mWhen &amp#27;[0m&amp#27;[36mUser edit age field with valid data&amp#27;[0m                         &amp#27;[90m# stepDefinitions.FreeDashboard_Step.user_edit_age_field_with_valid_data()&amp#27;[0m
  &amp#27;[36mThen &amp#27;[0m&amp#27;[36mUser should see that entered age is displayed in that field&amp#27;[0m &amp#27;[90m# stepDefinitions.FreeDashboard_Step.user_should_see_that_entered_age_is_displayed_in_that_field()&amp#27;[0m
[INFO ] 2025-07-03 19:52:30.559 [main] LoggerLoad - Browser is closed
]]></system-out>
    <system-err><![CDATA[Jul 03, 2025 7:52:30 PM org.openqa.selenium.devtools.CdpVersionFinder findNearestMatch
WARNING: Unable to find an exact match for CDP version 138, returning the closest version; found: 137; Please update to a Selenium version that supports CDP version 138
]]></system-err>
  </testcase>
  <testcase name="runScenario[&quot;Verify height should accept only Numeric Value&quot;, &quot;Dashboard page validation for Registered Free account user&quot;](8)" classname="testRunner.TestRunner" time="1.566">
    <failure message="The step &apos;User is on login page&apos; and 1 other step(s) are undefined.&#10;You can implement these steps using the snippet(s) below:&#10;&#10;@Given(&quot;User is on login page&quot;)&#10;public void user_is_on_login_page() {&#10;    // Write code here that turns the phrase above into concrete actions&#10;    throw new io.cucumber.java.PendingException();&#10;}&#10;@When(&quot;Registered user clicks sign in after entering password&quot;)&#10;public void registered_user_clicks_sign_in_after_entering_password() {&#10;    // Write code here that turns the phrase above into concrete actions&#10;    throw new io.cucumber.java.PendingException();&#10;}&#10;" type="io.cucumber.testng.UndefinedStepException"><![CDATA[io.cucumber.testng.UndefinedStepException: 
The step 'User is on login page' and 1 other step(s) are undefined.
You can implement these steps using the snippet(s) below:

@Given("User is on login page")
public void user_is_on_login_page() {
    // Write code here that turns the phrase above into concrete actions
    throw new io.cucumber.java.PendingException();
}
@When("Registered user clicks sign in after entering password")
public void registered_user_clicks_sign_in_after_entering_password() {
    // Write code here that turns the phrase above into concrete actions
    throw new io.cucumber.java.PendingException();
}

	at .User is on login page(file:///C:/Users/nithi/EclipseWorkspace2024/Team01_Sweet-Debugger/src/test/resources/features/FreeDashboard.feature:6)
]]></failure>
    <system-out><![CDATA[
@sweet @FreeDashboard @DashboardHeight
Scenario: Verify height should accept only Numeric Value                &amp#27;[90m# src/test/resources/features/FreeDashboard.feature:36&amp#27;[0m
  &amp#27;[33mGiven &amp#27;[0m&amp#27;[33mUser is on login page&amp#27;[0m
  &amp#27;[36mWhen &amp#27;[0m&amp#27;[36mRegistered user clicks sign in after entering password&amp#27;[0m
  &amp#27;[36mGiven &amp#27;[0m&amp#27;[36mUser is in FreeDashboard Page&amp#27;[0m                                   &amp#27;[90m# stepDefinitions.FreeDashboard_Step.user_is_in_dashboard_page()&amp#27;[0m
  &amp#27;[36mWhen &amp#27;[0m&amp#27;[36mUser edit height field with valid data&amp#27;[0m                           &amp#27;[90m# stepDefinitions.FreeDashboard_Step.user_edit_height_field_with_valid_data()&amp#27;[0m
  &amp#27;[36mThen &amp#27;[0m&amp#27;[36mUser should see that entered height is displayed in height field&amp#27;[0m &amp#27;[90m# stepDefinitions.FreeDashboard_Step.user_should_see_that_entered_height_is_displayed_in_height_field()&amp#27;[0m
[INFO ] 2025-07-03 19:52:32.129 [main] LoggerLoad - Browser is closed
]]></system-out>
    <system-err><![CDATA[Jul 03, 2025 7:52:31 PM org.openqa.selenium.devtools.CdpVersionFinder findNearestMatch
WARNING: Unable to find an exact match for CDP version 138, returning the closest version; found: 137; Please update to a Selenium version that supports CDP version 138
]]></system-err>
  </testcase>
  <testcase name="runScenario[&quot;Verify Weight should accept only Numeric Value&quot;, &quot;Dashboard page validation for Registered Free account user&quot;](9)" classname="testRunner.TestRunner" time="2.275">
    <failure message="The step &apos;User is on login page&apos; and 1 other step(s) are undefined.&#10;You can implement these steps using the snippet(s) below:&#10;&#10;@Given(&quot;User is on login page&quot;)&#10;public void user_is_on_login_page() {&#10;    // Write code here that turns the phrase above into concrete actions&#10;    throw new io.cucumber.java.PendingException();&#10;}&#10;@When(&quot;Registered user clicks sign in after entering password&quot;)&#10;public void registered_user_clicks_sign_in_after_entering_password() {&#10;    // Write code here that turns the phrase above into concrete actions&#10;    throw new io.cucumber.java.PendingException();&#10;}&#10;" type="io.cucumber.testng.UndefinedStepException"><![CDATA[io.cucumber.testng.UndefinedStepException: 
The step 'User is on login page' and 1 other step(s) are undefined.
You can implement these steps using the snippet(s) below:

@Given("User is on login page")
public void user_is_on_login_page() {
    // Write code here that turns the phrase above into concrete actions
    throw new io.cucumber.java.PendingException();
}
@When("Registered user clicks sign in after entering password")
public void registered_user_clicks_sign_in_after_entering_password() {
    // Write code here that turns the phrase above into concrete actions
    throw new io.cucumber.java.PendingException();
}

	at .User is on login page(file:///C:/Users/nithi/EclipseWorkspace2024/Team01_Sweet-Debugger/src/test/resources/features/FreeDashboard.feature:6)
]]></failure>
    <system-out><![CDATA[
@sweet @FreeDashboard @DashboardWeight
Scenario: Verify Weight should accept only Numeric Value                &amp#27;[90m# src/test/resources/features/FreeDashboard.feature:42&amp#27;[0m
  &amp#27;[33mGiven &amp#27;[0m&amp#27;[33mUser is on login page&amp#27;[0m
  &amp#27;[36mWhen &amp#27;[0m&amp#27;[36mRegistered user clicks sign in after entering password&amp#27;[0m
  &amp#27;[36mGiven &amp#27;[0m&amp#27;[36mUser is in FreeDashboard Page&amp#27;[0m                                   &amp#27;[90m# stepDefinitions.FreeDashboard_Step.user_is_in_dashboard_page()&amp#27;[0m
  &amp#27;[36mWhen &amp#27;[0m&amp#27;[36mUser edit weight field with valid data&amp#27;[0m                           &amp#27;[90m# stepDefinitions.FreeDashboard_Step.user_edit_weight_field_with_valid_data()&amp#27;[0m
  &amp#27;[36mThen &amp#27;[0m&amp#27;[36mUser should see that entered weight is displayed in weight field&amp#27;[0m &amp#27;[90m# stepDefinitions.FreeDashboard_Step.user_should_see_that_entered_weight_is_displayed_in_weight_field()&amp#27;[0m
[INFO ] 2025-07-03 19:52:34.410 [main] LoggerLoad - Browser is closed
]]></system-out>
    <system-err><![CDATA[Jul 03, 2025 7:52:33 PM org.openqa.selenium.devtools.CdpVersionFinder findNearestMatch
WARNING: Unable to find an exact match for CDP version 138, returning the closest version; found: 137; Please update to a Selenium version that supports CDP version 138
]]></system-err>
  </testcase>
  <testcase name="runScenario[&quot;Verify Exercise Routine Level dropdown is displayed with options&quot;, &quot;Dashboard page validation for Registered Free account user&quot;](10)" classname="testRunner.TestRunner" time="2.633">
    <failure message="The step &apos;User is on login page&apos; and 1 other step(s) are undefined.&#10;You can implement these steps using the snippet(s) below:&#10;&#10;@Given(&quot;User is on login page&quot;)&#10;public void user_is_on_login_page() {&#10;    // Write code here that turns the phrase above into concrete actions&#10;    throw new io.cucumber.java.PendingException();&#10;}&#10;@When(&quot;Registered user clicks sign in after entering password&quot;)&#10;public void registered_user_clicks_sign_in_after_entering_password() {&#10;    // Write code here that turns the phrase above into concrete actions&#10;    throw new io.cucumber.java.PendingException();&#10;}&#10;" type="io.cucumber.testng.UndefinedStepException"><![CDATA[io.cucumber.testng.UndefinedStepException: 
The step 'User is on login page' and 1 other step(s) are undefined.
You can implement these steps using the snippet(s) below:

@Given("User is on login page")
public void user_is_on_login_page() {
    // Write code here that turns the phrase above into concrete actions
    throw new io.cucumber.java.PendingException();
}
@When("Registered user clicks sign in after entering password")
public void registered_user_clicks_sign_in_after_entering_password() {
    // Write code here that turns the phrase above into concrete actions
    throw new io.cucumber.java.PendingException();
}

	at .User is on login page(file:///C:/Users/nithi/EclipseWorkspace2024/Team01_Sweet-Debugger/src/test/resources/features/FreeDashboard.feature:6)
]]></failure>
    <system-out><![CDATA[
@sweet @FreeDashboard @DashboardWeight
Scenario: Verify Exercise Routine Level dropdown is displayed with options &amp#27;[90m# src/test/resources/features/FreeDashboard.feature:48&amp#27;[0m
  &amp#27;[33mGiven &amp#27;[0m&amp#27;[33mUser is on login page&amp#27;[0m
  &amp#27;[36mWhen &amp#27;[0m&amp#27;[36mRegistered user clicks sign in after entering password&amp#27;[0m
  &amp#27;[36mGiven &amp#27;[0m&amp#27;[36mUser is in FreeDashboard Page&amp#27;[0m                                      &amp#27;[90m# stepDefinitions.FreeDashboard_Step.user_is_in_dashboard_page()&amp#27;[0m
  &amp#27;[36mWhen &amp#27;[0m&amp#27;[36mUser clicks the dropdown of Exercise Routine Level&amp#27;[0m                  &amp#27;[90m# stepDefinitions.FreeDashboard_Step.user_clicks_the_dropdown_of_exercise_routine_level()&amp#27;[0m
  &amp#27;[36mThen &amp#27;[0m&amp#27;[36mUser should see the dropdown with options Easy,Medium,Hard&amp#27;[0m          &amp#27;[90m# stepDefinitions.FreeDashboard_Step.user_should_see_the_dropdown_with_options_easy_medium_hard()&amp#27;[0m
[INFO ] 2025-07-03 19:52:37.043 [main] LoggerLoad - Browser is closed
]]></system-out>
    <system-err><![CDATA[Jul 03, 2025 7:52:35 PM org.openqa.selenium.devtools.CdpVersionFinder findNearestMatch
WARNING: Unable to find an exact match for CDP version 138, returning the closest version; found: 137; Please update to a Selenium version that supports CDP version 138
]]></system-err>
  </testcase>
  <testcase name="runScenario[&quot;Verify Cuisine Preferences dropdown is displayed with options&quot;, &quot;Dashboard page validation for Registered Free account user&quot;](11)" classname="testRunner.TestRunner" time="2.305">
    <failure message="The step &apos;User is on login page&apos; and 1 other step(s) are undefined.&#10;You can implement these steps using the snippet(s) below:&#10;&#10;@Given(&quot;User is on login page&quot;)&#10;public void user_is_on_login_page() {&#10;    // Write code here that turns the phrase above into concrete actions&#10;    throw new io.cucumber.java.PendingException();&#10;}&#10;@When(&quot;Registered user clicks sign in after entering password&quot;)&#10;public void registered_user_clicks_sign_in_after_entering_password() {&#10;    // Write code here that turns the phrase above into concrete actions&#10;    throw new io.cucumber.java.PendingException();&#10;}&#10;" type="io.cucumber.testng.UndefinedStepException"><![CDATA[io.cucumber.testng.UndefinedStepException: 
The step 'User is on login page' and 1 other step(s) are undefined.
You can implement these steps using the snippet(s) below:

@Given("User is on login page")
public void user_is_on_login_page() {
    // Write code here that turns the phrase above into concrete actions
    throw new io.cucumber.java.PendingException();
}
@When("Registered user clicks sign in after entering password")
public void registered_user_clicks_sign_in_after_entering_password() {
    // Write code here that turns the phrase above into concrete actions
    throw new io.cucumber.java.PendingException();
}

	at .User is on login page(file:///C:/Users/nithi/EclipseWorkspace2024/Team01_Sweet-Debugger/src/test/resources/features/FreeDashboard.feature:6)
]]></failure>
    <system-out><![CDATA[
@sweet @FreeDashboard @DashboardCuisinePreferences
Scenario: Verify Cuisine Preferences dropdown is displayed with options                                                               &amp#27;[90m# src/test/resources/features/FreeDashboard.feature:54&amp#27;[0m
  &amp#27;[33mGiven &amp#27;[0m&amp#27;[33mUser is on login page&amp#27;[0m
  &amp#27;[36mWhen &amp#27;[0m&amp#27;[36mRegistered user clicks sign in after entering password&amp#27;[0m
  &amp#27;[36mGiven &amp#27;[0m&amp#27;[36mUser is in FreeDashboard Page&amp#27;[0m                                                                                                 &amp#27;[90m# stepDefinitions.FreeDashboard_Step.user_is_in_dashboard_page()&amp#27;[0m
  &amp#27;[36mWhen &amp#27;[0m&amp#27;[36mUser clicks the dropdown of Cuisine Preferences&amp#27;[0m                                                                                &amp#27;[90m# stepDefinitions.FreeDashboard_Step.user_clicks_the_dropdown_of_cuisine_preferences()&amp#27;[0m
  &amp#27;[36mThen &amp#27;[0m&amp#27;[36mUser should see the dropdown with list of cuisine types Indian,American,Continental,Mediterranean,Asian,Middle Eastern,Mexican&amp#27;[0m &amp#27;[90m# stepDefinitions.FreeDashboard_Step.user_should_see_the_dropdown_with_list_of_cuisine_types_indian_american_continental_mediterranean_asian_middle_eastern_mexican()&amp#27;[0m
[INFO ] 2025-07-03 19:52:39.349 [main] LoggerLoad - Browser is closed
]]></system-out>
    <system-err><![CDATA[Jul 03, 2025 7:52:38 PM org.openqa.selenium.devtools.CdpVersionFinder findNearestMatch
WARNING: Unable to find an exact match for CDP version 138, returning the closest version; found: 137; Please update to a Selenium version that supports CDP version 138
]]></system-err>
  </testcase>
  <testcase name="runScenario[&quot;Verify Food Allergies dropdown is displayed with options&quot;, &quot;Dashboard page validation for Registered Free account user&quot;](12)" classname="testRunner.TestRunner" time="2.38">
    <failure message="The step &apos;User is on login page&apos; and 1 other step(s) are undefined.&#10;You can implement these steps using the snippet(s) below:&#10;&#10;@Given(&quot;User is on login page&quot;)&#10;public void user_is_on_login_page() {&#10;    // Write code here that turns the phrase above into concrete actions&#10;    throw new io.cucumber.java.PendingException();&#10;}&#10;@When(&quot;Registered user clicks sign in after entering password&quot;)&#10;public void registered_user_clicks_sign_in_after_entering_password() {&#10;    // Write code here that turns the phrase above into concrete actions&#10;    throw new io.cucumber.java.PendingException();&#10;}&#10;" type="io.cucumber.testng.UndefinedStepException"><![CDATA[io.cucumber.testng.UndefinedStepException: 
The step 'User is on login page' and 1 other step(s) are undefined.
You can implement these steps using the snippet(s) below:

@Given("User is on login page")
public void user_is_on_login_page() {
    // Write code here that turns the phrase above into concrete actions
    throw new io.cucumber.java.PendingException();
}
@When("Registered user clicks sign in after entering password")
public void registered_user_clicks_sign_in_after_entering_password() {
    // Write code here that turns the phrase above into concrete actions
    throw new io.cucumber.java.PendingException();
}

	at .User is on login page(file:///C:/Users/nithi/EclipseWorkspace2024/Team01_Sweet-Debugger/src/test/resources/features/FreeDashboard.feature:6)
]]></failure>
    <system-out><![CDATA[
@sweet @FreeDashboard @DashboardFoodAllergies
Scenario: Verify Food Allergies dropdown is displayed with options                                                 &amp#27;[90m# src/test/resources/features/FreeDashboard.feature:60&amp#27;[0m
  &amp#27;[33mGiven &amp#27;[0m&amp#27;[33mUser is on login page&amp#27;[0m
  &amp#27;[36mWhen &amp#27;[0m&amp#27;[36mRegistered user clicks sign in after entering password&amp#27;[0m
  &amp#27;[36mGiven &amp#27;[0m&amp#27;[36mUser is in FreeDashboard Page&amp#27;[0m                                                                              &amp#27;[90m# stepDefinitions.FreeDashboard_Step.user_is_in_dashboard_page()&amp#27;[0m
  &amp#27;[36mWhen &amp#27;[0m&amp#27;[36mUser clicks the dropdown of Food Allergies&amp#27;[0m                                                                  &amp#27;[90m# stepDefinitions.FreeDashboard_Step.user_clicks_the_dropdown_of_food_allergies()&amp#27;[0m
  &amp#27;[36mThen &amp#27;[0m&amp#27;[36mUser should see the dropdown list of common allergy options None,Dairy,Gluten,Shellfish,Soy,Eggs,Nuts,Other&amp#27;[0m &amp#27;[90m# stepDefinitions.FreeDashboard_Step.user_should_see_the_dropdown_list_of_common_allergy_options_none_dairy_gluten_shellfish_soy_eggs_nuts_other()&amp#27;[0m
[INFO ] 2025-07-03 19:52:41.725 [main] LoggerLoad - Browser is closed
]]></system-out>
    <system-err><![CDATA[Jul 03, 2025 7:52:40 PM org.openqa.selenium.devtools.CdpVersionFinder findNearestMatch
WARNING: Unable to find an exact match for CDP version 138, returning the closest version; found: 137; Please update to a Selenium version that supports CDP version 138
]]></system-err>
  </testcase>
  <testcase name="runScenario[&quot;Verify the header Stress Management Techniques&quot;, &quot;Dashboard page validation for Registered Free account user&quot;](13)" classname="testRunner.TestRunner" time="2.108">
    <failure message="The step &apos;User is on login page&apos; and 1 other step(s) are undefined.&#10;You can implement these steps using the snippet(s) below:&#10;&#10;@Given(&quot;User is on login page&quot;)&#10;public void user_is_on_login_page() {&#10;    // Write code here that turns the phrase above into concrete actions&#10;    throw new io.cucumber.java.PendingException();&#10;}&#10;@When(&quot;Registered user clicks sign in after entering password&quot;)&#10;public void registered_user_clicks_sign_in_after_entering_password() {&#10;    // Write code here that turns the phrase above into concrete actions&#10;    throw new io.cucumber.java.PendingException();&#10;}&#10;" type="io.cucumber.testng.UndefinedStepException"><![CDATA[io.cucumber.testng.UndefinedStepException: 
The step 'User is on login page' and 1 other step(s) are undefined.
You can implement these steps using the snippet(s) below:

@Given("User is on login page")
public void user_is_on_login_page() {
    // Write code here that turns the phrase above into concrete actions
    throw new io.cucumber.java.PendingException();
}
@When("Registered user clicks sign in after entering password")
public void registered_user_clicks_sign_in_after_entering_password() {
    // Write code here that turns the phrase above into concrete actions
    throw new io.cucumber.java.PendingException();
}

	at .User is on login page(file:///C:/Users/nithi/EclipseWorkspace2024/Team01_Sweet-Debugger/src/test/resources/features/FreeDashboard.feature:6)
]]></failure>
    <system-out><![CDATA[
@sweet @FreeDashboard @DashboardStressManagement
Scenario: Verify the header Stress Management Techniques      &amp#27;[90m# src/test/resources/features/FreeDashboard.feature:66&amp#27;[0m
  &amp#27;[33mGiven &amp#27;[0m&amp#27;[33mUser is on login page&amp#27;[0m
  &amp#27;[36mWhen &amp#27;[0m&amp#27;[36mRegistered user clicks sign in after entering password&amp#27;[0m
  &amp#27;[36mGiven &amp#27;[0m&amp#27;[36mUser is in FreeDashboard Page&amp#27;[0m                         &amp#27;[90m# stepDefinitions.FreeDashboard_Step.user_is_in_dashboard_page()&amp#27;[0m
  &amp#27;[36mWhen &amp#27;[0m&amp#27;[36mUser scrolls to the Stress Management section&amp#27;[0m          &amp#27;[90m# stepDefinitions.FreeDashboard_Step.user_scrolls_to_the_stress_management_section()&amp#27;[0m
  &amp#27;[36mThen &amp#27;[0m&amp#27;[36mUser should see the Title Stress Management Techniques&amp#27;[0m &amp#27;[90m# stepDefinitions.FreeDashboard_Step.user_should_see_the_title_stress_management_techniques()&amp#27;[0m
[INFO ] 2025-07-03 19:52:43.834 [main] LoggerLoad - Browser is closed
]]></system-out>
    <system-err><![CDATA[Jul 03, 2025 7:52:42 PM org.openqa.selenium.devtools.CdpVersionFinder findNearestMatch
WARNING: Unable to find an exact match for CDP version 138, returning the closest version; found: 137; Please update to a Selenium version that supports CDP version 138
]]></system-err>
  </testcase>
  <testcase name="runScenario[&quot;Verify the navigation bar order&quot;, &quot;Dashboard page validation for Registered Free account user&quot;](14)" classname="testRunner.TestRunner" time="2.377">
    <failure message="The step &apos;User is on login page&apos; and 1 other step(s) are undefined.&#10;You can implement these steps using the snippet(s) below:&#10;&#10;@Given(&quot;User is on login page&quot;)&#10;public void user_is_on_login_page() {&#10;    // Write code here that turns the phrase above into concrete actions&#10;    throw new io.cucumber.java.PendingException();&#10;}&#10;@When(&quot;Registered user clicks sign in after entering password&quot;)&#10;public void registered_user_clicks_sign_in_after_entering_password() {&#10;    // Write code here that turns the phrase above into concrete actions&#10;    throw new io.cucumber.java.PendingException();&#10;}&#10;" type="io.cucumber.testng.UndefinedStepException"><![CDATA[io.cucumber.testng.UndefinedStepException: 
The step 'User is on login page' and 1 other step(s) are undefined.
You can implement these steps using the snippet(s) below:

@Given("User is on login page")
public void user_is_on_login_page() {
    // Write code here that turns the phrase above into concrete actions
    throw new io.cucumber.java.PendingException();
}
@When("Registered user clicks sign in after entering password")
public void registered_user_clicks_sign_in_after_entering_password() {
    // Write code here that turns the phrase above into concrete actions
    throw new io.cucumber.java.PendingException();
}

	at .User is on login page(file:///C:/Users/nithi/EclipseWorkspace2024/Team01_Sweet-Debugger/src/test/resources/features/FreeDashboard.feature:6)
]]></failure>
    <system-out><![CDATA[
@sweet @FreeDashboard @DashboardNavigationBar
Scenario: Verify the navigation bar order                                   &amp#27;[90m# src/test/resources/features/FreeDashboard.feature:72&amp#27;[0m
  &amp#27;[33mGiven &amp#27;[0m&amp#27;[33mUser is on login page&amp#27;[0m
  &amp#27;[36mWhen &amp#27;[0m&amp#27;[36mRegistered user clicks sign in after entering password&amp#27;[0m
  &amp#27;[36mGiven &amp#27;[0m&amp#27;[36mUser is in FreeDashboard Page&amp#27;[0m                                       &amp#27;[90m# stepDefinitions.FreeDashboard_Step.user_is_in_dashboard_page()&amp#27;[0m
  &amp#27;[36mWhen &amp#27;[0m&amp#27;[36mUser scrolls to the navigation bar section&amp#27;[0m                           &amp#27;[90m# stepDefinitions.FreeDashboard_Step.user_scrolls_to_the_navigation_bar_section()&amp#27;[0m
  &amp#27;[36mThen &amp#27;[0m&amp#27;[36muser should see tabs Meditation, Breathing, Movement and Mindfulness&amp#27;[0m &amp#27;[90m# stepDefinitions.FreeDashboard_Step.user_should_see_tabs_meditation_breathing_movement_and_mindfulness()&amp#27;[0m
[INFO ] 2025-07-03 19:52:46.213 [main] LoggerLoad - Browser is closed
]]></system-out>
    <system-err><![CDATA[Jul 03, 2025 7:52:44 PM org.openqa.selenium.devtools.CdpVersionFinder findNearestMatch
WARNING: Unable to find an exact match for CDP version 138, returning the closest version; found: 137; Please update to a Selenium version that supports CDP version 138
]]></system-err>
  </testcase>
  <testcase name="runScenario[&quot;Verify Guided Meditation section is visible&quot;, &quot;Dashboard page validation for Registered Free account user&quot;](15)" classname="testRunner.TestRunner" time="2.172">
    <failure message="The step &apos;User is on login page&apos; and 1 other step(s) are undefined.&#10;You can implement these steps using the snippet(s) below:&#10;&#10;@Given(&quot;User is on login page&quot;)&#10;public void user_is_on_login_page() {&#10;    // Write code here that turns the phrase above into concrete actions&#10;    throw new io.cucumber.java.PendingException();&#10;}&#10;@When(&quot;Registered user clicks sign in after entering password&quot;)&#10;public void registered_user_clicks_sign_in_after_entering_password() {&#10;    // Write code here that turns the phrase above into concrete actions&#10;    throw new io.cucumber.java.PendingException();&#10;}&#10;" type="io.cucumber.testng.UndefinedStepException"><![CDATA[io.cucumber.testng.UndefinedStepException: 
The step 'User is on login page' and 1 other step(s) are undefined.
You can implement these steps using the snippet(s) below:

@Given("User is on login page")
public void user_is_on_login_page() {
    // Write code here that turns the phrase above into concrete actions
    throw new io.cucumber.java.PendingException();
}
@When("Registered user clicks sign in after entering password")
public void registered_user_clicks_sign_in_after_entering_password() {
    // Write code here that turns the phrase above into concrete actions
    throw new io.cucumber.java.PendingException();
}

	at .User is on login page(file:///C:/Users/nithi/EclipseWorkspace2024/Team01_Sweet-Debugger/src/test/resources/features/FreeDashboard.feature:6)
]]></failure>
    <system-out><![CDATA[
@sweet @FreeDashboard @DashboardGuidedMeditation
Scenario: Verify Guided Meditation section is visible           &amp#27;[90m# src/test/resources/features/FreeDashboard.feature:78&amp#27;[0m
  &amp#27;[33mGiven &amp#27;[0m&amp#27;[33mUser is on login page&amp#27;[0m
  &amp#27;[36mWhen &amp#27;[0m&amp#27;[36mRegistered user clicks sign in after entering password&amp#27;[0m
  &amp#27;[36mGiven &amp#27;[0m&amp#27;[36mUser is in FreeDashboard Page&amp#27;[0m                           &amp#27;[90m# stepDefinitions.FreeDashboard_Step.user_is_in_dashboard_page()&amp#27;[0m
  &amp#27;[36mWhen &amp#27;[0m&amp#27;[36mUser clicks Meditation tab&amp#27;[0m                               &amp#27;[90m# stepDefinitions.FreeDashboard_Step.user_clicks_meditation_tab()&amp#27;[0m
  &amp#27;[36mThen &amp#27;[0m&amp#27;[36mUser should see the content with title Guided Meditation&amp#27;[0m &amp#27;[90m# stepDefinitions.FreeDashboard_Step.user_should_see_the_content_with_title_guided_meditation()&amp#27;[0m
[INFO ] 2025-07-03 19:52:48.385 [main] LoggerLoad - Browser is closed
]]></system-out>
    <system-err><![CDATA[Jul 03, 2025 7:52:47 PM org.openqa.selenium.devtools.CdpVersionFinder findNearestMatch
WARNING: Unable to find an exact match for CDP version 138, returning the closest version; found: 137; Please update to a Selenium version that supports CDP version 138
]]></system-err>
  </testcase>
  <testcase name="runScenario[&quot;Verify meditation duration options are displayed&quot;, &quot;Dashboard page validation for Registered Free account user&quot;](16)" classname="testRunner.TestRunner" time="2.297">
    <failure message="The step &apos;User is on login page&apos; and 1 other step(s) are undefined.&#10;You can implement these steps using the snippet(s) below:&#10;&#10;@Given(&quot;User is on login page&quot;)&#10;public void user_is_on_login_page() {&#10;    // Write code here that turns the phrase above into concrete actions&#10;    throw new io.cucumber.java.PendingException();&#10;}&#10;@When(&quot;Registered user clicks sign in after entering password&quot;)&#10;public void registered_user_clicks_sign_in_after_entering_password() {&#10;    // Write code here that turns the phrase above into concrete actions&#10;    throw new io.cucumber.java.PendingException();&#10;}&#10;" type="io.cucumber.testng.UndefinedStepException"><![CDATA[io.cucumber.testng.UndefinedStepException: 
The step 'User is on login page' and 1 other step(s) are undefined.
You can implement these steps using the snippet(s) below:

@Given("User is on login page")
public void user_is_on_login_page() {
    // Write code here that turns the phrase above into concrete actions
    throw new io.cucumber.java.PendingException();
}
@When("Registered user clicks sign in after entering password")
public void registered_user_clicks_sign_in_after_entering_password() {
    // Write code here that turns the phrase above into concrete actions
    throw new io.cucumber.java.PendingException();
}

	at .User is on login page(file:///C:/Users/nithi/EclipseWorkspace2024/Team01_Sweet-Debugger/src/test/resources/features/FreeDashboard.feature:6)
]]></failure>
    <system-out><![CDATA[
@sweet @FreeDashboard @DashboardMeditationDurationButtons
Scenario: Verify meditation duration options are displayed    &amp#27;[90m# src/test/resources/features/FreeDashboard.feature:84&amp#27;[0m
  &amp#27;[33mGiven &amp#27;[0m&amp#27;[33mUser is on login page&amp#27;[0m
  &amp#27;[36mWhen &amp#27;[0m&amp#27;[36mRegistered user clicks sign in after entering password&amp#27;[0m
  &amp#27;[36mGiven &amp#27;[0m&amp#27;[36mUser is in FreeDashboard Page&amp#27;[0m                         &amp#27;[90m# stepDefinitions.FreeDashboard_Step.user_is_in_dashboard_page()&amp#27;[0m
  &amp#27;[36mWhen &amp#27;[0m&amp#27;[36mUser clicks Meditation tab&amp#27;[0m                             &amp#27;[90m# stepDefinitions.FreeDashboard_Step.user_clicks_meditation_tab()&amp#27;[0m
  &amp#27;[36mThen &amp#27;[0m&amp#27;[36mUser should see buttons for &amp#27;[0m&amp#27;[36m&amp#27;[1m5&amp#27;[0m&amp#27;[36m min, &amp#27;[0m&amp#27;[36m&amp#27;[1m10&amp#27;[0m&amp#27;[36m min, and &amp#27;[0m&amp#27;[36m&amp#27;[1m15&amp#27;[0m&amp#27;[36m min&amp#27;[0m  &amp#27;[90m# stepDefinitions.FreeDashboard_Step.user_should_see_buttons_for_min_min_and_min(java.lang.Integer,java.lang.Integer,java.lang.Integer)&amp#27;[0m
[INFO ] 2025-07-03 19:52:50.684 [main] LoggerLoad - Browser is closed
]]></system-out>
    <system-err><![CDATA[Jul 03, 2025 7:52:49 PM org.openqa.selenium.devtools.CdpVersionFinder findNearestMatch
WARNING: Unable to find an exact match for CDP version 138, returning the closest version; found: 137; Please update to a Selenium version that supports CDP version 138
]]></system-err>
  </testcase>
  <testcase name="runScenario[&quot;Verify audio player progress bar and time indicators&quot;, &quot;Dashboard page validation for Registered Free account user&quot;](17)" classname="testRunner.TestRunner" time="2.219">
    <failure message="The step &apos;User is on login page&apos; and 1 other step(s) are undefined.&#10;You can implement these steps using the snippet(s) below:&#10;&#10;@Given(&quot;User is on login page&quot;)&#10;public void user_is_on_login_page() {&#10;    // Write code here that turns the phrase above into concrete actions&#10;    throw new io.cucumber.java.PendingException();&#10;}&#10;@When(&quot;Registered user clicks sign in after entering password&quot;)&#10;public void registered_user_clicks_sign_in_after_entering_password() {&#10;    // Write code here that turns the phrase above into concrete actions&#10;    throw new io.cucumber.java.PendingException();&#10;}&#10;" type="io.cucumber.testng.UndefinedStepException"><![CDATA[io.cucumber.testng.UndefinedStepException: 
The step 'User is on login page' and 1 other step(s) are undefined.
You can implement these steps using the snippet(s) below:

@Given("User is on login page")
public void user_is_on_login_page() {
    // Write code here that turns the phrase above into concrete actions
    throw new io.cucumber.java.PendingException();
}
@When("Registered user clicks sign in after entering password")
public void registered_user_clicks_sign_in_after_entering_password() {
    // Write code here that turns the phrase above into concrete actions
    throw new io.cucumber.java.PendingException();
}

	at .User is on login page(file:///C:/Users/nithi/EclipseWorkspace2024/Team01_Sweet-Debugger/src/test/resources/features/FreeDashboard.feature:6)
]]></failure>
    <system-out><![CDATA[
@sweet @FreeDashboard @DashboardAudioIndicator
Scenario: Verify audio player progress bar and time indicators                      &amp#27;[90m# src/test/resources/features/FreeDashboard.feature:90&amp#27;[0m
  &amp#27;[33mGiven &amp#27;[0m&amp#27;[33mUser is on login page&amp#27;[0m
  &amp#27;[36mWhen &amp#27;[0m&amp#27;[36mRegistered user clicks sign in after entering password&amp#27;[0m
  &amp#27;[36mGiven &amp#27;[0m&amp#27;[36mUser is in FreeDashboard Page&amp#27;[0m                                               &amp#27;[90m# stepDefinitions.FreeDashboard_Step.user_is_in_dashboard_page()&amp#27;[0m
  &amp#27;[36mWhen &amp#27;[0m&amp#27;[36mUser clicks Meditation tab&amp#27;[0m                                                   &amp#27;[90m# stepDefinitions.FreeDashboard_Step.user_clicks_meditation_tab()&amp#27;[0m
  &amp#27;[36mThen &amp#27;[0m&amp#27;[36mUser should see a progress bar with time indicators &amp#27;[0m&amp#27;[36m&amp#27;[1m0&amp#27;[0m&amp#27;[36m:&amp#27;[0m&amp#27;[36m&amp#27;[1m00&amp#27;[0m&amp#27;[36m and &amp#27;[0m&amp#27;[36m&amp#27;[1m5&amp#27;[0m&amp#27;[36m:&amp#27;[0m&amp#27;[36m&amp#27;[1m00&amp#27;[0m&amp#27;[36m by default&amp#27;[0m &amp#27;[90m# stepDefinitions.FreeDashboard_Step.user_should_see_a_progress_bar_with_time_indicators_and_by_default(java.lang.Integer,java.lang.Integer,java.lang.Integer,java.lang.Integer)&amp#27;[0m
[INFO ] 2025-07-03 19:52:52.901 [main] LoggerLoad - Browser is closed
]]></system-out>
    <system-err><![CDATA[Jul 03, 2025 7:52:51 PM org.openqa.selenium.devtools.CdpVersionFinder findNearestMatch
WARNING: Unable to find an exact match for CDP version 138, returning the closest version; found: 137; Please update to a Selenium version that supports CDP version 138
]]></system-err>
  </testcase>
  <testcase name="runScenario[&quot;Verify audio playback functionality&quot;, &quot;Dashboard page validation for Registered Free account user&quot;](18)" classname="testRunner.TestRunner" time="2.072">
    <failure message="The step &apos;User is on login page&apos; and 1 other step(s) are undefined.&#10;You can implement these steps using the snippet(s) below:&#10;&#10;@Given(&quot;User is on login page&quot;)&#10;public void user_is_on_login_page() {&#10;    // Write code here that turns the phrase above into concrete actions&#10;    throw new io.cucumber.java.PendingException();&#10;}&#10;@When(&quot;Registered user clicks sign in after entering password&quot;)&#10;public void registered_user_clicks_sign_in_after_entering_password() {&#10;    // Write code here that turns the phrase above into concrete actions&#10;    throw new io.cucumber.java.PendingException();&#10;}&#10;" type="io.cucumber.testng.UndefinedStepException"><![CDATA[io.cucumber.testng.UndefinedStepException: 
The step 'User is on login page' and 1 other step(s) are undefined.
You can implement these steps using the snippet(s) below:

@Given("User is on login page")
public void user_is_on_login_page() {
    // Write code here that turns the phrase above into concrete actions
    throw new io.cucumber.java.PendingException();
}
@When("Registered user clicks sign in after entering password")
public void registered_user_clicks_sign_in_after_entering_password() {
    // Write code here that turns the phrase above into concrete actions
    throw new io.cucumber.java.PendingException();
}

	at .User is on login page(file:///C:/Users/nithi/EclipseWorkspace2024/Team01_Sweet-Debugger/src/test/resources/features/FreeDashboard.feature:6)
]]></failure>
    <system-out><![CDATA[
@sweet @FreeDashboard @DashboardAudioPlayback
Scenario: Verify audio playback functionality                                                               &amp#27;[90m# src/test/resources/features/FreeDashboard.feature:96&amp#27;[0m
  &amp#27;[33mGiven &amp#27;[0m&amp#27;[33mUser is on login page&amp#27;[0m
  &amp#27;[36mWhen &amp#27;[0m&amp#27;[36mRegistered user clicks sign in after entering password&amp#27;[0m
  &amp#27;[36mGiven &amp#27;[0m&amp#27;[36mUser is in FreeDashboard Page&amp#27;[0m                                                                       &amp#27;[90m# stepDefinitions.FreeDashboard_Step.user_is_in_dashboard_page()&amp#27;[0m
  &amp#27;[36mWhen &amp#27;[0m&amp#27;[36mUser clicks audio play button&amp#27;[0m                                                                        &amp#27;[90m# stepDefinitions.FreeDashboard_Step.user_clicks_audio_play_button()&amp#27;[0m
  &amp#27;[36mThen &amp#27;[0m&amp#27;[36mUser Should see meditation audio should start playing and the progress bar should update accordingly&amp#27;[0m &amp#27;[90m# stepDefinitions.FreeDashboard_Step.user_should_see_meditation_audio_should_start_playing_and_the_progress_bar_should_update_accordingly()&amp#27;[0m
[INFO ] 2025-07-03 19:52:54.976 [main] LoggerLoad - Browser is closed
]]></system-out>
    <system-err><![CDATA[Jul 03, 2025 7:52:53 PM org.openqa.selenium.devtools.CdpVersionFinder findNearestMatch
WARNING: Unable to find an exact match for CDP version 138, returning the closest version; found: 137; Please update to a Selenium version that supports CDP version 138
]]></system-err>
  </testcase>
  <testcase name="runScenario[&quot;Verify the Title displayed under Movement tab&quot;, &quot;Dashboard page validation for Registered Free account user&quot;](19)" classname="testRunner.TestRunner" time="2.194">
    <failure message="The step &apos;User is on login page&apos; and 1 other step(s) are undefined.&#10;You can implement these steps using the snippet(s) below:&#10;&#10;@Given(&quot;User is on login page&quot;)&#10;public void user_is_on_login_page() {&#10;    // Write code here that turns the phrase above into concrete actions&#10;    throw new io.cucumber.java.PendingException();&#10;}&#10;@When(&quot;Registered user clicks sign in after entering password&quot;)&#10;public void registered_user_clicks_sign_in_after_entering_password() {&#10;    // Write code here that turns the phrase above into concrete actions&#10;    throw new io.cucumber.java.PendingException();&#10;}&#10;" type="io.cucumber.testng.UndefinedStepException"><![CDATA[io.cucumber.testng.UndefinedStepException: 
The step 'User is on login page' and 1 other step(s) are undefined.
You can implement these steps using the snippet(s) below:

@Given("User is on login page")
public void user_is_on_login_page() {
    // Write code here that turns the phrase above into concrete actions
    throw new io.cucumber.java.PendingException();
}
@When("Registered user clicks sign in after entering password")
public void registered_user_clicks_sign_in_after_entering_password() {
    // Write code here that turns the phrase above into concrete actions
    throw new io.cucumber.java.PendingException();
}

	at .User is on login page(file:///C:/Users/nithi/EclipseWorkspace2024/Team01_Sweet-Debugger/src/test/resources/features/FreeDashboard.feature:6)
]]></failure>
    <system-out><![CDATA[
@sweet @FreeDashboard @DashboardGentleMovement
Scenario: Verify the Title displayed under Movement tab       &amp#27;[90m# src/test/resources/features/FreeDashboard.feature:102&amp#27;[0m
  &amp#27;[33mGiven &amp#27;[0m&amp#27;[33mUser is on login page&amp#27;[0m
  &amp#27;[36mWhen &amp#27;[0m&amp#27;[36mRegistered user clicks sign in after entering password&amp#27;[0m
  &amp#27;[36mGiven &amp#27;[0m&amp#27;[36mUser is in FreeDashboard Page&amp#27;[0m                         &amp#27;[90m# stepDefinitions.FreeDashboard_Step.user_is_in_dashboard_page()&amp#27;[0m
  &amp#27;[36mWhen &amp#27;[0m&amp#27;[36mUser clicks Movement Tab&amp#27;[0m                               &amp#27;[90m# stepDefinitions.FreeDashboard_Step.user_clicks_movement_tab()&amp#27;[0m
  &amp#27;[36mThen &amp#27;[0m&amp#27;[36mUser should see title Gentle Movement&amp#27;[0m                  &amp#27;[90m# stepDefinitions.FreeDashboard_Step.user_should_see_title_gentle_movement()&amp#27;[0m
[INFO ] 2025-07-03 19:52:57.171 [main] LoggerLoad - Browser is closed
]]></system-out>
    <system-err><![CDATA[Jul 03, 2025 7:52:56 PM org.openqa.selenium.devtools.CdpVersionFinder findNearestMatch
WARNING: Unable to find an exact match for CDP version 138, returning the closest version; found: 137; Please update to a Selenium version that supports CDP version 138
]]></system-err>
  </testcase>
  <testcase name="runScenario[&quot;Verify the content displayed under Movement tab&quot;, &quot;Dashboard page validation for Registered Free account user&quot;](20)" classname="testRunner.TestRunner" time="2.313">
    <failure message="The step &apos;User is on login page&apos; and 1 other step(s) are undefined.&#10;You can implement these steps using the snippet(s) below:&#10;&#10;@Given(&quot;User is on login page&quot;)&#10;public void user_is_on_login_page() {&#10;    // Write code here that turns the phrase above into concrete actions&#10;    throw new io.cucumber.java.PendingException();&#10;}&#10;@When(&quot;Registered user clicks sign in after entering password&quot;)&#10;public void registered_user_clicks_sign_in_after_entering_password() {&#10;    // Write code here that turns the phrase above into concrete actions&#10;    throw new io.cucumber.java.PendingException();&#10;}&#10;" type="io.cucumber.testng.UndefinedStepException"><![CDATA[io.cucumber.testng.UndefinedStepException: 
The step 'User is on login page' and 1 other step(s) are undefined.
You can implement these steps using the snippet(s) below:

@Given("User is on login page")
public void user_is_on_login_page() {
    // Write code here that turns the phrase above into concrete actions
    throw new io.cucumber.java.PendingException();
}
@When("Registered user clicks sign in after entering password")
public void registered_user_clicks_sign_in_after_entering_password() {
    // Write code here that turns the phrase above into concrete actions
    throw new io.cucumber.java.PendingException();
}

	at .User is on login page(file:///C:/Users/nithi/EclipseWorkspace2024/Team01_Sweet-Debugger/src/test/resources/features/FreeDashboard.feature:6)
]]></failure>
    <system-out><![CDATA[
@sweet @FreeDashboard @DashboardMovementDescription
Scenario: Verify the content displayed under Movement tab                                                                                                                                                            &amp#27;[90m# src/test/resources/features/FreeDashboard.feature:108&amp#27;[0m
  &amp#27;[33mGiven &amp#27;[0m&amp#27;[33mUser is on login page&amp#27;[0m
  &amp#27;[36mWhen &amp#27;[0m&amp#27;[36mRegistered user clicks sign in after entering password&amp#27;[0m
  &amp#27;[36mGiven &amp#27;[0m&amp#27;[36mUser is in FreeDashboard Page&amp#27;[0m                                                                                                                                                                                &amp#27;[90m# stepDefinitions.FreeDashboard_Step.user_is_in_dashboard_page()&amp#27;[0m
  &amp#27;[36mWhen &amp#27;[0m&amp#27;[36mUser clicks Movement Tab&amp#27;[0m                                                                                                                                                                                      &amp#27;[90m# stepDefinitions.FreeDashboard_Step.user_clicks_movement_tab()&amp#27;[0m
  &amp#27;[36mThen &amp#27;[0m&amp#27;[36mUser should see the description simple stretches to release tension: with the bullet points, Neck rolls - 5 times each direction, Shoulder circles - 10 times, Wrist and ankle rotations, Gentle torso twists&amp#27;[0m &amp#27;[90m# stepDefinitions.FreeDashboard_Step.user_should_see_movement_tab_description()&amp#27;[0m
[INFO ] 2025-07-03 19:52:59.485 [main] LoggerLoad - Browser is closed
]]></system-out>
    <system-err><![CDATA[Jul 03, 2025 7:52:58 PM org.openqa.selenium.devtools.CdpVersionFinder findNearestMatch
WARNING: Unable to find an exact match for CDP version 138, returning the closest version; found: 137; Please update to a Selenium version that supports CDP version 138
]]></system-err>
  </testcase>
  <testcase name="runScenario[&quot;Verify the title under Mindfulness tab&quot;, &quot;Dashboard page validation for Registered Free account user&quot;](21)" classname="testRunner.TestRunner" time="2.346">
    <failure message="The step &apos;User is on login page&apos; and 1 other step(s) are undefined.&#10;You can implement these steps using the snippet(s) below:&#10;&#10;@Given(&quot;User is on login page&quot;)&#10;public void user_is_on_login_page() {&#10;    // Write code here that turns the phrase above into concrete actions&#10;    throw new io.cucumber.java.PendingException();&#10;}&#10;@When(&quot;Registered user clicks sign in after entering password&quot;)&#10;public void registered_user_clicks_sign_in_after_entering_password() {&#10;    // Write code here that turns the phrase above into concrete actions&#10;    throw new io.cucumber.java.PendingException();&#10;}&#10;" type="io.cucumber.testng.UndefinedStepException"><![CDATA[io.cucumber.testng.UndefinedStepException: 
The step 'User is on login page' and 1 other step(s) are undefined.
You can implement these steps using the snippet(s) below:

@Given("User is on login page")
public void user_is_on_login_page() {
    // Write code here that turns the phrase above into concrete actions
    throw new io.cucumber.java.PendingException();
}
@When("Registered user clicks sign in after entering password")
public void registered_user_clicks_sign_in_after_entering_password() {
    // Write code here that turns the phrase above into concrete actions
    throw new io.cucumber.java.PendingException();
}

	at .User is on login page(file:///C:/Users/nithi/EclipseWorkspace2024/Team01_Sweet-Debugger/src/test/resources/features/FreeDashboard.feature:6)
]]></failure>
    <system-out><![CDATA[
@sweet @FreeDashboard @DashboardMindfulness
Scenario: Verify the title under Mindfulness tab              &amp#27;[90m# src/test/resources/features/FreeDashboard.feature:115&amp#27;[0m
  &amp#27;[33mGiven &amp#27;[0m&amp#27;[33mUser is on login page&amp#27;[0m
  &amp#27;[36mWhen &amp#27;[0m&amp#27;[36mRegistered user clicks sign in after entering password&amp#27;[0m
  &amp#27;[36mGiven &amp#27;[0m&amp#27;[36mUser is in FreeDashboard Page&amp#27;[0m                         &amp#27;[90m# stepDefinitions.FreeDashboard_Step.user_is_in_dashboard_page()&amp#27;[0m
  &amp#27;[36mWhen &amp#27;[0m&amp#27;[36mUser clicks Mindfulness tab&amp#27;[0m                            &amp#27;[90m# stepDefinitions.FreeDashboard_Step.user_clicks_mindfulness_tab()&amp#27;[0m
  &amp#27;[36mThen &amp#27;[0m&amp#27;[36mUser should see title Present Moment Awareness&amp#27;[0m         &amp#27;[90m# stepDefinitions.FreeDashboard_Step.user_should_see_title_present_moment_awareness()&amp#27;[0m
[INFO ] 2025-07-03 19:53:01.830 [main] LoggerLoad - Browser is closed
]]></system-out>
    <system-err><![CDATA[Jul 03, 2025 7:53:00 PM org.openqa.selenium.devtools.CdpVersionFinder findNearestMatch
WARNING: Unable to find an exact match for CDP version 138, returning the closest version; found: 137; Please update to a Selenium version that supports CDP version 138
]]></system-err>
  </testcase>
  <testcase name="runScenario[&quot;Verify the content displayed under Mindfulness tab&quot;, &quot;Dashboard page validation for Registered Free account user&quot;](22)" classname="testRunner.TestRunner" time="2.054">
    <failure message="The step &apos;User is on login page&apos; and 1 other step(s) are undefined.&#10;You can implement these steps using the snippet(s) below:&#10;&#10;@Given(&quot;User is on login page&quot;)&#10;public void user_is_on_login_page() {&#10;    // Write code here that turns the phrase above into concrete actions&#10;    throw new io.cucumber.java.PendingException();&#10;}&#10;@When(&quot;Registered user clicks sign in after entering password&quot;)&#10;public void registered_user_clicks_sign_in_after_entering_password() {&#10;    // Write code here that turns the phrase above into concrete actions&#10;    throw new io.cucumber.java.PendingException();&#10;}&#10;" type="io.cucumber.testng.UndefinedStepException"><![CDATA[io.cucumber.testng.UndefinedStepException: 
The step 'User is on login page' and 1 other step(s) are undefined.
You can implement these steps using the snippet(s) below:

@Given("User is on login page")
public void user_is_on_login_page() {
    // Write code here that turns the phrase above into concrete actions
    throw new io.cucumber.java.PendingException();
}
@When("Registered user clicks sign in after entering password")
public void registered_user_clicks_sign_in_after_entering_password() {
    // Write code here that turns the phrase above into concrete actions
    throw new io.cucumber.java.PendingException();
}

	at .User is on login page(file:///C:/Users/nithi/EclipseWorkspace2024/Team01_Sweet-Debugger/src/test/resources/features/FreeDashboard.feature:6)
]]></failure>
    <system-out><![CDATA[
@sweet @FreeDashboard @DashboardMindfulnessDescription
Scenario: Verify the content displayed under Mindfulness tab                                                                                                                                            &amp#27;[90m# src/test/resources/features/FreeDashboard.feature:121&amp#27;[0m
  &amp#27;[33mGiven &amp#27;[0m&amp#27;[33mUser is on login page&amp#27;[0m
  &amp#27;[36mWhen &amp#27;[0m&amp#27;[36mRegistered user clicks sign in after entering password&amp#27;[0m
  &amp#27;[36mGiven &amp#27;[0m&amp#27;[36mUser is in FreeDashboard Page&amp#27;[0m                                                                                                                                                                   &amp#27;[90m# stepDefinitions.FreeDashboard_Step.user_is_in_dashboard_page()&amp#27;[0m
  &amp#27;[36mWhen &amp#27;[0m&amp#27;[36mUser clicks Mindfulness tab&amp#27;[0m                                                                                                                                                                      &amp#27;[90m# stepDefinitions.FreeDashboard_Step.user_clicks_mindfulness_tab()&amp#27;[0m
  &amp#27;[36mThen &amp#27;[0m&amp#27;[36mUser should see the description Focus on your senses:with the bullet points, Notice &amp#27;[0m&amp#27;[36m&amp#27;[1m5&amp#27;[0m&amp#27;[36m things you can see,Listen for &amp#27;[0m&amp#27;[36m&amp#27;[1m3&amp#27;[0m&amp#27;[36m different sounds,Find &amp#27;[0m&amp#27;[36m&amp#27;[1m2&amp#27;[0m&amp#27;[36m things you can smell,Observe &amp#27;[0m&amp#27;[36m&amp#27;[1m1&amp#27;[0m&amp#27;[36m thing you can taste&amp#27;[0m &amp#27;[90m# stepDefinitions.FreeDashboard_Step.user_should_see_the_description_focus_on_your_senses_with_the_bullet_points_notice_things_you_can_see_listen_for_different_sounds_find_things_you_can_smell_observe_thing_you_can_taste(java.lang.Integer,java.lang.Integer,java.lang.Integer,java.lang.Integer)&amp#27;[0m
[INFO ] 2025-07-03 19:53:03.889 [main] LoggerLoad - Browser is closed
]]></system-out>
    <system-err><![CDATA[Jul 03, 2025 7:53:02 PM org.openqa.selenium.devtools.CdpVersionFinder findNearestMatch
WARNING: Unable to find an exact match for CDP version 138, returning the closest version; found: 137; Please update to a Selenium version that supports CDP version 138
]]></system-err>
  </testcase>
  <testcase name="runScenario[&quot;Verify Benefits for Diabetes Management section is visible&quot;, &quot;Dashboard page validation for Registered Free account user&quot;](23)" classname="testRunner.TestRunner" time="2.312">
    <failure message="The step &apos;User is on login page&apos; and 1 other step(s) are undefined.&#10;You can implement these steps using the snippet(s) below:&#10;&#10;@Given(&quot;User is on login page&quot;)&#10;public void user_is_on_login_page() {&#10;    // Write code here that turns the phrase above into concrete actions&#10;    throw new io.cucumber.java.PendingException();&#10;}&#10;@When(&quot;Registered user clicks sign in after entering password&quot;)&#10;public void registered_user_clicks_sign_in_after_entering_password() {&#10;    // Write code here that turns the phrase above into concrete actions&#10;    throw new io.cucumber.java.PendingException();&#10;}&#10;" type="io.cucumber.testng.UndefinedStepException"><![CDATA[io.cucumber.testng.UndefinedStepException: 
The step 'User is on login page' and 1 other step(s) are undefined.
You can implement these steps using the snippet(s) below:

@Given("User is on login page")
public void user_is_on_login_page() {
    // Write code here that turns the phrase above into concrete actions
    throw new io.cucumber.java.PendingException();
}
@When("Registered user clicks sign in after entering password")
public void registered_user_clicks_sign_in_after_entering_password() {
    // Write code here that turns the phrase above into concrete actions
    throw new io.cucumber.java.PendingException();
}

	at .User is on login page(file:///C:/Users/nithi/EclipseWorkspace2024/Team01_Sweet-Debugger/src/test/resources/features/FreeDashboard.feature:6)
]]></failure>
    <system-out><![CDATA[
@sweet @FreeDashboard @DashboardDiabetesManagementSection
Scenario: Verify Benefits for Diabetes Management section is visible                                                                                                                                                                                                                                     &amp#27;[90m# src/test/resources/features/FreeDashboard.feature:127&amp#27;[0m
  &amp#27;[33mGiven &amp#27;[0m&amp#27;[33mUser is on login page&amp#27;[0m
  &amp#27;[36mWhen &amp#27;[0m&amp#27;[36mRegistered user clicks sign in after entering password&amp#27;[0m
  &amp#27;[36mGiven &amp#27;[0m&amp#27;[36mUser is in FreeDashboard Page&amp#27;[0m                                                                                                                                                                                                                                                                    &amp#27;[90m# stepDefinitions.FreeDashboard_Step.user_is_in_dashboard_page()&amp#27;[0m
  &amp#27;[36mWhen &amp#27;[0m&amp#27;[36mUser scroll to the end&amp#27;[0m                                                                                                                                                                                                                                                                            &amp#27;[90m# stepDefinitions.FreeDashboard_Step.user_scroll_to_the_end()&amp#27;[0m
  &amp#27;[36mThen &amp#27;[0m&amp#27;[36mUser should see the list of benefits Reduces Stress Hormones, with explanation Lowers cortisol that can increase blood glucose,Improves Sleep, with explanation Better sleep leads to better glucose control,Reduces Diabetes Distress with explanation Helps manage overwhelm from diabetes care&amp#27;[0m &amp#27;[90m# stepDefinitions.FreeDashboard_Step.user_should_see_the_list_of_benefits_reduces_stress_hormones_with_explanation_lowers_cortisol_that_can_increase_blood_glucose_improves_sleep_with_explanation_better_sleep_leads_to_better_glucose_control_reduces_diabetes_distress_with_explanation_helps_manage_overwhelm_from_diabetes_care()&amp#27;[0m
[INFO ] 2025-07-03 19:53:06.200 [main] LoggerLoad - Browser is closed
]]></system-out>
    <system-err><![CDATA[Jul 03, 2025 7:53:04 PM org.openqa.selenium.devtools.CdpVersionFinder findNearestMatch
WARNING: Unable to find an exact match for CDP version 138, returning the closest version; found: 137; Please update to a Selenium version that supports CDP version 138
]]></system-err>
  </testcase>
  <testcase name="runScenario[&quot;Verify heading and description is displayed under Breathing tab&quot;, &quot;Dashboard page validation for Registered Free account user&quot;](24)" classname="testRunner.TestRunner" time="2.241">
    <failure message="The step &apos;User is on login page&apos; and 1 other step(s) are undefined.&#10;You can implement these steps using the snippet(s) below:&#10;&#10;@Given(&quot;User is on login page&quot;)&#10;public void user_is_on_login_page() {&#10;    // Write code here that turns the phrase above into concrete actions&#10;    throw new io.cucumber.java.PendingException();&#10;}&#10;@When(&quot;Registered user clicks sign in after entering password&quot;)&#10;public void registered_user_clicks_sign_in_after_entering_password() {&#10;    // Write code here that turns the phrase above into concrete actions&#10;    throw new io.cucumber.java.PendingException();&#10;}&#10;" type="io.cucumber.testng.UndefinedStepException"><![CDATA[io.cucumber.testng.UndefinedStepException: 
The step 'User is on login page' and 1 other step(s) are undefined.
You can implement these steps using the snippet(s) below:

@Given("User is on login page")
public void user_is_on_login_page() {
    // Write code here that turns the phrase above into concrete actions
    throw new io.cucumber.java.PendingException();
}
@When("Registered user clicks sign in after entering password")
public void registered_user_clicks_sign_in_after_entering_password() {
    // Write code here that turns the phrase above into concrete actions
    throw new io.cucumber.java.PendingException();
}

	at .User is on login page(file:///C:/Users/nithi/EclipseWorkspace2024/Team01_Sweet-Debugger/src/test/resources/features/FreeDashboard.feature:6)
]]></failure>
    <system-out><![CDATA[
@sweet @FreeDashboard @DashboardBreathingDescription
Scenario: Verify heading and description is displayed under Breathing tab                                                        &amp#27;[90m# src/test/resources/features/FreeDashboard.feature:133&amp#27;[0m
  &amp#27;[33mGiven &amp#27;[0m&amp#27;[33mUser is on login page&amp#27;[0m
  &amp#27;[36mWhen &amp#27;[0m&amp#27;[36mRegistered user clicks sign in after entering password&amp#27;[0m
  &amp#27;[36mGiven &amp#27;[0m&amp#27;[36mUser is in FreeDashboard Page&amp#27;[0m                                                                                            &amp#27;[90m# stepDefinitions.FreeDashboard_Step.user_is_in_dashboard_page()&amp#27;[0m
  &amp#27;[36mWhen &amp#27;[0m&amp#27;[36mUser clicks breathing tab under stress management techniques&amp#27;[0m                                                              &amp#27;[90m# stepDefinitions.FreeDashboard_Step.user_clicks_breathing_tab_under_stress_management_techniques()&amp#27;[0m
  &amp#27;[36mThen &amp#27;[0m&amp#27;[36mUser should see the heading &amp#27;[0m&amp#27;[36m&amp#27;[1m4&amp#27;[0m&amp#27;[36m-&amp#27;[0m&amp#27;[36m&amp#27;[1m7&amp#27;[0m&amp#27;[36m-&amp#27;[0m&amp#27;[36m&amp#27;[1m8&amp#27;[0m&amp#27;[36m Breathing Technique  with the description A natural tranquilizer for the nervous system&amp#27;[0m &amp#27;[90m# stepDefinitions.FreeDashboard_Step.user_should_see_the_heading_breathing_technique_with_the_description_a_natural_tranquilizer_for_the_nervous_system(java.lang.Integer,java.lang.Integer,java.lang.Integer)&amp#27;[0m
[INFO ] 2025-07-03 19:53:08.444 [main] LoggerLoad - Browser is closed
]]></system-out>
    <system-err><![CDATA[Jul 03, 2025 7:53:07 PM org.openqa.selenium.devtools.CdpVersionFinder findNearestMatch
WARNING: Unable to find an exact match for CDP version 138, returning the closest version; found: 137; Please update to a Selenium version that supports CDP version 138
]]></system-err>
  </testcase>
  <testcase name="runScenario[&quot;Verify Start button is displayed under Breathing tab&quot;, &quot;Dashboard page validation for Registered Free account user&quot;](25)" classname="testRunner.TestRunner" time="2.357">
    <failure message="The step &apos;User is on login page&apos; and 1 other step(s) are undefined.&#10;You can implement these steps using the snippet(s) below:&#10;&#10;@Given(&quot;User is on login page&quot;)&#10;public void user_is_on_login_page() {&#10;    // Write code here that turns the phrase above into concrete actions&#10;    throw new io.cucumber.java.PendingException();&#10;}&#10;@When(&quot;Registered user clicks sign in after entering password&quot;)&#10;public void registered_user_clicks_sign_in_after_entering_password() {&#10;    // Write code here that turns the phrase above into concrete actions&#10;    throw new io.cucumber.java.PendingException();&#10;}&#10;" type="io.cucumber.testng.UndefinedStepException"><![CDATA[io.cucumber.testng.UndefinedStepException: 
The step 'User is on login page' and 1 other step(s) are undefined.
You can implement these steps using the snippet(s) below:

@Given("User is on login page")
public void user_is_on_login_page() {
    // Write code here that turns the phrase above into concrete actions
    throw new io.cucumber.java.PendingException();
}
@When("Registered user clicks sign in after entering password")
public void registered_user_clicks_sign_in_after_entering_password() {
    // Write code here that turns the phrase above into concrete actions
    throw new io.cucumber.java.PendingException();
}

	at .User is on login page(file:///C:/Users/nithi/EclipseWorkspace2024/Team01_Sweet-Debugger/src/test/resources/features/FreeDashboard.feature:6)
]]></failure>
    <system-out><![CDATA[
@sweet @FreeDashboard @DashboardBreathingTab
Scenario: Verify Start button is displayed under Breathing tab      &amp#27;[90m# src/test/resources/features/FreeDashboard.feature:139&amp#27;[0m
  &amp#27;[33mGiven &amp#27;[0m&amp#27;[33mUser is on login page&amp#27;[0m
  &amp#27;[36mWhen &amp#27;[0m&amp#27;[36mRegistered user clicks sign in after entering password&amp#27;[0m
  &amp#27;[36mGiven &amp#27;[0m&amp#27;[36mUser is in FreeDashboard Page&amp#27;[0m                               &amp#27;[90m# stepDefinitions.FreeDashboard_Step.user_is_in_dashboard_page()&amp#27;[0m
  &amp#27;[36mWhen &amp#27;[0m&amp#27;[36mUser clicks breathing tab under stress management techniques&amp#27;[0m &amp#27;[90m# stepDefinitions.FreeDashboard_Step.user_clicks_breathing_tab_under_stress_management_techniques()&amp#27;[0m
  &amp#27;[36mThen &amp#27;[0m&amp#27;[36mUser should see the Start Breathing Exercise button&amp#27;[0m          &amp#27;[90m# stepDefinitions.FreeDashboard_Step.user_should_see_the_start_breathing_exercise_button()&amp#27;[0m
[INFO ] 2025-07-03 19:53:10.802 [main] LoggerLoad - Browser is closed
]]></system-out>
    <system-err><![CDATA[Jul 03, 2025 7:53:09 PM org.openqa.selenium.devtools.CdpVersionFinder findNearestMatch
WARNING: Unable to find an exact match for CDP version 138, returning the closest version; found: 137; Please update to a Selenium version that supports CDP version 138
]]></system-err>
  </testcase>
  <testcase name="runScenario[&quot;Verify Cycle completed counter is displayed&quot;, &quot;Dashboard page validation for Registered Free account user&quot;](26)" classname="testRunner.TestRunner" time="2.171">
    <failure message="The step &apos;User is on login page&apos; and 1 other step(s) are undefined.&#10;You can implement these steps using the snippet(s) below:&#10;&#10;@Given(&quot;User is on login page&quot;)&#10;public void user_is_on_login_page() {&#10;    // Write code here that turns the phrase above into concrete actions&#10;    throw new io.cucumber.java.PendingException();&#10;}&#10;@When(&quot;Registered user clicks sign in after entering password&quot;)&#10;public void registered_user_clicks_sign_in_after_entering_password() {&#10;    // Write code here that turns the phrase above into concrete actions&#10;    throw new io.cucumber.java.PendingException();&#10;}&#10;" type="io.cucumber.testng.UndefinedStepException"><![CDATA[io.cucumber.testng.UndefinedStepException: 
The step 'User is on login page' and 1 other step(s) are undefined.
You can implement these steps using the snippet(s) below:

@Given("User is on login page")
public void user_is_on_login_page() {
    // Write code here that turns the phrase above into concrete actions
    throw new io.cucumber.java.PendingException();
}
@When("Registered user clicks sign in after entering password")
public void registered_user_clicks_sign_in_after_entering_password() {
    // Write code here that turns the phrase above into concrete actions
    throw new io.cucumber.java.PendingException();
}

	at .User is on login page(file:///C:/Users/nithi/EclipseWorkspace2024/Team01_Sweet-Debugger/src/test/resources/features/FreeDashboard.feature:6)
]]></failure>
    <system-out><![CDATA[
@sweet @FreeDashboard @DashboardCycleCompleted
Scenario: Verify Cycle completed counter is displayed                            &amp#27;[90m# src/test/resources/features/FreeDashboard.feature:146&amp#27;[0m
  &amp#27;[33mGiven &amp#27;[0m&amp#27;[33mUser is on login page&amp#27;[0m
  &amp#27;[36mWhen &amp#27;[0m&amp#27;[36mRegistered user clicks sign in after entering password&amp#27;[0m
  &amp#27;[36mGiven &amp#27;[0m&amp#27;[36mUser is in FreeDashboard Page&amp#27;[0m                                            &amp#27;[90m# stepDefinitions.FreeDashboard_Step.user_is_in_dashboard_page()&amp#27;[0m
  &amp#27;[36mWhen &amp#27;[0m&amp#27;[36mUser clicks breathing tab under stress management techniques&amp#27;[0m              &amp#27;[90m# stepDefinitions.FreeDashboard_Step.user_clicks_breathing_tab_under_stress_management_techniques()&amp#27;[0m
  &amp#27;[36mThen &amp#27;[0m&amp#27;[36mUser should see the Cycles completed counter text and value starting at &amp#27;[0m&amp#27;[36m&amp#27;[1m0&amp#27;[0m &amp#27;[90m# stepDefinitions.FreeDashboard_Step.user_should_see_the_cycles_completed_counter_text_and_value_starting_at(java.lang.Integer)&amp#27;[0m
[INFO ] 2025-07-03 19:53:12.975 [main] LoggerLoad - Browser is closed
]]></system-out>
    <system-err><![CDATA[Jul 03, 2025 7:53:11 PM org.openqa.selenium.devtools.CdpVersionFinder findNearestMatch
WARNING: Unable to find an exact match for CDP version 138, returning the closest version; found: 137; Please update to a Selenium version that supports CDP version 138
]]></system-err>
  </testcase>
  <testcase name="runScenario[&quot;Verify current phase counter is displayed&quot;, &quot;Dashboard page validation for Registered Free account user&quot;](27)" classname="testRunner.TestRunner" time="2.224">
    <failure message="The step &apos;User is on login page&apos; and 1 other step(s) are undefined.&#10;You can implement these steps using the snippet(s) below:&#10;&#10;@Given(&quot;User is on login page&quot;)&#10;public void user_is_on_login_page() {&#10;    // Write code here that turns the phrase above into concrete actions&#10;    throw new io.cucumber.java.PendingException();&#10;}&#10;@When(&quot;Registered user clicks sign in after entering password&quot;)&#10;public void registered_user_clicks_sign_in_after_entering_password() {&#10;    // Write code here that turns the phrase above into concrete actions&#10;    throw new io.cucumber.java.PendingException();&#10;}&#10;" type="io.cucumber.testng.UndefinedStepException"><![CDATA[io.cucumber.testng.UndefinedStepException: 
The step 'User is on login page' and 1 other step(s) are undefined.
You can implement these steps using the snippet(s) below:

@Given("User is on login page")
public void user_is_on_login_page() {
    // Write code here that turns the phrase above into concrete actions
    throw new io.cucumber.java.PendingException();
}
@When("Registered user clicks sign in after entering password")
public void registered_user_clicks_sign_in_after_entering_password() {
    // Write code here that turns the phrase above into concrete actions
    throw new io.cucumber.java.PendingException();
}

	at .User is on login page(file:///C:/Users/nithi/EclipseWorkspace2024/Team01_Sweet-Debugger/src/test/resources/features/FreeDashboard.feature:6)
]]></failure>
    <system-out><![CDATA[
@sweet @FreeDashboard @DashboardCurrentPhase
Scenario: Verify current phase counter is displayed                                    &amp#27;[90m# src/test/resources/features/FreeDashboard.feature:152&amp#27;[0m
  &amp#27;[33mGiven &amp#27;[0m&amp#27;[33mUser is on login page&amp#27;[0m
  &amp#27;[36mWhen &amp#27;[0m&amp#27;[36mRegistered user clicks sign in after entering password&amp#27;[0m
  &amp#27;[36mGiven &amp#27;[0m&amp#27;[36mUser is in FreeDashboard Page&amp#27;[0m                                                  &amp#27;[90m# stepDefinitions.FreeDashboard_Step.user_is_in_dashboard_page()&amp#27;[0m
  &amp#27;[36mWhen &amp#27;[0m&amp#27;[36mUser clicks breathing tab under stress management techniques&amp#27;[0m                    &amp#27;[90m# stepDefinitions.FreeDashboard_Step.user_clicks_breathing_tab_under_stress_management_techniques()&amp#27;[0m
  &amp#27;[36mThen &amp#27;[0m&amp#27;[36mUser should see the label Current phase with a hyphen (-) as its current value.&amp#27;[0m &amp#27;[90m# stepDefinitions.FreeDashboard_Step.user_should_see_the_label_current_phase_with_a_hyphen_as_its_current_value()&amp#27;[0m
[INFO ] 2025-07-03 19:53:15.200 [main] LoggerLoad - Browser is closed
]]></system-out>
    <system-err><![CDATA[Jul 03, 2025 7:53:13 PM org.openqa.selenium.devtools.CdpVersionFinder findNearestMatch
WARNING: Unable to find an exact match for CDP version 138, returning the closest version; found: 137; Please update to a Selenium version that supports CDP version 138
]]></system-err>
  </testcase>
  <testcase name="runScenario[&quot;verify breathing steps are displayed&quot;, &quot;Dashboard page validation for Registered Free account user&quot;](28)" classname="testRunner.TestRunner" time="2.082">
    <failure message="The step &apos;User is on login page&apos; and 1 other step(s) are undefined.&#10;You can implement these steps using the snippet(s) below:&#10;&#10;@Given(&quot;User is on login page&quot;)&#10;public void user_is_on_login_page() {&#10;    // Write code here that turns the phrase above into concrete actions&#10;    throw new io.cucumber.java.PendingException();&#10;}&#10;@When(&quot;Registered user clicks sign in after entering password&quot;)&#10;public void registered_user_clicks_sign_in_after_entering_password() {&#10;    // Write code here that turns the phrase above into concrete actions&#10;    throw new io.cucumber.java.PendingException();&#10;}&#10;" type="io.cucumber.testng.UndefinedStepException"><![CDATA[io.cucumber.testng.UndefinedStepException: 
The step 'User is on login page' and 1 other step(s) are undefined.
You can implement these steps using the snippet(s) below:

@Given("User is on login page")
public void user_is_on_login_page() {
    // Write code here that turns the phrase above into concrete actions
    throw new io.cucumber.java.PendingException();
}
@When("Registered user clicks sign in after entering password")
public void registered_user_clicks_sign_in_after_entering_password() {
    // Write code here that turns the phrase above into concrete actions
    throw new io.cucumber.java.PendingException();
}

	at .User is on login page(file:///C:/Users/nithi/EclipseWorkspace2024/Team01_Sweet-Debugger/src/test/resources/features/FreeDashboard.feature:6)
]]></failure>
    <system-out><![CDATA[
@sweet @FreeDashboard @DashboardBreathingSteps
Scenario: verify breathing steps are displayed                                      &amp#27;[90m# src/test/resources/features/FreeDashboard.feature:158&amp#27;[0m
  &amp#27;[33mGiven &amp#27;[0m&amp#27;[33mUser is on login page&amp#27;[0m
  &amp#27;[36mWhen &amp#27;[0m&amp#27;[36mRegistered user clicks sign in after entering password&amp#27;[0m
  &amp#27;[36mGiven &amp#27;[0m&amp#27;[36mUser is in FreeDashboard Page&amp#27;[0m                                               &amp#27;[90m# stepDefinitions.FreeDashboard_Step.user_is_in_dashboard_page()&amp#27;[0m
  &amp#27;[36mWhen &amp#27;[0m&amp#27;[36mUser clicks breathing tab under stress management techniques&amp#27;[0m                 &amp#27;[90m# stepDefinitions.FreeDashboard_Step.user_clicks_breathing_tab_under_stress_management_techniques()&amp#27;[0m
  &amp#27;[36mThen &amp#27;[0m&amp#27;[36mUser should see the steps Inhale &amp#27;[0m&amp#27;[36m&amp#27;[1m4&amp#27;[0m&amp#27;[36m seconds, Hold &amp#27;[0m&amp#27;[36m&amp#27;[1m7&amp#27;[0m&amp#27;[36m seconds, Exhale &amp#27;[0m&amp#27;[36m&amp#27;[1m8&amp#27;[0m&amp#27;[36m seconds&amp#27;[0m &amp#27;[90m# stepDefinitions.FreeDashboard_Step.user_should_see_the_steps_inhale_seconds_hold_seconds_exhale_seconds(java.lang.Integer,java.lang.Integer,java.lang.Integer)&amp#27;[0m
[INFO ] 2025-07-03 19:53:17.281 [main] LoggerLoad - Browser is closed
]]></system-out>
    <system-err><![CDATA[Jul 03, 2025 7:53:16 PM org.openqa.selenium.devtools.CdpVersionFinder findNearestMatch
WARNING: Unable to find an exact match for CDP version 138, returning the closest version; found: 137; Please update to a Selenium version that supports CDP version 138
]]></system-err>
  </testcase>
  <testcase name="runScenario[&quot;Verify start button functionality&quot;, &quot;Dashboard page validation for Registered Free account user&quot;](29)" classname="testRunner.TestRunner" time="2.164">
    <failure message="The step &apos;User is on login page&apos; and 1 other step(s) are undefined.&#10;You can implement these steps using the snippet(s) below:&#10;&#10;@Given(&quot;User is on login page&quot;)&#10;public void user_is_on_login_page() {&#10;    // Write code here that turns the phrase above into concrete actions&#10;    throw new io.cucumber.java.PendingException();&#10;}&#10;@When(&quot;Registered user clicks sign in after entering password&quot;)&#10;public void registered_user_clicks_sign_in_after_entering_password() {&#10;    // Write code here that turns the phrase above into concrete actions&#10;    throw new io.cucumber.java.PendingException();&#10;}&#10;" type="io.cucumber.testng.UndefinedStepException"><![CDATA[io.cucumber.testng.UndefinedStepException: 
The step 'User is on login page' and 1 other step(s) are undefined.
You can implement these steps using the snippet(s) below:

@Given("User is on login page")
public void user_is_on_login_page() {
    // Write code here that turns the phrase above into concrete actions
    throw new io.cucumber.java.PendingException();
}
@When("Registered user clicks sign in after entering password")
public void registered_user_clicks_sign_in_after_entering_password() {
    // Write code here that turns the phrase above into concrete actions
    throw new io.cucumber.java.PendingException();
}

	at .User is on login page(file:///C:/Users/nithi/EclipseWorkspace2024/Team01_Sweet-Debugger/src/test/resources/features/FreeDashboard.feature:6)
]]></failure>
    <system-out><![CDATA[
@sweet @FreeDashboard @DashboardBreathinStartButton
Scenario: Verify start button functionality                                          &amp#27;[90m# src/test/resources/features/FreeDashboard.feature:164&amp#27;[0m
  &amp#27;[33mGiven &amp#27;[0m&amp#27;[33mUser is on login page&amp#27;[0m
  &amp#27;[36mWhen &amp#27;[0m&amp#27;[36mRegistered user clicks sign in after entering password&amp#27;[0m
  &amp#27;[36mGiven &amp#27;[0m&amp#27;[36mUser is in FreeDashboard Page&amp#27;[0m                                                &amp#27;[90m# stepDefinitions.FreeDashboard_Step.user_is_in_dashboard_page()&amp#27;[0m
  &amp#27;[36mWhen &amp#27;[0m&amp#27;[36mUser clicks the Start Breathing Exercise button during the breathing exercise&amp#27;[0m &amp#27;[90m# stepDefinitions.FreeDashboard_Step.user_clicks_the_start_breathing_exercise_button_during_the_breathing_exercise()&amp#27;[0m
  &amp#27;[36mThen &amp#27;[0m&amp#27;[36mUser should see the breathing cycles begin&amp#27;[0m                                    &amp#27;[90m# stepDefinitions.FreeDashboard_Step.user_should_see_the_breathing_cycles_begin()&amp#27;[0m
[INFO ] 2025-07-03 19:53:19.445 [main] LoggerLoad - Browser is closed
]]></system-out>
    <system-err><![CDATA[Jul 03, 2025 7:53:18 PM org.openqa.selenium.devtools.CdpVersionFinder findNearestMatch
WARNING: Unable to find an exact match for CDP version 138, returning the closest version; found: 137; Please update to a Selenium version that supports CDP version 138
]]></system-err>
  </testcase>
</testsuite>