<?xml version="1.0" encoding="UTF-8"?>
<testng-results retried="2" ignored="0" total="3" passed="0" failed="1" skipped="0">
  <reporter-output>
  </reporter-output>
  <suite started-at="2025-07-04T11:51:29 CDT" name="Suite" finished-at="2025-07-04T11:52:08 CDT" duration-ms="38561">
    <groups>
      <group name="cucumber">
        <method signature="AbstractTestNGCucumberTests.runScenario(io.cucumber.testng.PickleWrapper,io.cucumber.testng.FeatureWrapper)[pri:0, instance:testRunner.TestRunner@7d42c224]" name="runScenario" class="io.cucumber.testng.AbstractTestNGCucumberTests"/>
      </group> <!-- cucumber -->
    </groups>
    <test started-at="2025-07-04T11:51:29 CDT" name="TestChrome" finished-at="2025-07-04T11:52:08 CDT" duration-ms="38561">
      <class name="testRunner.TestRunner">
        <test-method is-config="true" signature="defineBrowser(java.lang.String)[pri:0, instance:testRunner.TestRunner@7d42c224]" started-at="2025-07-04T11:51:29 CDT" name="defineBrowser" finished-at="2025-07-04T11:51:29 CDT" duration-ms="15" status="PASS">
          <params>
            <param index="0">
              <value>
                <![CDATA[chrome]]>
              </value>
            </param>
          </params>
          <reporter-output>
          </reporter-output>
        </test-method> <!-- defineBrowser -->
        <test-method is-config="true" signature="setUpClass(org.testng.ITestContext)[pri:0, instance:testRunner.TestRunner@7d42c224]" started-at="2025-07-04T11:51:29 CDT" name="setUpClass" finished-at="2025-07-04T11:51:39 CDT" duration-ms="9689" status="PASS">
          <params>
            <param index="0">
              <value>
                <![CDATA[org.testng.TestRunner@57f725b8]]>
              </value>
            </param>
          </params>
          <reporter-output>
          </reporter-output>
        </test-method> <!-- setUpClass -->
        <test-method retried="true" signature="runScenario(io.cucumber.testng.PickleWrapper,io.cucumber.testng.FeatureWrapper)[pri:0, instance:testRunner.TestRunner@7d42c224]" started-at="2025-07-04T11:51:39 CDT" name="runScenario" description="Runs Cucumber Scenarios" data-provider="scenarios" finished-at="2025-07-04T11:51:50 CDT" duration-ms="10560" status="SKIP">
          <params>
            <param index="0">
              <value>
                <![CDATA["Verify account details cannot be updated with invalid data"]]>
              </value>
            </param>
            <param index="1">
              <value>
                <![CDATA["Dashboard page validation for Registered Free account user"]]>
              </value>
            </param>
          </params>
          <exception class="java.lang.AssertionError">
            <message>
              <![CDATA[Age Feild is not accepting the Invalid data and not showing Error message expected [true] but found [false]]]>
            </message>
            <full-stacktrace>
              <![CDATA[java.lang.AssertionError: Age Feild is not accepting the Invalid data and not showing Error message expected [true] but found [false]
at org.testng.Assert.fail(Assert.java:111)
at org.testng.Assert.failNotEquals(Assert.java:1590)
at org.testng.Assert.assertTrue(Assert.java:57)
at stepDefinitions.FreeDashboard_Step.user_should_see_error_message_DashboardAccountDetails(FreeDashboard_Step.java:288)
at ✽.User should see Error message DashboardAccountDetails(file:///C:/Users/nithi/EclipseWorkspace2024/Team01_Sweet-Debugger/src/test/resources/features/FreeDashboard.feature:70)
]]>
            </full-stacktrace>
          </exception> <!-- java.lang.AssertionError -->
          <reporter-output>
          </reporter-output>
        </test-method> <!-- runScenario -->
        <test-method retried="true" signature="runScenario(io.cucumber.testng.PickleWrapper,io.cucumber.testng.FeatureWrapper)[pri:0, instance:testRunner.TestRunner@7d42c224]" started-at="2025-07-04T11:51:50 CDT" name="runScenario" description="Runs Cucumber Scenarios" data-provider="scenarios" finished-at="2025-07-04T11:51:59 CDT" duration-ms="9252" status="SKIP">
          <params>
            <param index="0">
              <value>
                <![CDATA["Verify account details cannot be updated with invalid data"]]>
              </value>
            </param>
            <param index="1">
              <value>
                <![CDATA["Dashboard page validation for Registered Free account user"]]>
              </value>
            </param>
          </params>
          <exception class="java.lang.AssertionError">
            <message>
              <![CDATA[Age Feild is not accepting the Invalid data and not showing Error message expected [true] but found [false]]]>
            </message>
            <full-stacktrace>
              <![CDATA[java.lang.AssertionError: Age Feild is not accepting the Invalid data and not showing Error message expected [true] but found [false]
at org.testng.Assert.fail(Assert.java:111)
at org.testng.Assert.failNotEquals(Assert.java:1590)
at org.testng.Assert.assertTrue(Assert.java:57)
at stepDefinitions.FreeDashboard_Step.user_should_see_error_message_DashboardAccountDetails(FreeDashboard_Step.java:288)
at ✽.User should see Error message DashboardAccountDetails(file:///C:/Users/nithi/EclipseWorkspace2024/Team01_Sweet-Debugger/src/test/resources/features/FreeDashboard.feature:70)
]]>
            </full-stacktrace>
          </exception> <!-- java.lang.AssertionError -->
          <reporter-output>
          </reporter-output>
        </test-method> <!-- runScenario -->
        <test-method signature="runScenario(io.cucumber.testng.PickleWrapper,io.cucumber.testng.FeatureWrapper)[pri:0, instance:testRunner.TestRunner@7d42c224]" started-at="2025-07-04T11:51:59 CDT" name="runScenario" description="Runs Cucumber Scenarios" data-provider="scenarios" finished-at="2025-07-04T11:52:08 CDT" duration-ms="8788" status="FAIL">
          <params>
            <param index="0">
              <value>
                <![CDATA["Verify account details cannot be updated with invalid data"]]>
              </value>
            </param>
            <param index="1">
              <value>
                <![CDATA["Dashboard page validation for Registered Free account user"]]>
              </value>
            </param>
          </params>
          <exception class="java.lang.AssertionError">
            <message>
              <![CDATA[Age Feild is not accepting the Invalid data and not showing Error message expected [true] but found [false]]]>
            </message>
            <full-stacktrace>
              <![CDATA[java.lang.AssertionError: Age Feild is not accepting the Invalid data and not showing Error message expected [true] but found [false]
at org.testng.Assert.fail(Assert.java:111)
at org.testng.Assert.failNotEquals(Assert.java:1590)
at org.testng.Assert.assertTrue(Assert.java:57)
at stepDefinitions.FreeDashboard_Step.user_should_see_error_message_DashboardAccountDetails(FreeDashboard_Step.java:288)
at ✽.User should see Error message DashboardAccountDetails(file:///C:/Users/nithi/EclipseWorkspace2024/Team01_Sweet-Debugger/src/test/resources/features/FreeDashboard.feature:70)
]]>
            </full-stacktrace>
          </exception> <!-- java.lang.AssertionError -->
          <reporter-output>
          </reporter-output>
        </test-method> <!-- runScenario -->
        <test-method is-config="true" signature="tearDownClass()[pri:0, instance:testRunner.TestRunner@7d42c224]" started-at="2025-07-04T11:52:08 CDT" name="tearDownClass" finished-at="2025-07-04T11:52:08 CDT" duration-ms="200" status="PASS">
          <reporter-output>
          </reporter-output>
        </test-method> <!-- tearDownClass -->
      </class> <!-- testRunner.TestRunner -->
    </test> <!-- TestChrome -->
  </suite> <!-- Suite -->
</testng-results>
