<?xml version="1.0" encoding="UTF-8"?>
<testng-results ignored="0" total="30" passed="30" failed="0" skipped="0">
  <reporter-output>
  </reporter-output>
  <suite started-at="2025-06-28T04:17:38 CDT" name="Suite" finished-at="2025-06-28T04:19:42 CDT" duration-ms="124720">
    <groups>
      <group name="cucumber">
        <method signature="AbstractTestNGCucumberTests.runScenario(io.cucumber.testng.PickleWrapper,io.cucumber.testng.FeatureWrapper)[pri:0, instance:testRunner.TestRunner@2e9fda69]" name="runScenario" class="io.cucumber.testng.AbstractTestNGCucumberTests"/>
        <method signature="AbstractTestNGCucumberTests.runScenario(io.cucumber.testng.PickleWrapper,io.cucumber.testng.FeatureWrapper)[pri:0, instance:testRunner.TestRunner@1ae67cad]" name="runScenario" class="io.cucumber.testng.AbstractTestNGCucumberTests"/>
        <method signature="AbstractTestNGCucumberTests.runScenario(io.cucumber.testng.PickleWrapper,io.cucumber.testng.FeatureWrapper)[pri:0, instance:testRunner.TestRunner@7c098bb3]" name="runScenario" class="io.cucumber.testng.AbstractTestNGCucumberTests"/>
      </group> <!-- cucumber -->
    </groups>
    <test started-at="2025-06-28T04:17:38 CDT" name="TestFirefox" finished-at="2025-06-28T04:18:45 CDT" duration-ms="67092">
      <class name="testRunner.TestRunner">
        <test-method is-config="true" signature="defineBrowser(java.lang.String)[pri:0, instance:testRunner.TestRunner@2e9fda69]" started-at="2025-06-28T04:17:38 CDT" name="defineBrowser" finished-at="2025-06-28T04:17:38 CDT" duration-ms="13" status="PASS">
          <params>
            <param index="0">
              <value>
                <![CDATA[firefox]]>
              </value>
            </param>
          </params>
          <reporter-output>
          </reporter-output>
        </test-method> <!-- defineBrowser -->
        <test-method is-config="true" signature="setUpClass(org.testng.ITestContext)[pri:0, instance:testRunner.TestRunner@2e9fda69]" started-at="2025-06-28T04:17:38 CDT" name="setUpClass" finished-at="2025-06-28T04:17:47 CDT" duration-ms="9162" status="PASS">
          <params>
            <param index="0">
              <value>
                <![CDATA[org.testng.TestRunner@285583d4]]>
              </value>
            </param>
          </params>
          <reporter-output>
          </reporter-output>
        </test-method> <!-- setUpClass -->
        <test-method signature="runScenario(io.cucumber.testng.PickleWrapper,io.cucumber.testng.FeatureWrapper)[pri:0, instance:testRunner.TestRunner@2e9fda69]" started-at="2025-06-28T04:17:47 CDT" name="runScenario" description="Runs Cucumber Scenarios" data-provider="scenarios" finished-at="2025-06-28T04:18:43 CDT" duration-ms="56233" status="PASS">
          <params>
            <param index="0">
              <value>
                <![CDATA["Verify Continue with Google button is displayed"]]>
              </value>
            </param>
            <param index="1">
              <value>
                <![CDATA["Login Page UI Verification"]]>
              </value>
            </param>
          </params>
          <reporter-output>
          </reporter-output>
        </test-method> <!-- runScenario -->
        <test-method signature="runScenario(io.cucumber.testng.PickleWrapper,io.cucumber.testng.FeatureWrapper)[pri:0, instance:testRunner.TestRunner@2e9fda69]" started-at="2025-06-28T04:17:47 CDT" name="runScenario" description="Runs Cucumber Scenarios" data-provider="scenarios" finished-at="2025-06-28T04:18:43 CDT" duration-ms="56263" status="PASS">
          <params>
            <param index="0">
              <value>
                <![CDATA["Verify Continue with Email button is displayed"]]>
              </value>
            </param>
            <param index="1">
              <value>
                <![CDATA["Login Page UI Verification"]]>
              </value>
            </param>
          </params>
          <reporter-output>
          </reporter-output>
        </test-method> <!-- runScenario -->
        <test-method signature="runScenario(io.cucumber.testng.PickleWrapper,io.cucumber.testng.FeatureWrapper)[pri:0, instance:testRunner.TestRunner@2e9fda69]" started-at="2025-06-28T04:17:47 CDT" name="runScenario" description="Runs Cucumber Scenarios" data-provider="scenarios" finished-at="2025-06-28T04:18:43 CDT" duration-ms="56256" status="PASS">
          <params>
            <param index="0">
              <value>
                <![CDATA["Verify placeholder text in email field"]]>
              </value>
            </param>
            <param index="1">
              <value>
                <![CDATA["Login Page UI Verification"]]>
              </value>
            </param>
          </params>
          <reporter-output>
          </reporter-output>
        </test-method> <!-- runScenario -->
        <test-method signature="runScenario(io.cucumber.testng.PickleWrapper,io.cucumber.testng.FeatureWrapper)[pri:0, instance:testRunner.TestRunner@2e9fda69]" started-at="2025-06-28T04:17:47 CDT" name="runScenario" description="Runs Cucumber Scenarios" data-provider="scenarios" finished-at="2025-06-28T04:18:44 CDT" duration-ms="57494" status="PASS">
          <params>
            <param index="0">
              <value>
                <![CDATA["Verify sub text of the header is displayed"]]>
              </value>
            </param>
            <param index="1">
              <value>
                <![CDATA["Login Page UI Verification"]]>
              </value>
            </param>
          </params>
          <reporter-output>
          </reporter-output>
        </test-method> <!-- runScenario -->
        <test-method signature="runScenario(io.cucumber.testng.PickleWrapper,io.cucumber.testng.FeatureWrapper)[pri:0, instance:testRunner.TestRunner@2e9fda69]" started-at="2025-06-28T04:17:47 CDT" name="runScenario" description="Runs Cucumber Scenarios" data-provider="scenarios" finished-at="2025-06-28T04:18:43 CDT" duration-ms="56243" status="PASS">
          <params>
            <param index="0">
              <value>
                <![CDATA["Verify Terms and Privacy message is displayed"]]>
              </value>
            </param>
            <param index="1">
              <value>
                <![CDATA["Login Page UI Verification"]]>
              </value>
            </param>
          </params>
          <reporter-output>
          </reporter-output>
        </test-method> <!-- runScenario -->
        <test-method signature="runScenario(io.cucumber.testng.PickleWrapper,io.cucumber.testng.FeatureWrapper)[pri:0, instance:testRunner.TestRunner@2e9fda69]" started-at="2025-06-28T04:17:47 CDT" name="runScenario" description="Runs Cucumber Scenarios" data-provider="scenarios" finished-at="2025-06-28T04:18:43 CDT" duration-ms="56493" status="PASS">
          <params>
            <param index="0">
              <value>
                <![CDATA["Verify email input field"]]>
              </value>
            </param>
            <param index="1">
              <value>
                <![CDATA["Login Page UI Verification"]]>
              </value>
            </param>
          </params>
          <reporter-output>
          </reporter-output>
        </test-method> <!-- runScenario -->
        <test-method signature="runScenario(io.cucumber.testng.PickleWrapper,io.cucumber.testng.FeatureWrapper)[pri:0, instance:testRunner.TestRunner@2e9fda69]" started-at="2025-06-28T04:17:47 CDT" name="runScenario" description="Runs Cucumber Scenarios" data-provider="scenarios" finished-at="2025-06-28T04:18:43 CDT" duration-ms="55797" status="PASS">
          <params>
            <param index="0">
              <value>
                <![CDATA["Verify presence of close button"]]>
              </value>
            </param>
            <param index="1">
              <value>
                <![CDATA["Login Page UI Verification"]]>
              </value>
            </param>
          </params>
          <reporter-output>
          </reporter-output>
        </test-method> <!-- runScenario -->
        <test-method signature="runScenario(io.cucumber.testng.PickleWrapper,io.cucumber.testng.FeatureWrapper)[pri:0, instance:testRunner.TestRunner@2e9fda69]" started-at="2025-06-28T04:17:47 CDT" name="runScenario" description="Runs Cucumber Scenarios" data-provider="scenarios" finished-at="2025-06-28T04:18:43 CDT" duration-ms="55950" status="PASS">
          <params>
            <param index="0">
              <value>
                <![CDATA["Verify login form header is displayed"]]>
              </value>
            </param>
            <param index="1">
              <value>
                <![CDATA["Login Page UI Verification"]]>
              </value>
            </param>
          </params>
          <reporter-output>
          </reporter-output>
        </test-method> <!-- runScenario -->
        <test-method signature="runScenario(io.cucumber.testng.PickleWrapper,io.cucumber.testng.FeatureWrapper)[pri:0, instance:testRunner.TestRunner@2e9fda69]" started-at="2025-06-28T04:17:47 CDT" name="runScenario" description="Runs Cucumber Scenarios" data-provider="scenarios" finished-at="2025-06-28T04:18:43 CDT" duration-ms="56274" status="PASS">
          <params>
            <param index="0">
              <value>
                <![CDATA["Verify OR separator is displayed"]]>
              </value>
            </param>
            <param index="1">
              <value>
                <![CDATA["Login Page UI Verification"]]>
              </value>
            </param>
          </params>
          <reporter-output>
          </reporter-output>
        </test-method> <!-- runScenario -->
        <test-method signature="runScenario(io.cucumber.testng.PickleWrapper,io.cucumber.testng.FeatureWrapper)[pri:0, instance:testRunner.TestRunner@2e9fda69]" started-at="2025-06-28T04:17:47 CDT" name="runScenario" description="Runs Cucumber Scenarios" data-provider="scenarios" finished-at="2025-06-28T04:18:44 CDT" duration-ms="57302" status="PASS">
          <params>
            <param index="0">
              <value>
                <![CDATA["Verify Continue with Email is enabled"]]>
              </value>
            </param>
            <param index="1">
              <value>
                <![CDATA["Login Page UI Verification"]]>
              </value>
            </param>
          </params>
          <reporter-output>
          </reporter-output>
        </test-method> <!-- runScenario -->
        <test-method is-config="true" signature="tearDownClass()[pri:0, instance:testRunner.TestRunner@2e9fda69]" started-at="2025-06-28T04:18:44 CDT" name="tearDownClass" finished-at="2025-06-28T04:18:45 CDT" duration-ms="380" status="PASS">
          <reporter-output>
          </reporter-output>
        </test-method> <!-- tearDownClass -->
      </class> <!-- testRunner.TestRunner -->
    </test> <!-- TestFirefox -->
    <test started-at="2025-06-28T04:18:45 CDT" name="TestEdge" finished-at="2025-06-28T04:19:18 CDT" duration-ms="33306">
      <class name="testRunner.TestRunner">
        <test-method is-config="true" signature="defineBrowser(java.lang.String)[pri:0, instance:testRunner.TestRunner@1ae67cad]" started-at="2025-06-28T04:18:45 CDT" name="defineBrowser" finished-at="2025-06-28T04:18:45 CDT" duration-ms="1" status="PASS">
          <params>
            <param index="0">
              <value>
                <![CDATA[edge]]>
              </value>
            </param>
          </params>
          <reporter-output>
          </reporter-output>
        </test-method> <!-- defineBrowser -->
        <test-method is-config="true" signature="setUpClass(org.testng.ITestContext)[pri:0, instance:testRunner.TestRunner@1ae67cad]" started-at="2025-06-28T04:18:45 CDT" name="setUpClass" finished-at="2025-06-28T04:18:45 CDT" duration-ms="56" status="PASS">
          <params>
            <param index="0">
              <value>
                <![CDATA[org.testng.TestRunner@1039bfc4]]>
              </value>
            </param>
          </params>
          <reporter-output>
          </reporter-output>
        </test-method> <!-- setUpClass -->
        <test-method signature="runScenario(io.cucumber.testng.PickleWrapper,io.cucumber.testng.FeatureWrapper)[pri:0, instance:testRunner.TestRunner@1ae67cad]" started-at="2025-06-28T04:18:45 CDT" name="runScenario" description="Runs Cucumber Scenarios" data-provider="scenarios" finished-at="2025-06-28T04:19:18 CDT" duration-ms="33201" status="PASS">
          <params>
            <param index="0">
              <value>
                <![CDATA["Verify login form header is displayed"]]>
              </value>
            </param>
            <param index="1">
              <value>
                <![CDATA["Login Page UI Verification"]]>
              </value>
            </param>
          </params>
          <reporter-output>
          </reporter-output>
        </test-method> <!-- runScenario -->
        <test-method signature="runScenario(io.cucumber.testng.PickleWrapper,io.cucumber.testng.FeatureWrapper)[pri:0, instance:testRunner.TestRunner@1ae67cad]" started-at="2025-06-28T04:18:45 CDT" name="runScenario" description="Runs Cucumber Scenarios" data-provider="scenarios" finished-at="2025-06-28T04:19:18 CDT" duration-ms="33035" status="PASS">
          <params>
            <param index="0">
              <value>
                <![CDATA["Verify sub text of the header is displayed"]]>
              </value>
            </param>
            <param index="1">
              <value>
                <![CDATA["Login Page UI Verification"]]>
              </value>
            </param>
          </params>
          <reporter-output>
          </reporter-output>
        </test-method> <!-- runScenario -->
        <test-method signature="runScenario(io.cucumber.testng.PickleWrapper,io.cucumber.testng.FeatureWrapper)[pri:0, instance:testRunner.TestRunner@1ae67cad]" started-at="2025-06-28T04:18:45 CDT" name="runScenario" description="Runs Cucumber Scenarios" data-provider="scenarios" finished-at="2025-06-28T04:19:17 CDT" duration-ms="32584" status="PASS">
          <params>
            <param index="0">
              <value>
                <![CDATA["Verify Continue with Email button is displayed"]]>
              </value>
            </param>
            <param index="1">
              <value>
                <![CDATA["Login Page UI Verification"]]>
              </value>
            </param>
          </params>
          <reporter-output>
          </reporter-output>
        </test-method> <!-- runScenario -->
        <test-method signature="runScenario(io.cucumber.testng.PickleWrapper,io.cucumber.testng.FeatureWrapper)[pri:0, instance:testRunner.TestRunner@1ae67cad]" started-at="2025-06-28T04:18:45 CDT" name="runScenario" description="Runs Cucumber Scenarios" data-provider="scenarios" finished-at="2025-06-28T04:19:15 CDT" duration-ms="29694" status="PASS">
          <params>
            <param index="0">
              <value>
                <![CDATA["Verify Continue with Google button is displayed"]]>
              </value>
            </param>
            <param index="1">
              <value>
                <![CDATA["Login Page UI Verification"]]>
              </value>
            </param>
          </params>
          <reporter-output>
          </reporter-output>
        </test-method> <!-- runScenario -->
        <test-method signature="runScenario(io.cucumber.testng.PickleWrapper,io.cucumber.testng.FeatureWrapper)[pri:0, instance:testRunner.TestRunner@1ae67cad]" started-at="2025-06-28T04:18:45 CDT" name="runScenario" description="Runs Cucumber Scenarios" data-provider="scenarios" finished-at="2025-06-28T04:19:17 CDT" duration-ms="32319" status="PASS">
          <params>
            <param index="0">
              <value>
                <![CDATA["Verify OR separator is displayed"]]>
              </value>
            </param>
            <param index="1">
              <value>
                <![CDATA["Login Page UI Verification"]]>
              </value>
            </param>
          </params>
          <reporter-output>
          </reporter-output>
        </test-method> <!-- runScenario -->
        <test-method signature="runScenario(io.cucumber.testng.PickleWrapper,io.cucumber.testng.FeatureWrapper)[pri:0, instance:testRunner.TestRunner@1ae67cad]" started-at="2025-06-28T04:18:45 CDT" name="runScenario" description="Runs Cucumber Scenarios" data-provider="scenarios" finished-at="2025-06-28T04:19:17 CDT" duration-ms="32569" status="PASS">
          <params>
            <param index="0">
              <value>
                <![CDATA["Verify presence of close button"]]>
              </value>
            </param>
            <param index="1">
              <value>
                <![CDATA["Login Page UI Verification"]]>
              </value>
            </param>
          </params>
          <reporter-output>
          </reporter-output>
        </test-method> <!-- runScenario -->
        <test-method signature="runScenario(io.cucumber.testng.PickleWrapper,io.cucumber.testng.FeatureWrapper)[pri:0, instance:testRunner.TestRunner@1ae67cad]" started-at="2025-06-28T04:18:45 CDT" name="runScenario" description="Runs Cucumber Scenarios" data-provider="scenarios" finished-at="2025-06-28T04:19:18 CDT" duration-ms="32803" status="PASS">
          <params>
            <param index="0">
              <value>
                <![CDATA["Verify Terms and Privacy message is displayed"]]>
              </value>
            </param>
            <param index="1">
              <value>
                <![CDATA["Login Page UI Verification"]]>
              </value>
            </param>
          </params>
          <reporter-output>
          </reporter-output>
        </test-method> <!-- runScenario -->
        <test-method signature="runScenario(io.cucumber.testng.PickleWrapper,io.cucumber.testng.FeatureWrapper)[pri:0, instance:testRunner.TestRunner@1ae67cad]" started-at="2025-06-28T04:18:45 CDT" name="runScenario" description="Runs Cucumber Scenarios" data-provider="scenarios" finished-at="2025-06-28T04:19:15 CDT" duration-ms="29989" status="PASS">
          <params>
            <param index="0">
              <value>
                <![CDATA["Verify email input field"]]>
              </value>
            </param>
            <param index="1">
              <value>
                <![CDATA["Login Page UI Verification"]]>
              </value>
            </param>
          </params>
          <reporter-output>
          </reporter-output>
        </test-method> <!-- runScenario -->
        <test-method signature="runScenario(io.cucumber.testng.PickleWrapper,io.cucumber.testng.FeatureWrapper)[pri:0, instance:testRunner.TestRunner@1ae67cad]" started-at="2025-06-28T04:18:45 CDT" name="runScenario" description="Runs Cucumber Scenarios" data-provider="scenarios" finished-at="2025-06-28T04:19:17 CDT" duration-ms="32299" status="PASS">
          <params>
            <param index="0">
              <value>
                <![CDATA["Verify Continue with Email is enabled"]]>
              </value>
            </param>
            <param index="1">
              <value>
                <![CDATA["Login Page UI Verification"]]>
              </value>
            </param>
          </params>
          <reporter-output>
          </reporter-output>
        </test-method> <!-- runScenario -->
        <test-method signature="runScenario(io.cucumber.testng.PickleWrapper,io.cucumber.testng.FeatureWrapper)[pri:0, instance:testRunner.TestRunner@1ae67cad]" started-at="2025-06-28T04:18:45 CDT" name="runScenario" description="Runs Cucumber Scenarios" data-provider="scenarios" finished-at="2025-06-28T04:19:17 CDT" duration-ms="32404" status="PASS">
          <params>
            <param index="0">
              <value>
                <![CDATA["Verify placeholder text in email field"]]>
              </value>
            </param>
            <param index="1">
              <value>
                <![CDATA["Login Page UI Verification"]]>
              </value>
            </param>
          </params>
          <reporter-output>
          </reporter-output>
        </test-method> <!-- runScenario -->
        <test-method is-config="true" signature="tearDownClass()[pri:0, instance:testRunner.TestRunner@1ae67cad]" started-at="2025-06-28T04:19:18 CDT" name="tearDownClass" finished-at="2025-06-28T04:19:18 CDT" duration-ms="41" status="PASS">
          <reporter-output>
          </reporter-output>
        </test-method> <!-- tearDownClass -->
      </class> <!-- testRunner.TestRunner -->
    </test> <!-- TestEdge -->
    <test started-at="2025-06-28T04:19:18 CDT" name="TestChrome" finished-at="2025-06-28T04:19:42 CDT" duration-ms="24259">
      <class name="testRunner.TestRunner">
        <test-method is-config="true" signature="defineBrowser(java.lang.String)[pri:0, instance:testRunner.TestRunner@7c098bb3]" started-at="2025-06-28T04:19:18 CDT" name="defineBrowser" finished-at="2025-06-28T04:19:18 CDT" duration-ms="2" status="PASS">
          <params>
            <param index="0">
              <value>
                <![CDATA[chrome]]>
              </value>
            </param>
          </params>
          <reporter-output>
          </reporter-output>
        </test-method> <!-- defineBrowser -->
        <test-method is-config="true" signature="setUpClass(org.testng.ITestContext)[pri:0, instance:testRunner.TestRunner@7c098bb3]" started-at="2025-06-28T04:19:18 CDT" name="setUpClass" finished-at="2025-06-28T04:19:18 CDT" duration-ms="31" status="PASS">
          <params>
            <param index="0">
              <value>
                <![CDATA[org.testng.TestRunner@7f85217c]]>
              </value>
            </param>
          </params>
          <reporter-output>
          </reporter-output>
        </test-method> <!-- setUpClass -->
        <test-method signature="runScenario(io.cucumber.testng.PickleWrapper,io.cucumber.testng.FeatureWrapper)[pri:0, instance:testRunner.TestRunner@7c098bb3]" started-at="2025-06-28T04:19:18 CDT" name="runScenario" description="Runs Cucumber Scenarios" data-provider="scenarios" finished-at="2025-06-28T04:19:42 CDT" duration-ms="23920" status="PASS">
          <params>
            <param index="0">
              <value>
                <![CDATA["Verify Continue with Email button is displayed"]]>
              </value>
            </param>
            <param index="1">
              <value>
                <![CDATA["Login Page UI Verification"]]>
              </value>
            </param>
          </params>
          <reporter-output>
          </reporter-output>
        </test-method> <!-- runScenario -->
        <test-method signature="runScenario(io.cucumber.testng.PickleWrapper,io.cucumber.testng.FeatureWrapper)[pri:0, instance:testRunner.TestRunner@7c098bb3]" started-at="2025-06-28T04:19:18 CDT" name="runScenario" description="Runs Cucumber Scenarios" data-provider="scenarios" finished-at="2025-06-28T04:19:42 CDT" duration-ms="23869" status="PASS">
          <params>
            <param index="0">
              <value>
                <![CDATA["Verify login form header is displayed"]]>
              </value>
            </param>
            <param index="1">
              <value>
                <![CDATA["Login Page UI Verification"]]>
              </value>
            </param>
          </params>
          <reporter-output>
          </reporter-output>
        </test-method> <!-- runScenario -->
        <test-method signature="runScenario(io.cucumber.testng.PickleWrapper,io.cucumber.testng.FeatureWrapper)[pri:0, instance:testRunner.TestRunner@7c098bb3]" started-at="2025-06-28T04:19:18 CDT" name="runScenario" description="Runs Cucumber Scenarios" data-provider="scenarios" finished-at="2025-06-28T04:19:42 CDT" duration-ms="23931" status="PASS">
          <params>
            <param index="0">
              <value>
                <![CDATA["Verify sub text of the header is displayed"]]>
              </value>
            </param>
            <param index="1">
              <value>
                <![CDATA["Login Page UI Verification"]]>
              </value>
            </param>
          </params>
          <reporter-output>
          </reporter-output>
        </test-method> <!-- runScenario -->
        <test-method signature="runScenario(io.cucumber.testng.PickleWrapper,io.cucumber.testng.FeatureWrapper)[pri:0, instance:testRunner.TestRunner@7c098bb3]" started-at="2025-06-28T04:19:18 CDT" name="runScenario" description="Runs Cucumber Scenarios" data-provider="scenarios" finished-at="2025-06-28T04:19:42 CDT" duration-ms="24023" status="PASS">
          <params>
            <param index="0">
              <value>
                <![CDATA["Verify Terms and Privacy message is displayed"]]>
              </value>
            </param>
            <param index="1">
              <value>
                <![CDATA["Login Page UI Verification"]]>
              </value>
            </param>
          </params>
          <reporter-output>
          </reporter-output>
        </test-method> <!-- runScenario -->
        <test-method signature="runScenario(io.cucumber.testng.PickleWrapper,io.cucumber.testng.FeatureWrapper)[pri:0, instance:testRunner.TestRunner@7c098bb3]" started-at="2025-06-28T04:19:18 CDT" name="runScenario" description="Runs Cucumber Scenarios" data-provider="scenarios" finished-at="2025-06-28T04:19:42 CDT" duration-ms="23953" status="PASS">
          <params>
            <param index="0">
              <value>
                <![CDATA["Verify Continue with Google button is displayed"]]>
              </value>
            </param>
            <param index="1">
              <value>
                <![CDATA["Login Page UI Verification"]]>
              </value>
            </param>
          </params>
          <reporter-output>
          </reporter-output>
        </test-method> <!-- runScenario -->
        <test-method signature="runScenario(io.cucumber.testng.PickleWrapper,io.cucumber.testng.FeatureWrapper)[pri:0, instance:testRunner.TestRunner@7c098bb3]" started-at="2025-06-28T04:19:18 CDT" name="runScenario" description="Runs Cucumber Scenarios" data-provider="scenarios" finished-at="2025-06-28T04:19:42 CDT" duration-ms="23990" status="PASS">
          <params>
            <param index="0">
              <value>
                <![CDATA["Verify presence of close button"]]>
              </value>
            </param>
            <param index="1">
              <value>
                <![CDATA["Login Page UI Verification"]]>
              </value>
            </param>
          </params>
          <reporter-output>
          </reporter-output>
        </test-method> <!-- runScenario -->
        <test-method signature="runScenario(io.cucumber.testng.PickleWrapper,io.cucumber.testng.FeatureWrapper)[pri:0, instance:testRunner.TestRunner@7c098bb3]" started-at="2025-06-28T04:19:18 CDT" name="runScenario" description="Runs Cucumber Scenarios" data-provider="scenarios" finished-at="2025-06-28T04:19:42 CDT" duration-ms="24156" status="PASS">
          <params>
            <param index="0">
              <value>
                <![CDATA["Verify OR separator is displayed"]]>
              </value>
            </param>
            <param index="1">
              <value>
                <![CDATA["Login Page UI Verification"]]>
              </value>
            </param>
          </params>
          <reporter-output>
          </reporter-output>
        </test-method> <!-- runScenario -->
        <test-method signature="runScenario(io.cucumber.testng.PickleWrapper,io.cucumber.testng.FeatureWrapper)[pri:0, instance:testRunner.TestRunner@7c098bb3]" started-at="2025-06-28T04:19:18 CDT" name="runScenario" description="Runs Cucumber Scenarios" data-provider="scenarios" finished-at="2025-06-28T04:19:42 CDT" duration-ms="23907" status="PASS">
          <params>
            <param index="0">
              <value>
                <![CDATA["Verify email input field"]]>
              </value>
            </param>
            <param index="1">
              <value>
                <![CDATA["Login Page UI Verification"]]>
              </value>
            </param>
          </params>
          <reporter-output>
          </reporter-output>
        </test-method> <!-- runScenario -->
        <test-method signature="runScenario(io.cucumber.testng.PickleWrapper,io.cucumber.testng.FeatureWrapper)[pri:0, instance:testRunner.TestRunner@7c098bb3]" started-at="2025-06-28T04:19:18 CDT" name="runScenario" description="Runs Cucumber Scenarios" data-provider="scenarios" finished-at="2025-06-28T04:19:42 CDT" duration-ms="23517" status="PASS">
          <params>
            <param index="0">
              <value>
                <![CDATA["Verify placeholder text in email field"]]>
              </value>
            </param>
            <param index="1">
              <value>
                <![CDATA["Login Page UI Verification"]]>
              </value>
            </param>
          </params>
          <reporter-output>
          </reporter-output>
        </test-method> <!-- runScenario -->
        <test-method signature="runScenario(io.cucumber.testng.PickleWrapper,io.cucumber.testng.FeatureWrapper)[pri:0, instance:testRunner.TestRunner@7c098bb3]" started-at="2025-06-28T04:19:18 CDT" name="runScenario" description="Runs Cucumber Scenarios" data-provider="scenarios" finished-at="2025-06-28T04:19:42 CDT" duration-ms="23994" status="PASS">
          <params>
            <param index="0">
              <value>
                <![CDATA["Verify Continue with Email is enabled"]]>
              </value>
            </param>
            <param index="1">
              <value>
                <![CDATA["Login Page UI Verification"]]>
              </value>
            </param>
          </params>
          <reporter-output>
          </reporter-output>
        </test-method> <!-- runScenario -->
        <test-method is-config="true" signature="tearDownClass()[pri:0, instance:testRunner.TestRunner@7c098bb3]" started-at="2025-06-28T04:19:42 CDT" name="tearDownClass" finished-at="2025-06-28T04:19:42 CDT" duration-ms="56" status="PASS">
          <reporter-output>
          </reporter-output>
        </test-method> <!-- tearDownClass -->
      </class> <!-- testRunner.TestRunner -->
    </test> <!-- TestChrome -->
  </suite> <!-- Suite -->
</testng-results>
